{"D:\\CLAUDE\\licsence-key-shop\\apps\\backend\\src\\app.controller.ts": {"path":"D:\\CLAUDE\\licsence-key-shop\\apps\\backend\\src\\app.controller.ts","statementMap":{"0":{"start":{"line":1,"column":0},"end":{"line":1,"column":49}},"1":{"start":{"line":2,"column":0},"end":{"line":2,"column":43}},"2":{"start":{"line":5,"column":7},"end":{"line":12,"column":null}},"3":{"start":{"line":6,"column":31},"end":{"line":6,"column":43}},"4":{"start":{"line":10,"column":4},"end":{"line":10,"column":38}},"5":{"start":{"line":5,"column":13},"end":{"line":5,"column":26}},"6":{"start":{"line":9,"column":2},"end":{"line":11,"column":null}},"7":{"start":{"line":5,"column":13},"end":{"line":12,"column":null}}},"fnMap":{"0":{"name":"(anonymous_2)","decl":{"start":{"line":6,"column":2},"end":{"line":6,"column":31}},"loc":{"start":{"line":6,"column":53},"end":{"line":6,"column":57}}},"1":{"name":"(anonymous_3)","decl":{"start":{"line":9,"column":2},"end":{"line":9,"column":10}},"loc":{"start":{"line":9,"column":10},"end":{"line":11,"column":3}}}},"branchMap":{"0":{"loc":{"start":{"line":6,"column":43},"end":{"line":6,"column":56}},"type":"cond-expr","locations":[{"start":{"line":6,"column":53},"end":{"line":6,"column":56}},{"start":{"line":6,"column":53},"end":{"line":6,"column":56}}]},"1":{"loc":{"start":{"line":6,"column":43},"end":{"line":6,"column":53}},"type":"binary-expr","locations":[{"start":{"line":6,"column":43},"end":{"line":6,"column":56}},{"start":{"line":6,"column":43},"end":{"line":6,"column":53}}]}},"s":{"0":1,"1":1,"2":1,"3":1,"4":1,"5":1,"6":1,"7":1},"f":{"0":1,"1":1},"b":{"0":[1,0],"1":[1,1]}}
,"D:\\CLAUDE\\licsence-key-shop\\apps\\backend\\src\\app.module.ts": {"path":"D:\\CLAUDE\\licsence-key-shop\\apps\\backend\\src\\app.module.ts","statementMap":{"0":{"start":{"line":1,"column":0},"end":{"line":1,"column":40}},"1":{"start":{"line":2,"column":0},"end":{"line":2,"column":46}},"2":{"start":{"line":3,"column":0},"end":{"line":3,"column":52}},"3":{"start":{"line":4,"column":0},"end":{"line":4,"column":49}},"4":{"start":{"line":5,"column":0},"end":{"line":5,"column":43}},"5":{"start":{"line":6,"column":0},"end":{"line":6,"column":64}},"6":{"start":{"line":7,"column":0},"end":{"line":7,"column":68}},"7":{"start":{"line":8,"column":0},"end":{"line":8,"column":59}},"8":{"start":{"line":9,"column":0},"end":{"line":9,"column":62}},"9":{"start":{"line":10,"column":0},"end":{"line":10,"column":57}},"10":{"start":{"line":11,"column":0},"end":{"line":11,"column":59}},"11":{"start":{"line":12,"column":0},"end":{"line":12,"column":79}},"12":{"start":{"line":13,"column":0},"end":{"line":13,"column":68}},"13":{"start":{"line":14,"column":0},"end":{"line":14,"column":68}},"14":{"start":{"line":15,"column":0},"end":{"line":15,"column":67}},"15":{"start":{"line":16,"column":0},"end":{"line":16,"column":74}},"16":{"start":{"line":17,"column":0},"end":{"line":17,"column":68}},"17":{"start":{"line":57,"column":7},"end":{"line":57,"column":null}},"18":{"start":{"line":57,"column":13},"end":{"line":57,"column":22}},"19":{"start":{"line":57,"column":13},"end":{"line":57,"column":null}}},"fnMap":{},"branchMap":{},"s":{"0":0,"1":0,"2":0,"3":0,"4":0,"5":0,"6":0,"7":0,"8":0,"9":0,"10":0,"11":0,"12":0,"13":0,"14":0,"15":0,"16":0,"17":0,"18":0,"19":0},"f":{},"b":{}}
,"D:\\CLAUDE\\licsence-key-shop\\apps\\backend\\src\\app.service.ts": {"path":"D:\\CLAUDE\\licsence-key-shop\\apps\\backend\\src\\app.service.ts","statementMap":{"0":{"start":{"line":1,"column":0},"end":{"line":1,"column":44}},"1":{"start":{"line":4,"column":7},"end":{"line":8,"column":null}},"2":{"start":{"line":6,"column":4},"end":{"line":6,"column":26}},"3":{"start":{"line":4,"column":13},"end":{"line":4,"column":23}},"4":{"start":{"line":4,"column":13},"end":{"line":8,"column":null}}},"fnMap":{"0":{"name":"(anonymous_1)","decl":{"start":{"line":5,"column":2},"end":{"line":5,"column":10}},"loc":{"start":{"line":5,"column":10},"end":{"line":7,"column":3}}}},"branchMap":{},"s":{"0":1,"1":1,"2":1,"3":1,"4":1},"f":{"0":1},"b":{}}
,"D:\\CLAUDE\\licsence-key-shop\\apps\\backend\\src\\main.ts": {"path":"D:\\CLAUDE\\licsence-key-shop\\apps\\backend\\src\\main.ts","statementMap":{"0":{"start":{"line":1,"column":0},"end":{"line":1,"column":43}},"1":{"start":{"line":2,"column":0},"end":{"line":2,"column":56}},"2":{"start":{"line":3,"column":0},"end":{"line":3,"column":65}},"3":{"start":{"line":4,"column":0},"end":{"line":4,"column":41}},"4":{"start":{"line":5,"column":0},"end":{"line":5,"column":48}},"5":{"start":{"line":6,"column":0},"end":{"line":6,"column":28}},"6":{"start":{"line":9,"column":17},"end":{"line":9,"column":40}},"7":{"start":{"line":11,"column":14},"end":{"line":13,"column":4}},"8":{"start":{"line":16,"column":2},"end":{"line":16,"column":34}},"9":{"start":{"line":19,"column":2},"end":{"line":31,"column":4}},"10":{"start":{"line":34,"column":22},"end":{"line":34,"column":73}},"11":{"start":{"line":35,"column":2},"end":{"line":40,"column":5}},"12":{"start":{"line":43,"column":2},"end":{"line":52,"column":4}},"13":{"start":{"line":55,"column":17},"end":{"line":72,"column":12}},"14":{"start":{"line":74,"column":19},"end":{"line":74,"column":60}},"15":{"start":{"line":75,"column":2},"end":{"line":75,"column":49}},"16":{"start":{"line":77,"column":15},"end":{"line":77,"column":39}},"17":{"start":{"line":78,"column":2},"end":{"line":78,"column":25}},"18":{"start":{"line":80,"column":2},"end":{"line":80,"column":82}},"19":{"start":{"line":81,"column":2},"end":{"line":81,"column":69}},"20":{"start":{"line":82,"column":2},"end":{"line":82,"column":53}},"21":{"start":{"line":83,"column":2},"end":{"line":83,"column":49}},"22":{"start":{"line":86,"column":0},"end":{"line":86,"column":12}}},"fnMap":{"0":{"name":"bootstrap","decl":{"start":{"line":8,"column":15},"end":{"line":8,"column":24}},"loc":{"start":{"line":8,"column":24},"end":{"line":84,"column":1}}}},"branchMap":{"0":{"loc":{"start":{"line":34,"column":22},"end":{"line":34,"column":73}},"type":"binary-expr","locations":[{"start":{"line":34,"column":22},"end":{"line":34,"column":46}},{"start":{"line":34,"column":50},"end":{"line":34,"column":73}}]},"1":{"loc":{"start":{"line":77,"column":15},"end":{"line":77,"column":39}},"type":"binary-expr","locations":[{"start":{"line":77,"column":15},"end":{"line":77,"column":31}},{"start":{"line":77,"column":35},"end":{"line":77,"column":39}}]}},"s":{"0":0,"1":0,"2":0,"3":0,"4":0,"5":0,"6":0,"7":0,"8":0,"9":0,"10":0,"11":0,"12":0,"13":0,"14":0,"15":0,"16":0,"17":0,"18":0,"19":0,"20":0,"21":0,"22":0},"f":{"0":0},"b":{"0":[0,0],"1":[0,0]}}
,"D:\\CLAUDE\\licsence-key-shop\\apps\\backend\\src\\common\\constants.ts": {"path":"D:\\CLAUDE\\licsence-key-shop\\apps\\backend\\src\\common\\constants.ts","statementMap":{"0":{"start":{"line":5,"column":13},"end":{"line":5,"column":47}},"1":{"start":{"line":6,"column":13},"end":{"line":6,"column":32}},"2":{"start":{"line":7,"column":13},"end":{"line":7,"column":32}},"3":{"start":{"line":10,"column":13},"end":{"line":10,"column":43}},"4":{"start":{"line":11,"column":13},"end":{"line":11,"column":44}},"5":{"start":{"line":14,"column":13},"end":{"line":19,"column":2}},"6":{"start":{"line":22,"column":13},"end":{"line":22,"column":56}},"7":{"start":{"line":23,"column":13},"end":{"line":23,"column":37}}},"fnMap":{},"branchMap":{},"s":{"0":0,"1":0,"2":0,"3":0,"4":0,"5":0,"6":0,"7":0},"f":{},"b":{}}
,"D:\\CLAUDE\\licsence-key-shop\\apps\\backend\\src\\common\\config\\config.module.ts": {"path":"D:\\CLAUDE\\licsence-key-shop\\apps\\backend\\src\\common\\config\\config.module.ts","statementMap":{"0":{"start":{"line":5,"column":0},"end":{"line":5,"column":40}},"1":{"start":{"line":6,"column":0},"end":{"line":6,"column":46}},"2":{"start":{"line":7,"column":0},"end":{"line":7,"column":62}},"3":{"start":{"line":23,"column":7},"end":{"line":23,"column":null}},"4":{"start":{"line":23,"column":13},"end":{"line":23,"column":28}},"5":{"start":{"line":23,"column":13},"end":{"line":23,"column":null}}},"fnMap":{},"branchMap":{},"s":{"0":0,"1":0,"2":0,"3":0,"4":0,"5":0},"f":{},"b":{}}
,"D:\\CLAUDE\\licsence-key-shop\\apps\\backend\\src\\common\\config\\env-validation.schema.ts": {"path":"D:\\CLAUDE\\licsence-key-shop\\apps\\backend\\src\\common\\config\\env-validation.schema.ts","statementMap":{"0":{"start":{"line":6,"column":0},"end":{"line":6,"column":78}},"1":{"start":{"line":8,"column":0},"end":{"line":8,"column":13}},"2":{"start":{"line":11,"column":2},"end":{"line":11,"column":null}},"3":{"start":{"line":15,"column":2},"end":{"line":15,"column":null}},"4":{"start":{"line":19,"column":2},"end":{"line":19,"column":null}},"5":{"start":{"line":23,"column":2},"end":{"line":23,"column":null}},"6":{"start":{"line":27,"column":2},"end":{"line":27,"column":null}},"7":{"start":{"line":30,"column":2},"end":{"line":30,"column":null}},"8":{"start":{"line":34,"column":2},"end":{"line":34,"column":null}},"9":{"start":{"line":38,"column":2},"end":{"line":38,"column":null}},"10":{"start":{"line":41,"column":2},"end":{"line":41,"column":null}},"11":{"start":{"line":45,"column":2},"end":{"line":45,"column":null}},"12":{"start":{"line":49,"column":2},"end":{"line":49,"column":null}},"13":{"start":{"line":53,"column":2},"end":{"line":53,"column":null}},"14":{"start":{"line":57,"column":2},"end":{"line":57,"column":null}},"15":{"start":{"line":60,"column":2},"end":{"line":60,"column":null}},"16":{"start":{"line":63,"column":2},"end":{"line":63,"column":null}},"17":{"start":{"line":68,"column":2},"end":{"line":68,"column":null}},"18":{"start":{"line":72,"column":2},"end":{"line":72,"column":null}},"19":{"start":{"line":76,"column":2},"end":{"line":76,"column":null}},"20":{"start":{"line":79,"column":2},"end":{"line":79,"column":null}}},"fnMap":{},"branchMap":{},"s":{"0":0,"1":0,"2":0,"3":0,"4":0,"5":0,"6":0,"7":0,"8":0,"9":0,"10":0,"11":0,"12":0,"13":0,"14":0,"15":0,"16":0,"17":0,"18":0,"19":0,"20":0},"f":{},"b":{}}
,"D:\\CLAUDE\\licsence-key-shop\\apps\\backend\\src\\common\\decorators\\api-key.decorator.ts": {"path":"D:\\CLAUDE\\licsence-key-shop\\apps\\backend\\src\\common\\decorators\\api-key.decorator.ts","statementMap":{"0":{"start":{"line":1,"column":0},"end":{"line":1,"column":72}},"1":{"start":{"line":3,"column":13},"end":{"line":6,"column":3}},"2":{"start":{"line":4,"column":18},"end":{"line":4,"column":49}},"3":{"start":{"line":5,"column":2},"end":{"line":5,"column":24}}},"fnMap":{"0":{"name":"(anonymous_0)","decl":{"start":{"line":3,"column":43},"end":{"line":3,"column":44}},"loc":{"start":{"line":3,"column":84},"end":{"line":6,"column":1}}}},"branchMap":{},"s":{"0":0,"1":0,"2":0,"3":0},"f":{"0":0},"b":{}}
,"D:\\CLAUDE\\licsence-key-shop\\apps\\backend\\src\\common\\decorators\\roles.decorator.ts": {"path":"D:\\CLAUDE\\licsence-key-shop\\apps\\backend\\src\\common\\decorators\\roles.decorator.ts","statementMap":{"0":{"start":{"line":1,"column":0},"end":{"line":1,"column":45}},"1":{"start":{"line":7,"column":13},"end":{"line":7,"column":33}},"2":{"start":{"line":8,"column":21},"end":{"line":8,"column":74}},"3":{"start":{"line":8,"column":45},"end":{"line":8,"column":74}},"4":{"start":{"line":8,"column":13},"end":{"line":8,"column":21}}},"fnMap":{"0":{"name":"(anonymous_0)","decl":{"start":{"line":8,"column":21},"end":{"line":8,"column":22}},"loc":{"start":{"line":8,"column":45},"end":{"line":8,"column":74}}}},"branchMap":{},"s":{"0":0,"1":0,"2":0,"3":0,"4":0},"f":{"0":0},"b":{}}
,"D:\\CLAUDE\\licsence-key-shop\\apps\\backend\\src\\common\\filters\\security-exception.filter.ts": {"path":"D:\\CLAUDE\\licsence-key-shop\\apps\\backend\\src\\common\\filters\\security-exception.filter.ts","statementMap":{"0":{"start":{"line":1,"column":0},"end":{"line":1,"column":null}},"1":{"start":{"line":12,"column":36},"end":{"line":47,"column":null}},"2":{"start":{"line":13,"column":28},"end":{"line":13,"column":68}},"3":{"start":{"line":16,"column":16},"end":{"line":16,"column":35}},"4":{"start":{"line":17,"column":21},"end":{"line":17,"column":48}},"5":{"start":{"line":18,"column":20},"end":{"line":18,"column":36}},"6":{"start":{"line":20,"column":19},"end":{"line":20,"column":40}},"7":{"start":{"line":21,"column":30},"end":{"line":21,"column":53}},"8":{"start":{"line":24,"column":6},"end":{"line":26,"column":39}},"9":{"start":{"line":29,"column":4},"end":{"line":38,"column":5}},"10":{"start":{"line":30,"column":6},"end":{"line":37,"column":9}},"11":{"start":{"line":40,"column":4},"end":{"line":45,"column":7}},"12":{"start":{"line":12,"column":13},"end":{"line":12,"column":36}},"13":{"start":{"line":12,"column":13},"end":{"line":47,"column":null}}},"fnMap":{"0":{"name":"(anonymous_1)","decl":{"start":{"line":15,"column":2},"end":{"line":15,"column":7}},"loc":{"start":{"line":15,"column":53},"end":{"line":46,"column":3}}}},"branchMap":{"0":{"loc":{"start":{"line":24,"column":6},"end":{"line":26,"column":39}},"type":"cond-expr","locations":[{"start":{"line":25,"column":10},"end":{"line":25,"column":40}},{"start":{"line":26,"column":11},"end":{"line":26,"column":39}}]},"1":{"loc":{"start":{"line":29,"column":4},"end":{"line":38,"column":5}},"type":"if","locations":[{"start":{"line":29,"column":4},"end":{"line":38,"column":5}},{"start":{},"end":{}}]},"2":{"loc":{"start":{"line":29,"column":8},"end":{"line":29,"column":77}},"type":"binary-expr","locations":[{"start":{"line":29,"column":8},"end":{"line":29,"column":39}},{"start":{"line":29,"column":43},"end":{"line":29,"column":77}}]}},"s":{"0":0,"1":0,"2":0,"3":0,"4":0,"5":0,"6":0,"7":0,"8":0,"9":0,"10":0,"11":0,"12":0,"13":0},"f":{"0":0},"b":{"0":[0,0],"1":[0,0],"2":[0,0]}}
,"D:\\CLAUDE\\licsence-key-shop\\apps\\backend\\src\\common\\guards\\admin.guard.ts": {"path":"D:\\CLAUDE\\licsence-key-shop\\apps\\backend\\src\\common\\guards\\admin.guard.ts","statementMap":{"0":{"start":{"line":1,"column":0},"end":{"line":1,"column":95}},"1":{"start":{"line":2,"column":0},"end":{"line":2,"column":41}},"2":{"start":{"line":9,"column":7},"end":{"line":26,"column":null}},"3":{"start":{"line":10,"column":31},"end":{"line":10,"column":42}},"4":{"start":{"line":13,"column":20},"end":{"line":13,"column":55}},"5":{"start":{"line":14,"column":17},"end":{"line":14,"column":29}},"6":{"start":{"line":16,"column":4},"end":{"line":18,"column":5}},"7":{"start":{"line":17,"column":6},"end":{"line":17,"column":61}},"8":{"start":{"line":20,"column":4},"end":{"line":22,"column":5}},"9":{"start":{"line":21,"column":6},"end":{"line":21,"column":73}},"10":{"start":{"line":24,"column":4},"end":{"line":24,"column":16}},"11":{"start":{"line":9,"column":13},"end":{"line":9,"column":23}},"12":{"start":{"line":9,"column":13},"end":{"line":26,"column":null}}},"fnMap":{"0":{"name":"(anonymous_2)","decl":{"start":{"line":10,"column":2},"end":{"line":10,"column":31}},"loc":{"start":{"line":10,"column":51},"end":{"line":10,"column":55}}},"1":{"name":"(anonymous_3)","decl":{"start":{"line":12,"column":2},"end":{"line":12,"column":13}},"loc":{"start":{"line":12,"column":39},"end":{"line":25,"column":3}}}},"branchMap":{"0":{"loc":{"start":{"line":16,"column":4},"end":{"line":18,"column":5}},"type":"if","locations":[{"start":{"line":16,"column":4},"end":{"line":18,"column":5}},{"start":{},"end":{}}]},"1":{"loc":{"start":{"line":20,"column":4},"end":{"line":22,"column":5}},"type":"if","locations":[{"start":{"line":20,"column":4},"end":{"line":22,"column":5}},{"start":{},"end":{}}]},"2":{"loc":{"start":{"line":10,"column":42},"end":{"line":10,"column":54}},"type":"cond-expr","locations":[{"start":{"line":10,"column":51},"end":{"line":10,"column":54}},{"start":{"line":10,"column":51},"end":{"line":10,"column":54}}]},"3":{"loc":{"start":{"line":10,"column":42},"end":{"line":10,"column":51}},"type":"binary-expr","locations":[{"start":{"line":10,"column":42},"end":{"line":10,"column":54}},{"start":{"line":10,"column":42},"end":{"line":10,"column":51}}]}},"s":{"0":0,"1":0,"2":0,"3":0,"4":0,"5":0,"6":0,"7":0,"8":0,"9":0,"10":0,"11":0,"12":0},"f":{"0":0,"1":0},"b":{"0":[0,0],"1":[0,0],"2":[0,0],"3":[0,0]}}
,"D:\\CLAUDE\\licsence-key-shop\\apps\\backend\\src\\common\\guards\\api-key.guard.ts": {"path":"D:\\CLAUDE\\licsence-key-shop\\apps\\backend\\src\\common\\guards\\api-key.guard.ts","statementMap":{"0":{"start":{"line":1,"column":0},"end":{"line":1,"column":106}},"1":{"start":{"line":2,"column":0},"end":{"line":2,"column":73}},"2":{"start":{"line":3,"column":0},"end":{"line":3,"column":36}},"3":{"start":{"line":6,"column":24},"end":{"line":40,"column":null}},"4":{"start":{"line":7,"column":28},"end":{"line":7,"column":56}},"5":{"start":{"line":9,"column":31},"end":{"line":9,"column":47}},"6":{"start":{"line":12,"column":20},"end":{"line":12,"column":55}},"7":{"start":{"line":13,"column":26},"end":{"line":13,"column":58}},"8":{"start":{"line":15,"column":4},"end":{"line":17,"column":5}},"9":{"start":{"line":16,"column":6},"end":{"line":16,"column":58}},"10":{"start":{"line":20,"column":18},"end":{"line":20,"column":42}},"11":{"start":{"line":21,"column":4},"end":{"line":23,"column":5}},"12":{"start":{"line":22,"column":6},"end":{"line":22,"column":93}},"13":{"start":{"line":25,"column":19},"end":{"line":25,"column":27}},"14":{"start":{"line":26,"column":20},"end":{"line":26,"column":69}},"15":{"start":{"line":28,"column":19},"end":{"line":28,"column":68}},"16":{"start":{"line":30,"column":4},"end":{"line":33,"column":5}},"17":{"start":{"line":31,"column":6},"end":{"line":31,"column":75}},"18":{"start":{"line":32,"column":6},"end":{"line":32,"column":57}},"19":{"start":{"line":36,"column":4},"end":{"line":36,"column":28}},"20":{"start":{"line":38,"column":4},"end":{"line":38,"column":16}},"21":{"start":{"line":6,"column":13},"end":{"line":6,"column":24}},"22":{"start":{"line":6,"column":13},"end":{"line":40,"column":null}}},"fnMap":{"0":{"name":"(anonymous_2)","decl":{"start":{"line":9,"column":2},"end":{"line":9,"column":31}},"loc":{"start":{"line":9,"column":61},"end":{"line":9,"column":65}}},"1":{"name":"(anonymous_3)","decl":{"start":{"line":11,"column":2},"end":{"line":11,"column":7}},"loc":{"start":{"line":11,"column":45},"end":{"line":39,"column":3}}}},"branchMap":{"0":{"loc":{"start":{"line":15,"column":4},"end":{"line":17,"column":5}},"type":"if","locations":[{"start":{"line":15,"column":4},"end":{"line":17,"column":5}},{"start":{},"end":{}}]},"1":{"loc":{"start":{"line":21,"column":4},"end":{"line":23,"column":5}},"type":"if","locations":[{"start":{"line":21,"column":4},"end":{"line":23,"column":5}},{"start":{},"end":{}}]},"2":{"loc":{"start":{"line":21,"column":8},"end":{"line":21,"column":65}},"type":"binary-expr","locations":[{"start":{"line":21,"column":8},"end":{"line":21,"column":26}},{"start":{"line":21,"column":30},"end":{"line":21,"column":65}}]},"3":{"loc":{"start":{"line":30,"column":4},"end":{"line":33,"column":5}},"type":"if","locations":[{"start":{"line":30,"column":4},"end":{"line":33,"column":5}},{"start":{},"end":{}}]},"4":{"loc":{"start":{"line":9,"column":47},"end":{"line":9,"column":64}},"type":"cond-expr","locations":[{"start":{"line":9,"column":61},"end":{"line":9,"column":64}},{"start":{"line":9,"column":61},"end":{"line":9,"column":64}}]},"5":{"loc":{"start":{"line":9,"column":47},"end":{"line":9,"column":61}},"type":"binary-expr","locations":[{"start":{"line":9,"column":47},"end":{"line":9,"column":64}},{"start":{"line":9,"column":47},"end":{"line":9,"column":61}}]}},"s":{"0":0,"1":0,"2":0,"3":0,"4":0,"5":0,"6":0,"7":0,"8":0,"9":0,"10":0,"11":0,"12":0,"13":0,"14":0,"15":0,"16":0,"17":0,"18":0,"19":0,"20":0,"21":0,"22":0},"f":{"0":0,"1":0},"b":{"0":[0,0],"1":[0,0],"2":[0,0],"3":[0,0],"4":[0,0],"5":[0,0]}}
,"D:\\CLAUDE\\licsence-key-shop\\apps\\backend\\src\\common\\guards\\clerk-auth.guard.ts": {"path":"D:\\CLAUDE\\licsence-key-shop\\apps\\backend\\src\\common\\guards\\clerk-auth.guard.ts","statementMap":{"0":{"start":{"line":1,"column":0},"end":{"line":1,"column":106}},"1":{"start":{"line":2,"column":0},"end":{"line":2,"column":64}},"2":{"start":{"line":3,"column":0},"end":{"line":3,"column":45}},"3":{"start":{"line":10,"column":27},"end":{"line":56,"column":null}},"4":{"start":{"line":11,"column":28},"end":{"line":11,"column":59}},"5":{"start":{"line":13,"column":31},"end":{"line":13,"column":45}},"6":{"start":{"line":16,"column":20},"end":{"line":16,"column":55}},"7":{"start":{"line":17,"column":23},"end":{"line":17,"column":52}},"8":{"start":{"line":19,"column":4},"end":{"line":22,"column":5}},"9":{"start":{"line":20,"column":6},"end":{"line":20,"column":55}},"10":{"start":{"line":21,"column":6},"end":{"line":21,"column":70}},"11":{"start":{"line":25,"column":18},"end":{"line":25,"column":51}},"12":{"start":{"line":27,"column":4},"end":{"line":30,"column":5}},"13":{"start":{"line":28,"column":6},"end":{"line":28,"column":55}},"14":{"start":{"line":29,"column":6},"end":{"line":29,"column":70}},"15":{"start":{"line":32,"column":4},"end":{"line":54,"column":5}},"16":{"start":{"line":34,"column":22},"end":{"line":36,"column":8}},"17":{"start":{"line":38,"column":6},"end":{"line":41,"column":7}},"18":{"start":{"line":39,"column":8},"end":{"line":39,"column":50}},"19":{"start":{"line":40,"column":8},"end":{"line":40,"column":57}},"20":{"start":{"line":44,"column":19},"end":{"line":44,"column":71}},"21":{"start":{"line":47,"column":6},"end":{"line":47,"column":26}},"22":{"start":{"line":48,"column":6},"end":{"line":48,"column":40}},"23":{"start":{"line":50,"column":6},"end":{"line":50,"column":18}},"24":{"start":{"line":52,"column":6},"end":{"line":52,"column":71}},"25":{"start":{"line":53,"column":6},"end":{"line":53,"column":66}},"26":{"start":{"line":10,"column":13},"end":{"line":10,"column":27}},"27":{"start":{"line":10,"column":13},"end":{"line":56,"column":null}}},"fnMap":{"0":{"name":"(anonymous_2)","decl":{"start":{"line":13,"column":2},"end":{"line":13,"column":31}},"loc":{"start":{"line":13,"column":57},"end":{"line":13,"column":61}}},"1":{"name":"(anonymous_3)","decl":{"start":{"line":15,"column":2},"end":{"line":15,"column":7}},"loc":{"start":{"line":15,"column":45},"end":{"line":55,"column":3}}}},"branchMap":{"0":{"loc":{"start":{"line":19,"column":4},"end":{"line":22,"column":5}},"type":"if","locations":[{"start":{"line":19,"column":4},"end":{"line":22,"column":5}},{"start":{},"end":{}}]},"1":{"loc":{"start":{"line":27,"column":4},"end":{"line":30,"column":5}},"type":"if","locations":[{"start":{"line":27,"column":4},"end":{"line":30,"column":5}},{"start":{},"end":{}}]},"2":{"loc":{"start":{"line":38,"column":6},"end":{"line":41,"column":7}},"type":"if","locations":[{"start":{"line":38,"column":6},"end":{"line":41,"column":7}},{"start":{},"end":{}}]},"3":{"loc":{"start":{"line":13,"column":45},"end":{"line":13,"column":60}},"type":"cond-expr","locations":[{"start":{"line":13,"column":57},"end":{"line":13,"column":60}},{"start":{"line":13,"column":57},"end":{"line":13,"column":60}}]},"4":{"loc":{"start":{"line":13,"column":45},"end":{"line":13,"column":57}},"type":"binary-expr","locations":[{"start":{"line":13,"column":45},"end":{"line":13,"column":60}},{"start":{"line":13,"column":45},"end":{"line":13,"column":57}}]}},"s":{"0":0,"1":0,"2":0,"3":0,"4":0,"5":0,"6":0,"7":0,"8":0,"9":0,"10":0,"11":0,"12":0,"13":0,"14":0,"15":0,"16":0,"17":0,"18":0,"19":0,"20":0,"21":0,"22":0,"23":0,"24":0,"25":0,"26":0,"27":0},"f":{"0":0,"1":0},"b":{"0":[0,0],"1":[0,0],"2":[0,0],"3":[0,0],"4":[0,0]}}
,"D:\\CLAUDE\\licsence-key-shop\\apps\\backend\\src\\common\\guards\\ip-block.guard.ts": {"path":"D:\\CLAUDE\\licsence-key-shop\\apps\\backend\\src\\common\\guards\\ip-block.guard.ts","statementMap":{"0":{"start":{"line":1,"column":0},"end":{"line":1,"column":null}},"1":{"start":{"line":8,"column":0},"end":{"line":8,"column":83}},"2":{"start":{"line":9,"column":0},"end":{"line":9,"column":77}},"3":{"start":{"line":12,"column":25},"end":{"line":60,"column":null}},"4":{"start":{"line":13,"column":28},"end":{"line":13,"column":57}},"5":{"start":{"line":16,"column":21},"end":{"line":16,"column":35}},"6":{"start":{"line":17,"column":21},"end":{"line":17,"column":32}},"7":{"start":{"line":21,"column":20},"end":{"line":21,"column":55}},"8":{"start":{"line":22,"column":22},"end":{"line":22,"column":69}},"9":{"start":{"line":24,"column":4},"end":{"line":58,"column":5}},"10":{"start":{"line":26,"column":28},"end":{"line":26,"column":78}},"11":{"start":{"line":27,"column":6},"end":{"line":29,"column":7}},"12":{"start":{"line":28,"column":8},"end":{"line":28,"column":20}},"13":{"start":{"line":32,"column":24},"end":{"line":32,"column":70}},"14":{"start":{"line":33,"column":6},"end":{"line":35,"column":7}},"15":{"start":{"line":34,"column":8},"end":{"line":34,"column":62}},"16":{"start":{"line":38,"column":26},"end":{"line":38,"column":69}},"17":{"start":{"line":39,"column":6},"end":{"line":41,"column":7}},"18":{"start":{"line":40,"column":8},"end":{"line":40,"column":71}},"19":{"start":{"line":44,"column":26},"end":{"line":44,"column":74}},"20":{"start":{"line":45,"column":6},"end":{"line":47,"column":7}},"21":{"start":{"line":46,"column":8},"end":{"line":46,"column":71}},"22":{"start":{"line":49,"column":6},"end":{"line":49,"column":18}},"23":{"start":{"line":51,"column":6},"end":{"line":53,"column":7}},"24":{"start":{"line":52,"column":8},"end":{"line":52,"column":20}},"25":{"start":{"line":55,"column":6},"end":{"line":55,"column":66}},"26":{"start":{"line":57,"column":6},"end":{"line":57,"column":18}},"27":{"start":{"line":12,"column":13},"end":{"line":12,"column":25}},"28":{"start":{"line":12,"column":13},"end":{"line":60,"column":null}}},"fnMap":{"0":{"name":"(anonymous_2)","decl":{"start":{"line":15,"column":2},"end":{"line":15,"column":null}},"loc":{"start":{"line":17,"column":48},"end":{"line":18,"column":6}}},"1":{"name":"(anonymous_3)","decl":{"start":{"line":20,"column":2},"end":{"line":20,"column":7}},"loc":{"start":{"line":20,"column":45},"end":{"line":59,"column":3}}}},"branchMap":{"0":{"loc":{"start":{"line":27,"column":6},"end":{"line":29,"column":7}},"type":"if","locations":[{"start":{"line":27,"column":6},"end":{"line":29,"column":7}},{"start":{},"end":{}}]},"1":{"loc":{"start":{"line":33,"column":6},"end":{"line":35,"column":7}},"type":"if","locations":[{"start":{"line":33,"column":6},"end":{"line":35,"column":7}},{"start":{},"end":{}}]},"2":{"loc":{"start":{"line":39,"column":6},"end":{"line":41,"column":7}},"type":"if","locations":[{"start":{"line":39,"column":6},"end":{"line":41,"column":7}},{"start":{},"end":{}}]},"3":{"loc":{"start":{"line":45,"column":6},"end":{"line":47,"column":7}},"type":"if","locations":[{"start":{"line":45,"column":6},"end":{"line":47,"column":7}},{"start":{},"end":{}}]},"4":{"loc":{"start":{"line":51,"column":6},"end":{"line":53,"column":7}},"type":"if","locations":[{"start":{"line":51,"column":6},"end":{"line":53,"column":7}},{"start":{},"end":{}}]},"5":{"loc":{"start":{"line":16,"column":35},"end":{"line":16,"column":null}},"type":"cond-expr","locations":[{"start":{"line":16,"column":54},"end":{"line":16,"column":null}},{"start":{"line":16,"column":54},"end":{"line":16,"column":null}}]},"6":{"loc":{"start":{"line":16,"column":35},"end":{"line":16,"column":54}},"type":"binary-expr","locations":[{"start":{"line":16,"column":35},"end":{"line":16,"column":null}},{"start":{"line":16,"column":35},"end":{"line":16,"column":54}}]},"7":{"loc":{"start":{"line":16,"column":54},"end":{"line":17,"column":null}},"type":"cond-expr","locations":[{"start":{"line":17,"column":48},"end":{"line":17,"column":null}},{"start":{"line":17,"column":48},"end":{"line":17,"column":null}}]},"8":{"loc":{"start":{"line":16,"column":54},"end":{"line":17,"column":48}},"type":"binary-expr","locations":[{"start":{"line":16,"column":54},"end":{"line":17,"column":null}},{"start":{"line":17,"column":32},"end":{"line":17,"column":48}}]}},"s":{"0":0,"1":0,"2":0,"3":0,"4":0,"5":0,"6":0,"7":0,"8":0,"9":0,"10":0,"11":0,"12":0,"13":0,"14":0,"15":0,"16":0,"17":0,"18":0,"19":0,"20":0,"21":0,"22":0,"23":0,"24":0,"25":0,"26":0,"27":0,"28":0},"f":{"0":0,"1":0},"b":{"0":[0,0],"1":[0,0],"2":[0,0],"3":[0,0],"4":[0,0],"5":[0,0],"6":[0,0],"7":[0,0],"8":[0,0]}}
,"D:\\CLAUDE\\licsence-key-shop\\apps\\backend\\src\\common\\guards\\rate-limit.guard.ts": {"path":"D:\\CLAUDE\\licsence-key-shop\\apps\\backend\\src\\common\\guards\\rate-limit.guard.ts","statementMap":{"0":{"start":{"line":1,"column":0},"end":{"line":1,"column":null}},"1":{"start":{"line":9,"column":0},"end":{"line":9,"column":77}},"2":{"start":{"line":12,"column":27},"end":{"line":147,"column":null}},"3":{"start":{"line":13,"column":28},"end":{"line":13,"column":59}},"4":{"start":{"line":15,"column":31},"end":{"line":15,"column":42}},"5":{"start":{"line":18,"column":20},"end":{"line":18,"column":55}},"6":{"start":{"line":19,"column":21},"end":{"line":19,"column":57}},"7":{"start":{"line":22,"column":6},"end":{"line":26,"column":15}},"8":{"start":{"line":28,"column":19},"end":{"line":28,"column":35}},"9":{"start":{"line":29,"column":21},"end":{"line":29,"column":39}},"10":{"start":{"line":31,"column":4},"end":{"line":112,"column":5}},"11":{"start":{"line":33,"column":27},"end":{"line":33,"column":70}},"12":{"start":{"line":34,"column":6},"end":{"line":46,"column":7}},"13":{"start":{"line":35,"column":8},"end":{"line":35,"column":57}},"14":{"start":{"line":36,"column":8},"end":{"line":45,"column":10}},"15":{"start":{"line":49,"column":23},"end":{"line":49,"column":52}},"16":{"start":{"line":50,"column":23},"end":{"line":50,"column":81}},"17":{"start":{"line":52,"column":6},"end":{"line":52,"column":51}},"18":{"start":{"line":54,"column":6},"end":{"line":65,"column":7}},"19":{"start":{"line":55,"column":8},"end":{"line":64,"column":10}},"20":{"start":{"line":68,"column":6},"end":{"line":83,"column":7}},"21":{"start":{"line":69,"column":27},"end":{"line":69,"column":84}},"22":{"start":{"line":71,"column":8},"end":{"line":82,"column":9}},"23":{"start":{"line":72,"column":10},"end":{"line":81,"column":12}},"24":{"start":{"line":86,"column":6},"end":{"line":101,"column":7}},"25":{"start":{"line":87,"column":29},"end":{"line":87,"column":80}},"26":{"start":{"line":89,"column":8},"end":{"line":100,"column":9}},"27":{"start":{"line":90,"column":10},"end":{"line":99,"column":12}},"28":{"start":{"line":103,"column":6},"end":{"line":103,"column":18}},"29":{"start":{"line":105,"column":6},"end":{"line":107,"column":7}},"30":{"start":{"line":106,"column":8},"end":{"line":106,"column":20}},"31":{"start":{"line":109,"column":6},"end":{"line":109,"column":68}},"32":{"start":{"line":111,"column":6},"end":{"line":111,"column":18}},"33":{"start":{"line":122,"column":4},"end":{"line":122,"column":58}},"34":{"start":{"line":123,"column":4},"end":{"line":123,"column":79}},"35":{"start":{"line":124,"column":4},"end":{"line":124,"column":88}},"36":{"start":{"line":131,"column":17},"end":{"line":131,"column":52}},"37":{"start":{"line":133,"column":4},"end":{"line":135,"column":5}},"38":{"start":{"line":134,"column":6},"end":{"line":134,"column":26}},"39":{"start":{"line":137,"column":4},"end":{"line":139,"column":5}},"40":{"start":{"line":138,"column":6},"end":{"line":138,"column":24}},"41":{"start":{"line":141,"column":4},"end":{"line":143,"column":5}},"42":{"start":{"line":142,"column":6},"end":{"line":142,"column":20}},"43":{"start":{"line":145,"column":4},"end":{"line":145,"column":20}},"44":{"start":{"line":12,"column":13},"end":{"line":12,"column":27}},"45":{"start":{"line":12,"column":13},"end":{"line":147,"column":null}}},"fnMap":{"0":{"name":"(anonymous_2)","decl":{"start":{"line":15,"column":2},"end":{"line":15,"column":31}},"loc":{"start":{"line":15,"column":58},"end":{"line":15,"column":62}}},"1":{"name":"(anonymous_3)","decl":{"start":{"line":17,"column":2},"end":{"line":17,"column":7}},"loc":{"start":{"line":17,"column":45},"end":{"line":113,"column":3}}},"2":{"name":"(anonymous_4)","decl":{"start":{"line":118,"column":10},"end":{"line":118,"column":29}},"loc":{"start":{"line":120,"column":63},"end":{"line":125,"column":3}}},"3":{"name":"(anonymous_5)","decl":{"start":{"line":130,"column":10},"end":{"line":130,"column":25}},"loc":{"start":{"line":130,"column":38},"end":{"line":146,"column":3}}}},"branchMap":{"0":{"loc":{"start":{"line":22,"column":6},"end":{"line":26,"column":15}},"type":"binary-expr","locations":[{"start":{"line":22,"column":6},"end":{"line":22,"column":63}},{"start":{"line":23,"column":6},"end":{"line":23,"column":34}},{"start":{"line":24,"column":6},"end":{"line":24,"column":39}},{"start":{"line":25,"column":6},"end":{"line":25,"column":16}},{"start":{"line":26,"column":6},"end":{"line":26,"column":15}}]},"1":{"loc":{"start":{"line":34,"column":6},"end":{"line":46,"column":7}},"type":"if","locations":[{"start":{"line":34,"column":6},"end":{"line":46,"column":7}},{"start":{},"end":{}}]},"2":{"loc":{"start":{"line":54,"column":6},"end":{"line":65,"column":7}},"type":"if","locations":[{"start":{"line":54,"column":6},"end":{"line":65,"column":7}},{"start":{},"end":{}}]},"3":{"loc":{"start":{"line":68,"column":6},"end":{"line":83,"column":7}},"type":"if","locations":[{"start":{"line":68,"column":6},"end":{"line":83,"column":7}},{"start":{},"end":{}}]},"4":{"loc":{"start":{"line":71,"column":8},"end":{"line":82,"column":9}},"type":"if","locations":[{"start":{"line":71,"column":8},"end":{"line":82,"column":9}},{"start":{},"end":{}}]},"5":{"loc":{"start":{"line":86,"column":6},"end":{"line":101,"column":7}},"type":"if","locations":[{"start":{"line":86,"column":6},"end":{"line":101,"column":7}},{"start":{},"end":{}}]},"6":{"loc":{"start":{"line":89,"column":8},"end":{"line":100,"column":9}},"type":"if","locations":[{"start":{"line":89,"column":8},"end":{"line":100,"column":9}},{"start":{},"end":{}}]},"7":{"loc":{"start":{"line":105,"column":6},"end":{"line":107,"column":7}},"type":"if","locations":[{"start":{"line":105,"column":6},"end":{"line":107,"column":7}},{"start":{},"end":{}}]},"8":{"loc":{"start":{"line":131,"column":17},"end":{"line":131,"column":52}},"type":"binary-expr","locations":[{"start":{"line":131,"column":17},"end":{"line":131,"column":36}},{"start":{"line":131,"column":40},"end":{"line":131,"column":52}}]},"9":{"loc":{"start":{"line":133,"column":4},"end":{"line":135,"column":5}},"type":"if","locations":[{"start":{"line":133,"column":4},"end":{"line":135,"column":5}},{"start":{},"end":{}}]},"10":{"loc":{"start":{"line":133,"column":8},"end":{"line":133,"column":66}},"type":"binary-expr","locations":[{"start":{"line":133,"column":8},"end":{"line":133,"column":34}},{"start":{"line":133,"column":38},"end":{"line":133,"column":66}}]},"11":{"loc":{"start":{"line":137,"column":4},"end":{"line":139,"column":5}},"type":"if","locations":[{"start":{"line":137,"column":4},"end":{"line":139,"column":5}},{"start":{},"end":{}}]},"12":{"loc":{"start":{"line":137,"column":8},"end":{"line":137,"column":93}},"type":"binary-expr","locations":[{"start":{"line":137,"column":8},"end":{"line":137,"column":34}},{"start":{"line":137,"column":38},"end":{"line":137,"column":63}},{"start":{"line":137,"column":67},"end":{"line":137,"column":93}}]},"13":{"loc":{"start":{"line":141,"column":4},"end":{"line":143,"column":5}},"type":"if","locations":[{"start":{"line":141,"column":4},"end":{"line":143,"column":5}},{"start":{},"end":{}}]},"14":{"loc":{"start":{"line":15,"column":42},"end":{"line":15,"column":61}},"type":"cond-expr","locations":[{"start":{"line":15,"column":58},"end":{"line":15,"column":61}},{"start":{"line":15,"column":58},"end":{"line":15,"column":61}}]},"15":{"loc":{"start":{"line":15,"column":42},"end":{"line":15,"column":58}},"type":"binary-expr","locations":[{"start":{"line":15,"column":42},"end":{"line":15,"column":61}},{"start":{"line":15,"column":42},"end":{"line":15,"column":58}}]}},"s":{"0":0,"1":0,"2":0,"3":0,"4":0,"5":0,"6":0,"7":0,"8":0,"9":0,"10":0,"11":0,"12":0,"13":0,"14":0,"15":0,"16":0,"17":0,"18":0,"19":0,"20":0,"21":0,"22":0,"23":0,"24":0,"25":0,"26":0,"27":0,"28":0,"29":0,"30":0,"31":0,"32":0,"33":0,"34":0,"35":0,"36":0,"37":0,"38":0,"39":0,"40":0,"41":0,"42":0,"43":0,"44":0,"45":0},"f":{"0":0,"1":0,"2":0,"3":0},"b":{"0":[0,0,0,0,0],"1":[0,0],"2":[0,0],"3":[0,0],"4":[0,0],"5":[0,0],"6":[0,0],"7":[0,0],"8":[0,0],"9":[0,0],"10":[0,0],"11":[0,0],"12":[0,0,0],"13":[0,0],"14":[0,0],"15":[0,0]}}
,"D:\\CLAUDE\\licsence-key-shop\\apps\\backend\\src\\common\\guards\\roles.guard.ts": {"path":"D:\\CLAUDE\\licsence-key-shop\\apps\\backend\\src\\common\\guards\\roles.guard.ts","statementMap":{"0":{"start":{"line":1,"column":0},"end":{"line":1,"column":95}},"1":{"start":{"line":2,"column":0},"end":{"line":2,"column":41}},"2":{"start":{"line":3,"column":0},"end":{"line":3,"column":58}},"3":{"start":{"line":10,"column":7},"end":{"line":44,"column":null}},"4":{"start":{"line":11,"column":31},"end":{"line":11,"column":42}},"5":{"start":{"line":15,"column":26},"end":{"line":18,"column":6}},"6":{"start":{"line":21,"column":4},"end":{"line":23,"column":5}},"7":{"start":{"line":22,"column":6},"end":{"line":22,"column":18}},"8":{"start":{"line":26,"column":20},"end":{"line":26,"column":55}},"9":{"start":{"line":27,"column":17},"end":{"line":27,"column":29}},"10":{"start":{"line":29,"column":4},"end":{"line":31,"column":5}},"11":{"start":{"line":30,"column":6},"end":{"line":30,"column":61}},"12":{"start":{"line":34,"column":20},"end":{"line":34,"column":53}},"13":{"start":{"line":36,"column":4},"end":{"line":40,"column":5}},"14":{"start":{"line":37,"column":6},"end":{"line":39,"column":8}},"15":{"start":{"line":42,"column":4},"end":{"line":42,"column":16}},"16":{"start":{"line":10,"column":13},"end":{"line":10,"column":23}},"17":{"start":{"line":10,"column":13},"end":{"line":44,"column":null}}},"fnMap":{"0":{"name":"(anonymous_2)","decl":{"start":{"line":11,"column":2},"end":{"line":11,"column":31}},"loc":{"start":{"line":11,"column":51},"end":{"line":11,"column":55}}},"1":{"name":"(anonymous_3)","decl":{"start":{"line":13,"column":2},"end":{"line":13,"column":13}},"loc":{"start":{"line":13,"column":39},"end":{"line":43,"column":3}}}},"branchMap":{"0":{"loc":{"start":{"line":21,"column":4},"end":{"line":23,"column":5}},"type":"if","locations":[{"start":{"line":21,"column":4},"end":{"line":23,"column":5}},{"start":{},"end":{}}]},"1":{"loc":{"start":{"line":21,"column":8},"end":{"line":21,"column":52}},"type":"binary-expr","locations":[{"start":{"line":21,"column":8},"end":{"line":21,"column":22}},{"start":{"line":21,"column":26},"end":{"line":21,"column":52}}]},"2":{"loc":{"start":{"line":29,"column":4},"end":{"line":31,"column":5}},"type":"if","locations":[{"start":{"line":29,"column":4},"end":{"line":31,"column":5}},{"start":{},"end":{}}]},"3":{"loc":{"start":{"line":36,"column":4},"end":{"line":40,"column":5}},"type":"if","locations":[{"start":{"line":36,"column":4},"end":{"line":40,"column":5}},{"start":{},"end":{}}]},"4":{"loc":{"start":{"line":11,"column":42},"end":{"line":11,"column":54}},"type":"cond-expr","locations":[{"start":{"line":11,"column":51},"end":{"line":11,"column":54}},{"start":{"line":11,"column":51},"end":{"line":11,"column":54}}]},"5":{"loc":{"start":{"line":11,"column":42},"end":{"line":11,"column":51}},"type":"binary-expr","locations":[{"start":{"line":11,"column":42},"end":{"line":11,"column":54}},{"start":{"line":11,"column":42},"end":{"line":11,"column":51}}]}},"s":{"0":0,"1":0,"2":0,"3":0,"4":0,"5":0,"6":0,"7":0,"8":0,"9":0,"10":0,"11":0,"12":0,"13":0,"14":0,"15":0,"16":0,"17":0},"f":{"0":0,"1":0},"b":{"0":[0,0],"1":[0,0],"2":[0,0],"3":[0,0],"4":[0,0],"5":[0,0]}}
,"D:\\CLAUDE\\licsence-key-shop\\apps\\backend\\src\\common\\interceptors\\security-logging.interceptor.ts": {"path":"D:\\CLAUDE\\licsence-key-shop\\apps\\backend\\src\\common\\interceptors\\security-logging.interceptor.ts","statementMap":{"0":{"start":{"line":1,"column":0},"end":{"line":1,"column":null}},"1":{"start":{"line":9,"column":0},"end":{"line":9,"column":37}},"2":{"start":{"line":12,"column":39},"end":{"line":66,"column":null}},"3":{"start":{"line":13,"column":28},"end":{"line":13,"column":71}},"4":{"start":{"line":16,"column":20},"end":{"line":16,"column":55}},"5":{"start":{"line":17,"column":21},"end":{"line":17,"column":57}},"6":{"start":{"line":19,"column":41},"end":{"line":19,"column":48}},"7":{"start":{"line":20,"column":22},"end":{"line":20,"column":43}},"8":{"start":{"line":21,"column":24},"end":{"line":21,"column":47}},"9":{"start":{"line":23,"column":22},"end":{"line":23,"column":32}},"10":{"start":{"line":25,"column":4},"end":{"line":32,"column":7}},"11":{"start":{"line":34,"column":4},"end":{"line":64,"column":6}},"12":{"start":{"line":37,"column":27},"end":{"line":37,"column":49}},"13":{"start":{"line":38,"column":29},"end":{"line":38,"column":48}},"14":{"start":{"line":40,"column":10},"end":{"line":47,"column":13}},"15":{"start":{"line":50,"column":27},"end":{"line":50,"column":49}},"16":{"start":{"line":51,"column":29},"end":{"line":51,"column":48}},"17":{"start":{"line":53,"column":10},"end":{"line":61,"column":13}},"18":{"start":{"line":12,"column":13},"end":{"line":12,"column":39}},"19":{"start":{"line":12,"column":13},"end":{"line":66,"column":null}}},"fnMap":{"0":{"name":"(anonymous_1)","decl":{"start":{"line":15,"column":2},"end":{"line":15,"column":11}},"loc":{"start":{"line":15,"column":56},"end":{"line":65,"column":3}}},"1":{"name":"(anonymous_2)","decl":{"start":{"line":36,"column":14},"end":{"line":36,"column":17}},"loc":{"start":{"line":36,"column":19},"end":{"line":48,"column":9}}},"2":{"name":"(anonymous_3)","decl":{"start":{"line":49,"column":15},"end":{"line":49,"column":16}},"loc":{"start":{"line":49,"column":25},"end":{"line":62,"column":9}}}},"branchMap":{"0":{"loc":{"start":{"line":51,"column":29},"end":{"line":51,"column":48}},"type":"binary-expr","locations":[{"start":{"line":51,"column":29},"end":{"line":51,"column":41}},{"start":{"line":51,"column":45},"end":{"line":51,"column":48}}]}},"s":{"0":0,"1":0,"2":0,"3":0,"4":0,"5":0,"6":0,"7":0,"8":0,"9":0,"10":0,"11":0,"12":0,"13":0,"14":0,"15":0,"16":0,"17":0,"18":0,"19":0},"f":{"0":0,"1":0,"2":0},"b":{"0":[0,0]}}
,"D:\\CLAUDE\\licsence-key-shop\\apps\\backend\\src\\common\\utils\\key-encoder.ts": {"path":"D:\\CLAUDE\\licsence-key-shop\\apps\\backend\\src\\common\\utils\\key-encoder.ts","statementMap":{"0":{"start":{"line":1,"column":0},"end":{"line":1,"column":32}},"1":{"start":{"line":2,"column":0},"end":{"line":2,"column":37}},"2":{"start":{"line":17,"column":27},"end":{"line":17,"column":68}},"3":{"start":{"line":19,"column":4},"end":{"line":21,"column":5}},"4":{"start":{"line":20,"column":6},"end":{"line":20,"column":70}},"5":{"start":{"line":24,"column":24},"end":{"line":24,"column":50}},"6":{"start":{"line":27,"column":4},"end":{"line":27,"column":56}},"7":{"start":{"line":36,"column":4},"end":{"line":38,"column":5}},"8":{"start":{"line":37,"column":6},"end":{"line":37,"column":63}},"9":{"start":{"line":41,"column":27},"end":{"line":41,"column":43}},"10":{"start":{"line":42,"column":4},"end":{"line":42,"column":68}},"11":{"start":{"line":51,"column":4},"end":{"line":51,"column":29}},"12":{"start":{"line":9,"column":0},"end":{"line":9,"column":13}}},"fnMap":{"0":{"name":"(anonymous_0)","decl":{"start":{"line":15,"column":2},"end":{"line":15,"column":8}},"loc":{"start":{"line":15,"column":33},"end":{"line":28,"column":3}}},"1":{"name":"(anonymous_1)","decl":{"start":{"line":35,"column":2},"end":{"line":35,"column":8}},"loc":{"start":{"line":35,"column":37},"end":{"line":43,"column":3}}},"2":{"name":"(anonymous_2)","decl":{"start":{"line":50,"column":10},"end":{"line":50,"column":16}},"loc":{"start":{"line":50,"column":41},"end":{"line":52,"column":3}}}},"branchMap":{"0":{"loc":{"start":{"line":19,"column":4},"end":{"line":21,"column":5}},"type":"if","locations":[{"start":{"line":19,"column":4},"end":{"line":21,"column":5}},{"start":{},"end":{}}]},"1":{"loc":{"start":{"line":36,"column":4},"end":{"line":38,"column":5}},"type":"if","locations":[{"start":{"line":36,"column":4},"end":{"line":38,"column":5}},{"start":{},"end":{}}]}},"s":{"0":2,"1":2,"2":0,"3":0,"4":0,"5":0,"6":0,"7":0,"8":0,"9":0,"10":0,"11":0,"12":2},"f":{"0":0,"1":0,"2":0},"b":{"0":[0,0],"1":[0,0]}}
,"D:\\CLAUDE\\licsence-key-shop\\apps\\backend\\src\\common\\utils\\key-formatter.ts": {"path":"D:\\CLAUDE\\licsence-key-shop\\apps\\backend\\src\\common\\utils\\key-formatter.ts","statementMap":{"0":{"start":{"line":1,"column":0},"end":{"line":1,"column":32}},"1":{"start":{"line":15,"column":4},"end":{"line":17,"column":5}},"2":{"start":{"line":16,"column":6},"end":{"line":16,"column":59}},"3":{"start":{"line":19,"column":16},"end":{"line":19,"column":50}},"4":{"start":{"line":20,"column":4},"end":{"line":25,"column":16}},"5":{"start":{"line":34,"column":16},"end":{"line":34,"column":57}},"6":{"start":{"line":36,"column":4},"end":{"line":38,"column":5}},"7":{"start":{"line":37,"column":6},"end":{"line":37,"column":66}},"8":{"start":{"line":40,"column":4},"end":{"line":42,"column":5}},"9":{"start":{"line":41,"column":6},"end":{"line":41,"column":78}},"10":{"start":{"line":44,"column":4},"end":{"line":44,"column":35}},"11":{"start":{"line":53,"column":4},"end":{"line":58,"column":5}},"12":{"start":{"line":54,"column":6},"end":{"line":54,"column":28}},"13":{"start":{"line":55,"column":6},"end":{"line":55,"column":18}},"14":{"start":{"line":57,"column":6},"end":{"line":57,"column":19}},"15":{"start":{"line":8,"column":0},"end":{"line":8,"column":13}}},"fnMap":{"0":{"name":"(anonymous_0)","decl":{"start":{"line":14,"column":2},"end":{"line":14,"column":8}},"loc":{"start":{"line":14,"column":28},"end":{"line":26,"column":3}}},"1":{"name":"(anonymous_1)","decl":{"start":{"line":33,"column":2},"end":{"line":33,"column":8}},"loc":{"start":{"line":33,"column":32},"end":{"line":45,"column":3}}},"2":{"name":"(anonymous_2)","decl":{"start":{"line":52,"column":2},"end":{"line":52,"column":8}},"loc":{"start":{"line":52,"column":34},"end":{"line":59,"column":3}}}},"branchMap":{"0":{"loc":{"start":{"line":15,"column":4},"end":{"line":17,"column":5}},"type":"if","locations":[{"start":{"line":15,"column":4},"end":{"line":17,"column":5}},{"start":{},"end":{}}]},"1":{"loc":{"start":{"line":36,"column":4},"end":{"line":38,"column":5}},"type":"if","locations":[{"start":{"line":36,"column":4},"end":{"line":38,"column":5}},{"start":{},"end":{}}]},"2":{"loc":{"start":{"line":40,"column":4},"end":{"line":42,"column":5}},"type":"if","locations":[{"start":{"line":40,"column":4},"end":{"line":42,"column":5}},{"start":{},"end":{}}]}},"s":{"0":2,"1":0,"2":0,"3":0,"4":0,"5":0,"6":0,"7":0,"8":0,"9":0,"10":0,"11":0,"12":0,"13":0,"14":0,"15":2},"f":{"0":0,"1":0,"2":0},"b":{"0":[0,0],"1":[0,0],"2":[0,0]}}
,"D:\\CLAUDE\\licsence-key-shop\\apps\\backend\\src\\modules\\api-keys\\api-keys.controller.ts": {"path":"D:\\CLAUDE\\licsence-key-shop\\apps\\backend\\src\\modules\\api-keys\\api-keys.controller.ts","statementMap":{"0":{"start":{"line":1,"column":0},"end":{"line":1,"column":null}},"1":{"start":{"line":11,"column":0},"end":{"line":11,"column":84}},"2":{"start":{"line":12,"column":0},"end":{"line":12,"column":52}},"3":{"start":{"line":13,"column":0},"end":{"line":13,"column":58}},"4":{"start":{"line":19,"column":7},"end":{"line":53,"column":null}},"5":{"start":{"line":20,"column":31},"end":{"line":20,"column":47}},"6":{"start":{"line":26,"column":19},"end":{"line":26,"column":48}},"7":{"start":{"line":27,"column":4},"end":{"line":27,"column":81}},"8":{"start":{"line":34,"column":19},"end":{"line":34,"column":48}},"9":{"start":{"line":35,"column":4},"end":{"line":35,"column":51}},"10":{"start":{"line":42,"column":19},"end":{"line":42,"column":48}},"11":{"start":{"line":43,"column":4},"end":{"line":43,"column":56}},"12":{"start":{"line":50,"column":19},"end":{"line":50,"column":48}},"13":{"start":{"line":51,"column":4},"end":{"line":51,"column":58}},"14":{"start":{"line":19,"column":13},"end":{"line":19,"column":30}},"15":{"start":{"line":25,"column":8},"end":{"line":28,"column":null}},"16":{"start":{"line":33,"column":8},"end":{"line":36,"column":null}},"17":{"start":{"line":41,"column":8},"end":{"line":44,"column":null}},"18":{"start":{"line":49,"column":8},"end":{"line":52,"column":null}},"19":{"start":{"line":19,"column":13},"end":{"line":53,"column":null}}},"fnMap":{"0":{"name":"(anonymous_4)","decl":{"start":{"line":20,"column":2},"end":{"line":20,"column":31}},"loc":{"start":{"line":20,"column":61},"end":{"line":20,"column":65}}},"1":{"name":"(anonymous_5)","decl":{"start":{"line":25,"column":8},"end":{"line":25,"column":19}},"loc":{"start":{"line":25,"column":91},"end":{"line":28,"column":3}}},"2":{"name":"(anonymous_6)","decl":{"start":{"line":33,"column":8},"end":{"line":33,"column":16}},"loc":{"start":{"line":33,"column":36},"end":{"line":36,"column":3}}},"3":{"name":"(anonymous_7)","decl":{"start":{"line":41,"column":8},"end":{"line":41,"column":17}},"loc":{"start":{"line":41,"column":62},"end":{"line":44,"column":3}}},"4":{"name":"(anonymous_8)","decl":{"start":{"line":49,"column":8},"end":{"line":49,"column":16}},"loc":{"start":{"line":49,"column":61},"end":{"line":52,"column":3}}}},"branchMap":{"0":{"loc":{"start":{"line":26,"column":19},"end":{"line":26,"column":48}},"type":"binary-expr","locations":[{"start":{"line":26,"column":19},"end":{"line":26,"column":32}},{"start":{"line":26,"column":36},"end":{"line":26,"column":48}}]},"1":{"loc":{"start":{"line":34,"column":19},"end":{"line":34,"column":48}},"type":"binary-expr","locations":[{"start":{"line":34,"column":19},"end":{"line":34,"column":32}},{"start":{"line":34,"column":36},"end":{"line":34,"column":48}}]},"2":{"loc":{"start":{"line":42,"column":19},"end":{"line":42,"column":48}},"type":"binary-expr","locations":[{"start":{"line":42,"column":19},"end":{"line":42,"column":32}},{"start":{"line":42,"column":36},"end":{"line":42,"column":48}}]},"3":{"loc":{"start":{"line":50,"column":19},"end":{"line":50,"column":48}},"type":"binary-expr","locations":[{"start":{"line":50,"column":19},"end":{"line":50,"column":32}},{"start":{"line":50,"column":36},"end":{"line":50,"column":48}}]},"4":{"loc":{"start":{"line":20,"column":47},"end":{"line":20,"column":64}},"type":"cond-expr","locations":[{"start":{"line":20,"column":61},"end":{"line":20,"column":64}},{"start":{"line":20,"column":61},"end":{"line":20,"column":64}}]},"5":{"loc":{"start":{"line":20,"column":47},"end":{"line":20,"column":61}},"type":"binary-expr","locations":[{"start":{"line":20,"column":47},"end":{"line":20,"column":64}},{"start":{"line":20,"column":47},"end":{"line":20,"column":61}}]}},"s":{"0":0,"1":0,"2":0,"3":0,"4":0,"5":0,"6":0,"7":0,"8":0,"9":0,"10":0,"11":0,"12":0,"13":0,"14":0,"15":0,"16":0,"17":0,"18":0,"19":0},"f":{"0":0,"1":0,"2":0,"3":0,"4":0},"b":{"0":[0,0],"1":[0,0],"2":[0,0],"3":[0,0],"4":[0,0],"5":[0,0]}}
,"D:\\CLAUDE\\licsence-key-shop\\apps\\backend\\src\\modules\\api-keys\\api-keys.module.ts": {"path":"D:\\CLAUDE\\licsence-key-shop\\apps\\backend\\src\\modules\\api-keys\\api-keys.module.ts","statementMap":{"0":{"start":{"line":1,"column":0},"end":{"line":1,"column":40}},"1":{"start":{"line":2,"column":0},"end":{"line":2,"column":58}},"2":{"start":{"line":3,"column":0},"end":{"line":3,"column":52}},"3":{"start":{"line":4,"column":0},"end":{"line":4,"column":61}},"4":{"start":{"line":12,"column":7},"end":{"line":12,"column":null}},"5":{"start":{"line":12,"column":13},"end":{"line":12,"column":26}},"6":{"start":{"line":12,"column":13},"end":{"line":12,"column":null}}},"fnMap":{},"branchMap":{},"s":{"0":0,"1":0,"2":0,"3":0,"4":0,"5":0,"6":0},"f":{},"b":{}}
,"D:\\CLAUDE\\licsence-key-shop\\apps\\backend\\src\\modules\\api-keys\\api-keys.service.ts": {"path":"D:\\CLAUDE\\licsence-key-shop\\apps\\backend\\src\\modules\\api-keys\\api-keys.service.ts","statementMap":{"0":{"start":{"line":1,"column":0},"end":{"line":1,"column":90}},"1":{"start":{"line":2,"column":0},"end":{"line":2,"column":59}},"2":{"start":{"line":3,"column":0},"end":{"line":3,"column":49}},"3":{"start":{"line":6,"column":27},"end":{"line":155,"column":null}},"4":{"start":{"line":7,"column":28},"end":{"line":7,"column":59}},"5":{"start":{"line":9,"column":31},"end":{"line":9,"column":39}},"6":{"start":{"line":16,"column":19},"end":{"line":16,"column":50}},"7":{"start":{"line":17,"column":20},"end":{"line":17,"column":69}},"8":{"start":{"line":20,"column":17},"end":{"line":22,"column":6}},"9":{"start":{"line":24,"column":4},"end":{"line":26,"column":5}},"10":{"start":{"line":25,"column":6},"end":{"line":25,"column":62}},"11":{"start":{"line":29,"column":19},"end":{"line":36,"column":6}},"12":{"start":{"line":38,"column":4},"end":{"line":38,"column":73}},"13":{"start":{"line":39,"column":4},"end":{"line":45,"column":6}},"14":{"start":{"line":52,"column":19},"end":{"line":55,"column":6}},"15":{"start":{"line":57,"column":4},"end":{"line":59,"column":5}},"16":{"start":{"line":58,"column":6},"end":{"line":58,"column":18}},"17":{"start":{"line":61,"column":4},"end":{"line":63,"column":5}},"18":{"start":{"line":62,"column":6},"end":{"line":62,"column":18}},"19":{"start":{"line":65,"column":4},"end":{"line":67,"column":5}},"20":{"start":{"line":66,"column":6},"end":{"line":66,"column":18}},"21":{"start":{"line":70,"column":4},"end":{"line":73,"column":7}},"22":{"start":{"line":75,"column":4},"end":{"line":75,"column":18}},"23":{"start":{"line":82,"column":19},"end":{"line":84,"column":6}},"24":{"start":{"line":86,"column":4},"end":{"line":88,"column":5}},"25":{"start":{"line":87,"column":6},"end":{"line":87,"column":64}},"26":{"start":{"line":90,"column":4},"end":{"line":92,"column":5}},"27":{"start":{"line":91,"column":6},"end":{"line":91,"column":70}},"28":{"start":{"line":94,"column":20},"end":{"line":97,"column":6}},"29":{"start":{"line":99,"column":4},"end":{"line":99,"column":48}},"30":{"start":{"line":100,"column":4},"end":{"line":100,"column":19}},"31":{"start":{"line":107,"column":4},"end":{"line":120,"column":7}},"32":{"start":{"line":127,"column":19},"end":{"line":129,"column":6}},"33":{"start":{"line":131,"column":4},"end":{"line":133,"column":5}},"34":{"start":{"line":132,"column":6},"end":{"line":132,"column":64}},"35":{"start":{"line":135,"column":29},"end":{"line":137,"column":6}},"36":{"start":{"line":139,"column":34},"end":{"line":141,"column":6}},"37":{"start":{"line":143,"column":30},"end":{"line":143,"column":70}},"38":{"start":{"line":145,"column":4},"end":{"line":153,"column":6}},"39":{"start":{"line":6,"column":13},"end":{"line":6,"column":27}},"40":{"start":{"line":6,"column":13},"end":{"line":155,"column":null}}},"fnMap":{"0":{"name":"(anonymous_2)","decl":{"start":{"line":9,"column":2},"end":{"line":9,"column":31}},"loc":{"start":{"line":9,"column":52},"end":{"line":9,"column":56}}},"1":{"name":"(anonymous_3)","decl":{"start":{"line":14,"column":2},"end":{"line":14,"column":7}},"loc":{"start":{"line":14,"column":71},"end":{"line":46,"column":3}}},"2":{"name":"(anonymous_4)","decl":{"start":{"line":51,"column":2},"end":{"line":51,"column":7}},"loc":{"start":{"line":51,"column":38},"end":{"line":76,"column":3}}},"3":{"name":"(anonymous_5)","decl":{"start":{"line":81,"column":2},"end":{"line":81,"column":7}},"loc":{"start":{"line":81,"column":50},"end":{"line":101,"column":3}}},"4":{"name":"(anonymous_6)","decl":{"start":{"line":106,"column":2},"end":{"line":106,"column":7}},"loc":{"start":{"line":106,"column":34},"end":{"line":121,"column":3}}},"5":{"name":"(anonymous_7)","decl":{"start":{"line":126,"column":2},"end":{"line":126,"column":7}},"loc":{"start":{"line":126,"column":52},"end":{"line":154,"column":3}}}},"branchMap":{"0":{"loc":{"start":{"line":24,"column":4},"end":{"line":26,"column":5}},"type":"if","locations":[{"start":{"line":24,"column":4},"end":{"line":26,"column":5}},{"start":{},"end":{}}]},"1":{"loc":{"start":{"line":34,"column":19},"end":{"line":34,"column":37}},"type":"binary-expr","locations":[{"start":{"line":34,"column":19},"end":{"line":34,"column":28}},{"start":{"line":34,"column":32},"end":{"line":34,"column":37}}]},"2":{"loc":{"start":{"line":57,"column":4},"end":{"line":59,"column":5}},"type":"if","locations":[{"start":{"line":57,"column":4},"end":{"line":59,"column":5}},{"start":{},"end":{}}]},"3":{"loc":{"start":{"line":61,"column":4},"end":{"line":63,"column":5}},"type":"if","locations":[{"start":{"line":61,"column":4},"end":{"line":63,"column":5}},{"start":{},"end":{}}]},"4":{"loc":{"start":{"line":61,"column":8},"end":{"line":61,"column":79}},"type":"binary-expr","locations":[{"start":{"line":61,"column":8},"end":{"line":61,"column":24}},{"start":{"line":61,"column":29},"end":{"line":61,"column":45}},{"start":{"line":61,"column":49},"end":{"line":61,"column":78}}]},"5":{"loc":{"start":{"line":65,"column":4},"end":{"line":67,"column":5}},"type":"if","locations":[{"start":{"line":65,"column":4},"end":{"line":67,"column":5}},{"start":{},"end":{}}]},"6":{"loc":{"start":{"line":65,"column":8},"end":{"line":65,"column":57}},"type":"binary-expr","locations":[{"start":{"line":65,"column":8},"end":{"line":65,"column":24}},{"start":{"line":65,"column":28},"end":{"line":65,"column":57}}]},"7":{"loc":{"start":{"line":86,"column":4},"end":{"line":88,"column":5}},"type":"if","locations":[{"start":{"line":86,"column":4},"end":{"line":88,"column":5}},{"start":{},"end":{}}]},"8":{"loc":{"start":{"line":90,"column":4},"end":{"line":92,"column":5}},"type":"if","locations":[{"start":{"line":90,"column":4},"end":{"line":92,"column":5}},{"start":{},"end":{}}]},"9":{"loc":{"start":{"line":131,"column":4},"end":{"line":133,"column":5}},"type":"if","locations":[{"start":{"line":131,"column":4},"end":{"line":133,"column":5}},{"start":{},"end":{}}]},"10":{"loc":{"start":{"line":9,"column":39},"end":{"line":9,"column":55}},"type":"cond-expr","locations":[{"start":{"line":9,"column":52},"end":{"line":9,"column":55}},{"start":{"line":9,"column":52},"end":{"line":9,"column":55}}]},"11":{"loc":{"start":{"line":9,"column":39},"end":{"line":9,"column":52}},"type":"binary-expr","locations":[{"start":{"line":9,"column":39},"end":{"line":9,"column":55}},{"start":{"line":9,"column":39},"end":{"line":9,"column":52}}]}},"s":{"0":1,"1":1,"2":1,"3":1,"4":5,"5":5,"6":2,"7":2,"8":2,"9":2,"10":1,"11":1,"12":1,"13":1,"14":2,"15":2,"16":1,"17":1,"18":0,"19":1,"20":0,"21":1,"22":1,"23":0,"24":0,"25":0,"26":0,"27":0,"28":0,"29":0,"30":0,"31":0,"32":0,"33":0,"34":0,"35":0,"36":0,"37":0,"38":0,"39":1,"40":1},"f":{"0":5,"1":2,"2":2,"3":0,"4":0,"5":0},"b":{"0":[1,1],"1":[1,1],"2":[1,1],"3":[0,1],"4":[1,1,0],"5":[0,1],"6":[1,0],"7":[0,0],"8":[0,0],"9":[0,0],"10":[1,0],"11":[1,1]}}
,"D:\\CLAUDE\\licsence-key-shop\\apps\\backend\\src\\modules\\auth\\auth.module.ts": {"path":"D:\\CLAUDE\\licsence-key-shop\\apps\\backend\\src\\modules\\auth\\auth.module.ts","statementMap":{"0":{"start":{"line":1,"column":0},"end":{"line":1,"column":40}},"1":{"start":{"line":2,"column":0},"end":{"line":2,"column":46}},"2":{"start":{"line":3,"column":0},"end":{"line":3,"column":53}},"3":{"start":{"line":4,"column":0},"end":{"line":4,"column":47}},"4":{"start":{"line":5,"column":0},"end":{"line":5,"column":52}},"5":{"start":{"line":17,"column":7},"end":{"line":17,"column":null}},"6":{"start":{"line":17,"column":13},"end":{"line":17,"column":24}},"7":{"start":{"line":17,"column":13},"end":{"line":17,"column":null}}},"fnMap":{},"branchMap":{},"s":{"0":0,"1":0,"2":0,"3":0,"4":0,"5":0,"6":0,"7":0},"f":{},"b":{}}
,"D:\\CLAUDE\\licsence-key-shop\\apps\\backend\\src\\modules\\auth\\clerk-auth.guard.ts": {"path":"D:\\CLAUDE\\licsence-key-shop\\apps\\backend\\src\\modules\\auth\\clerk-auth.guard.ts","statementMap":{"0":{"start":{"line":1,"column":0},"end":{"line":1,"column":null}},"1":{"start":{"line":8,"column":0},"end":{"line":8,"column":47}},"2":{"start":{"line":15,"column":27},"end":{"line":61,"column":null}},"3":{"start":{"line":16,"column":28},"end":{"line":16,"column":59}},"4":{"start":{"line":18,"column":31},"end":{"line":18,"column":38}},"5":{"start":{"line":21,"column":20},"end":{"line":21,"column":55}},"6":{"start":{"line":23,"column":4},"end":{"line":59,"column":5}},"7":{"start":{"line":25,"column":25},"end":{"line":25,"column":54}},"8":{"start":{"line":27,"column":6},"end":{"line":29,"column":7}},"9":{"start":{"line":28,"column":8},"end":{"line":28,"column":67}},"10":{"start":{"line":32,"column":20},"end":{"line":32,"column":53}},"11":{"start":{"line":34,"column":6},"end":{"line":36,"column":7}},"12":{"start":{"line":35,"column":8},"end":{"line":35,"column":61}},"13":{"start":{"line":39,"column":22},"end":{"line":39,"column":51}},"14":{"start":{"line":41,"column":6},"end":{"line":43,"column":7}},"15":{"start":{"line":42,"column":8},"end":{"line":42,"column":57}},"16":{"start":{"line":46,"column":19},"end":{"line":46,"column":64}},"17":{"start":{"line":48,"column":6},"end":{"line":50,"column":7}},"18":{"start":{"line":49,"column":8},"end":{"line":49,"column":58}},"19":{"start":{"line":53,"column":6},"end":{"line":53,"column":26}},"20":{"start":{"line":55,"column":6},"end":{"line":55,"column":18}},"21":{"start":{"line":57,"column":6},"end":{"line":57,"column":57}},"22":{"start":{"line":58,"column":6},"end":{"line":58,"column":63}},"23":{"start":{"line":15,"column":13},"end":{"line":15,"column":27}},"24":{"start":{"line":15,"column":13},"end":{"line":61,"column":null}}},"fnMap":{"0":{"name":"(anonymous_2)","decl":{"start":{"line":18,"column":2},"end":{"line":18,"column":31}},"loc":{"start":{"line":18,"column":50},"end":{"line":18,"column":54}}},"1":{"name":"(anonymous_3)","decl":{"start":{"line":20,"column":2},"end":{"line":20,"column":7}},"loc":{"start":{"line":20,"column":45},"end":{"line":60,"column":3}}}},"branchMap":{"0":{"loc":{"start":{"line":27,"column":6},"end":{"line":29,"column":7}},"type":"if","locations":[{"start":{"line":27,"column":6},"end":{"line":29,"column":7}},{"start":{},"end":{}}]},"1":{"loc":{"start":{"line":34,"column":6},"end":{"line":36,"column":7}},"type":"if","locations":[{"start":{"line":34,"column":6},"end":{"line":36,"column":7}},{"start":{},"end":{}}]},"2":{"loc":{"start":{"line":41,"column":6},"end":{"line":43,"column":7}},"type":"if","locations":[{"start":{"line":41,"column":6},"end":{"line":43,"column":7}},{"start":{},"end":{}}]},"3":{"loc":{"start":{"line":48,"column":6},"end":{"line":50,"column":7}},"type":"if","locations":[{"start":{"line":48,"column":6},"end":{"line":50,"column":7}},{"start":{},"end":{}}]},"4":{"loc":{"start":{"line":18,"column":38},"end":{"line":18,"column":53}},"type":"cond-expr","locations":[{"start":{"line":18,"column":50},"end":{"line":18,"column":53}},{"start":{"line":18,"column":50},"end":{"line":18,"column":53}}]},"5":{"loc":{"start":{"line":18,"column":38},"end":{"line":18,"column":50}},"type":"binary-expr","locations":[{"start":{"line":18,"column":38},"end":{"line":18,"column":53}},{"start":{"line":18,"column":38},"end":{"line":18,"column":50}}]}},"s":{"0":0,"1":0,"2":0,"3":0,"4":0,"5":0,"6":0,"7":0,"8":0,"9":0,"10":0,"11":0,"12":0,"13":0,"14":0,"15":0,"16":0,"17":0,"18":0,"19":0,"20":0,"21":0,"22":0,"23":0,"24":0},"f":{"0":0,"1":0},"b":{"0":[0,0],"1":[0,0],"2":[0,0],"3":[0,0],"4":[0,0],"5":[0,0]}}
,"D:\\CLAUDE\\licsence-key-shop\\apps\\backend\\src\\modules\\auth\\clerk.controller.ts": {"path":"D:\\CLAUDE\\licsence-key-shop\\apps\\backend\\src\\modules\\auth\\clerk.controller.ts","statementMap":{"0":{"start":{"line":1,"column":0},"end":{"line":1,"column":86}},"1":{"start":{"line":2,"column":0},"end":{"line":2,"column":47}},"2":{"start":{"line":10,"column":28},"end":{"line":46,"column":null}},"3":{"start":{"line":11,"column":28},"end":{"line":11,"column":60}},"4":{"start":{"line":13,"column":31},"end":{"line":13,"column":45}},"5":{"start":{"line":18,"column":4},"end":{"line":44,"column":5}},"6":{"start":{"line":19,"column":6},"end":{"line":19,"column":63}},"7":{"start":{"line":21,"column":6},"end":{"line":38,"column":7}},"8":{"start":{"line":23,"column":10},"end":{"line":23,"column":79}},"9":{"start":{"line":24,"column":10},"end":{"line":24,"column":16}},"10":{"start":{"line":27,"column":10},"end":{"line":27,"column":79}},"11":{"start":{"line":28,"column":10},"end":{"line":28,"column":16}},"12":{"start":{"line":31,"column":10},"end":{"line":33,"column":11}},"13":{"start":{"line":32,"column":12},"end":{"line":32,"column":69}},"14":{"start":{"line":34,"column":10},"end":{"line":34,"column":16}},"15":{"start":{"line":37,"column":10},"end":{"line":37,"column":65}},"16":{"start":{"line":40,"column":6},"end":{"line":40,"column":32}},"17":{"start":{"line":42,"column":6},"end":{"line":42,"column":67}},"18":{"start":{"line":43,"column":6},"end":{"line":43,"column":18}},"19":{"start":{"line":10,"column":13},"end":{"line":10,"column":28}},"20":{"start":{"line":17,"column":8},"end":{"line":45,"column":null}},"21":{"start":{"line":10,"column":13},"end":{"line":46,"column":null}}},"fnMap":{"0":{"name":"(anonymous_4)","decl":{"start":{"line":13,"column":2},"end":{"line":13,"column":31}},"loc":{"start":{"line":13,"column":57},"end":{"line":13,"column":61}}},"1":{"name":"(anonymous_5)","decl":{"start":{"line":17,"column":8},"end":{"line":17,"column":26}},"loc":{"start":{"line":17,"column":54},"end":{"line":45,"column":3}}}},"branchMap":{"0":{"loc":{"start":{"line":21,"column":6},"end":{"line":38,"column":7}},"type":"switch","locations":[{"start":{"line":22,"column":8},"end":{"line":24,"column":16}},{"start":{"line":26,"column":8},"end":{"line":28,"column":16}},{"start":{"line":30,"column":8},"end":{"line":34,"column":16}},{"start":{"line":36,"column":8},"end":{"line":37,"column":65}}]},"1":{"loc":{"start":{"line":31,"column":10},"end":{"line":33,"column":11}},"type":"if","locations":[{"start":{"line":31,"column":10},"end":{"line":33,"column":11}},{"start":{},"end":{}}]},"2":{"loc":{"start":{"line":13,"column":45},"end":{"line":13,"column":60}},"type":"cond-expr","locations":[{"start":{"line":13,"column":57},"end":{"line":13,"column":60}},{"start":{"line":13,"column":57},"end":{"line":13,"column":60}}]},"3":{"loc":{"start":{"line":13,"column":45},"end":{"line":13,"column":57}},"type":"binary-expr","locations":[{"start":{"line":13,"column":45},"end":{"line":13,"column":60}},{"start":{"line":13,"column":45},"end":{"line":13,"column":57}}]}},"s":{"0":0,"1":0,"2":0,"3":0,"4":0,"5":0,"6":0,"7":0,"8":0,"9":0,"10":0,"11":0,"12":0,"13":0,"14":0,"15":0,"16":0,"17":0,"18":0,"19":0,"20":0,"21":0},"f":{"0":0,"1":0},"b":{"0":[0,0,0,0],"1":[0,0],"2":[0,0],"3":[0,0]}}
,"D:\\CLAUDE\\licsence-key-shop\\apps\\backend\\src\\modules\\auth\\clerk.service.ts": {"path":"D:\\CLAUDE\\licsence-key-shop\\apps\\backend\\src\\modules\\auth\\clerk.service.ts","statementMap":{"0":{"start":{"line":1,"column":0},"end":{"line":1,"column":73}},"1":{"start":{"line":2,"column":0},"end":{"line":2,"column":47}},"2":{"start":{"line":3,"column":0},"end":{"line":3,"column":59}},"3":{"start":{"line":4,"column":0},"end":{"line":4,"column":64}},"4":{"start":{"line":5,"column":0},"end":{"line":5,"column":31}},"5":{"start":{"line":12,"column":25},"end":{"line":173,"column":null}},"6":{"start":{"line":13,"column":28},"end":{"line":13,"column":57}},"7":{"start":{"line":19,"column":21},"end":{"line":19,"column":29}},"8":{"start":{"line":20,"column":21},"end":{"line":20,"column":29}},"9":{"start":{"line":22,"column":4},"end":{"line":22,"column":71}},"10":{"start":{"line":23,"column":4},"end":{"line":23,"column":70}},"11":{"start":{"line":24,"column":4},"end":{"line":26,"column":7}},"12":{"start":{"line":35,"column":4},"end":{"line":48,"column":5}},"13":{"start":{"line":36,"column":6},"end":{"line":38,"column":7}},"14":{"start":{"line":37,"column":8},"end":{"line":37,"column":63}},"15":{"start":{"line":40,"column":22},"end":{"line":42,"column":8}},"16":{"start":{"line":44,"column":6},"end":{"line":44,"column":21}},"17":{"start":{"line":46,"column":6},"end":{"line":46,"column":71}},"18":{"start":{"line":47,"column":6},"end":{"line":47,"column":18}},"19":{"start":{"line":60,"column":4},"end":{"line":60,"column":23}},"20":{"start":{"line":68,"column":4},"end":{"line":96,"column":5}},"21":{"start":{"line":69,"column":6},"end":{"line":69,"column":68}},"22":{"start":{"line":72,"column":27},"end":{"line":74,"column":8}},"23":{"start":{"line":76,"column":6},"end":{"line":79,"column":7}},"24":{"start":{"line":77,"column":8},"end":{"line":77,"column":64}},"25":{"start":{"line":78,"column":8},"end":{"line":78,"column":28}},"26":{"start":{"line":82,"column":19},"end":{"line":89,"column":8}},"27":{"start":{"line":91,"column":6},"end":{"line":91,"column":63}},"28":{"start":{"line":92,"column":6},"end":{"line":92,"column":18}},"29":{"start":{"line":94,"column":6},"end":{"line":94,"column":67}},"30":{"start":{"line":95,"column":6},"end":{"line":95,"column":18}},"31":{"start":{"line":104,"column":4},"end":{"line":120,"column":5}},"32":{"start":{"line":105,"column":6},"end":{"line":105,"column":68}},"33":{"start":{"line":107,"column":19},"end":{"line":113,"column":8}},"34":{"start":{"line":115,"column":6},"end":{"line":115,"column":63}},"35":{"start":{"line":116,"column":6},"end":{"line":116,"column":18}},"36":{"start":{"line":118,"column":6},"end":{"line":118,"column":67}},"37":{"start":{"line":119,"column":6},"end":{"line":119,"column":18}},"38":{"start":{"line":128,"column":4},"end":{"line":140,"column":5}},"39":{"start":{"line":129,"column":6},"end":{"line":129,"column":73}},"40":{"start":{"line":135,"column":6},"end":{"line":135,"column":63}},"41":{"start":{"line":136,"column":6},"end":{"line":136,"column":31}},"42":{"start":{"line":138,"column":6},"end":{"line":138,"column":67}},"43":{"start":{"line":139,"column":6},"end":{"line":139,"column":18}},"44":{"start":{"line":147,"column":4},"end":{"line":149,"column":7}},"45":{"start":{"line":157,"column":15},"end":{"line":157,"column":51}},"46":{"start":{"line":159,"column":4},"end":{"line":169,"column":5}},"47":{"start":{"line":161,"column":6},"end":{"line":168,"column":7}},"48":{"start":{"line":162,"column":26},"end":{"line":162,"column":71}},"49":{"start":{"line":164,"column":8},"end":{"line":164,"column":64}},"50":{"start":{"line":166,"column":8},"end":{"line":166,"column":79}},"51":{"start":{"line":167,"column":8},"end":{"line":167,"column":54}},"52":{"start":{"line":171,"column":4},"end":{"line":171,"column":16}},"53":{"start":{"line":12,"column":13},"end":{"line":12,"column":25}},"54":{"start":{"line":12,"column":13},"end":{"line":173,"column":null}}},"fnMap":{"0":{"name":"(anonymous_3)","decl":{"start":{"line":18,"column":2},"end":{"line":18,"column":null}},"loc":{"start":{"line":20,"column":42},"end":{"line":27,"column":3}}},"1":{"name":"(anonymous_4)","decl":{"start":{"line":34,"column":2},"end":{"line":34,"column":13}},"loc":{"start":{"line":34,"column":27},"end":{"line":49,"column":3}}},"2":{"name":"(anonymous_5)","decl":{"start":{"line":57,"column":2},"end":{"line":57,"column":24}},"loc":{"start":{"line":57,"column":59},"end":{"line":61,"column":3}}},"3":{"name":"(anonymous_6)","decl":{"start":{"line":67,"column":2},"end":{"line":67,"column":7}},"loc":{"start":{"line":67,"column":60},"end":{"line":97,"column":3}}},"4":{"name":"(anonymous_7)","decl":{"start":{"line":103,"column":2},"end":{"line":103,"column":7}},"loc":{"start":{"line":103,"column":60},"end":{"line":121,"column":3}}},"5":{"name":"(anonymous_8)","decl":{"start":{"line":127,"column":2},"end":{"line":127,"column":7}},"loc":{"start":{"line":127,"column":45},"end":{"line":141,"column":3}}},"6":{"name":"(anonymous_9)","decl":{"start":{"line":146,"column":2},"end":{"line":146,"column":7}},"loc":{"start":{"line":146,"column":40},"end":{"line":150,"column":3}}},"7":{"name":"(anonymous_10)","decl":{"start":{"line":156,"column":2},"end":{"line":156,"column":7}},"loc":{"start":{"line":156,"column":39},"end":{"line":172,"column":3}}}},"branchMap":{"0":{"loc":{"start":{"line":22,"column":25},"end":{"line":22,"column":70}},"type":"binary-expr","locations":[{"start":{"line":22,"column":25},"end":{"line":22,"column":64}},{"start":{"line":22,"column":68},"end":{"line":22,"column":70}}]},"1":{"loc":{"start":{"line":23,"column":24},"end":{"line":23,"column":69}},"type":"binary-expr","locations":[{"start":{"line":23,"column":24},"end":{"line":23,"column":63}},{"start":{"line":23,"column":67},"end":{"line":23,"column":69}}]},"2":{"loc":{"start":{"line":36,"column":6},"end":{"line":38,"column":7}},"type":"if","locations":[{"start":{"line":36,"column":6},"end":{"line":38,"column":7}},{"start":{},"end":{}}]},"3":{"loc":{"start":{"line":76,"column":6},"end":{"line":79,"column":7}},"type":"if","locations":[{"start":{"line":76,"column":6},"end":{"line":79,"column":7}},{"start":{},"end":{}}]},"4":{"loc":{"start":{"line":85,"column":17},"end":{"line":85,"column":65}},"type":"binary-expr","locations":[{"start":{"line":85,"column":17},"end":{"line":85,"column":59}},{"start":{"line":85,"column":63},"end":{"line":85,"column":65}}]},"5":{"loc":{"start":{"line":86,"column":16},"end":{"line":86,"column":89}},"type":"binary-expr","locations":[{"start":{"line":86,"column":16},"end":{"line":86,"column":81}},{"start":{"line":86,"column":85},"end":{"line":86,"column":89}}]},"6":{"loc":{"start":{"line":86,"column":19},"end":{"line":86,"column":44}},"type":"binary-expr","locations":[{"start":{"line":86,"column":19},"end":{"line":86,"column":38}},{"start":{"line":86,"column":42},"end":{"line":86,"column":44}}]},"7":{"loc":{"start":{"line":86,"column":48},"end":{"line":86,"column":72}},"type":"binary-expr","locations":[{"start":{"line":86,"column":48},"end":{"line":86,"column":66}},{"start":{"line":86,"column":70},"end":{"line":86,"column":72}}]},"8":{"loc":{"start":{"line":111,"column":16},"end":{"line":111,"column":89}},"type":"binary-expr","locations":[{"start":{"line":111,"column":16},"end":{"line":111,"column":81}},{"start":{"line":111,"column":85},"end":{"line":111,"column":89}}]},"9":{"loc":{"start":{"line":111,"column":19},"end":{"line":111,"column":44}},"type":"binary-expr","locations":[{"start":{"line":111,"column":19},"end":{"line":111,"column":38}},{"start":{"line":111,"column":42},"end":{"line":111,"column":44}}]},"10":{"loc":{"start":{"line":111,"column":48},"end":{"line":111,"column":72}},"type":"binary-expr","locations":[{"start":{"line":111,"column":48},"end":{"line":111,"column":66}},{"start":{"line":111,"column":70},"end":{"line":111,"column":72}}]},"11":{"loc":{"start":{"line":159,"column":4},"end":{"line":169,"column":5}},"type":"if","locations":[{"start":{"line":159,"column":4},"end":{"line":169,"column":5}},{"start":{},"end":{}}]},"12":{"loc":{"start":{"line":19,"column":29},"end":{"line":19,"column":null}},"type":"cond-expr","locations":[{"start":{"line":19,"column":42},"end":{"line":19,"column":null}},{"start":{"line":19,"column":42},"end":{"line":19,"column":null}}]},"13":{"loc":{"start":{"line":19,"column":29},"end":{"line":19,"column":42}},"type":"binary-expr","locations":[{"start":{"line":19,"column":29},"end":{"line":19,"column":null}},{"start":{"line":19,"column":29},"end":{"line":19,"column":42}}]},"14":{"loc":{"start":{"line":19,"column":42},"end":{"line":20,"column":null}},"type":"cond-expr","locations":[{"start":{"line":20,"column":42},"end":{"line":20,"column":null}},{"start":{"line":20,"column":42},"end":{"line":20,"column":null}}]},"15":{"loc":{"start":{"line":19,"column":42},"end":{"line":20,"column":42}},"type":"binary-expr","locations":[{"start":{"line":19,"column":42},"end":{"line":20,"column":null}},{"start":{"line":20,"column":29},"end":{"line":20,"column":42}}]}},"s":{"0":0,"1":0,"2":0,"3":0,"4":0,"5":0,"6":0,"7":0,"8":0,"9":0,"10":0,"11":0,"12":0,"13":0,"14":0,"15":0,"16":0,"17":0,"18":0,"19":0,"20":0,"21":0,"22":0,"23":0,"24":0,"25":0,"26":0,"27":0,"28":0,"29":0,"30":0,"31":0,"32":0,"33":0,"34":0,"35":0,"36":0,"37":0,"38":0,"39":0,"40":0,"41":0,"42":0,"43":0,"44":0,"45":0,"46":0,"47":0,"48":0,"49":0,"50":0,"51":0,"52":0,"53":0,"54":0},"f":{"0":0,"1":0,"2":0,"3":0,"4":0,"5":0,"6":0,"7":0},"b":{"0":[0,0],"1":[0,0],"2":[0,0],"3":[0,0],"4":[0,0],"5":[0,0],"6":[0,0],"7":[0,0],"8":[0,0],"9":[0,0],"10":[0,0],"11":[0,0],"12":[0,0],"13":[0,0],"14":[0,0],"15":[0,0]}}
,"D:\\CLAUDE\\licsence-key-shop\\apps\\backend\\src\\modules\\auth\\roles.decorator.ts": {"path":"D:\\CLAUDE\\licsence-key-shop\\apps\\backend\\src\\modules\\auth\\roles.decorator.ts","statementMap":{"0":{"start":{"line":1,"column":0},"end":{"line":1,"column":45}},"1":{"start":{"line":4,"column":13},"end":{"line":4,"column":33}},"2":{"start":{"line":5,"column":28},"end":{"line":5,"column":83}},"3":{"start":{"line":5,"column":54},"end":{"line":5,"column":83}},"4":{"start":{"line":5,"column":13},"end":{"line":5,"column":28}}},"fnMap":{"0":{"name":"(anonymous_0)","decl":{"start":{"line":5,"column":28},"end":{"line":5,"column":29}},"loc":{"start":{"line":5,"column":54},"end":{"line":5,"column":83}}}},"branchMap":{},"s":{"0":0,"1":0,"2":0,"3":0,"4":0},"f":{"0":0},"b":{}}
,"D:\\CLAUDE\\licsence-key-shop\\apps\\backend\\src\\modules\\auth\\roles.guard.ts": {"path":"D:\\CLAUDE\\licsence-key-shop\\apps\\backend\\src\\modules\\auth\\roles.guard.ts","statementMap":{"0":{"start":{"line":1,"column":0},"end":{"line":1,"column":95}},"1":{"start":{"line":2,"column":0},"end":{"line":2,"column":41}},"2":{"start":{"line":4,"column":0},"end":{"line":4,"column":46}},"3":{"start":{"line":7,"column":7},"end":{"line":35,"column":null}},"4":{"start":{"line":8,"column":31},"end":{"line":8,"column":42}},"5":{"start":{"line":11,"column":26},"end":{"line":14,"column":6}},"6":{"start":{"line":16,"column":4},"end":{"line":18,"column":5}},"7":{"start":{"line":17,"column":6},"end":{"line":17,"column":18}},"8":{"start":{"line":20,"column":20},"end":{"line":20,"column":55}},"9":{"start":{"line":21,"column":17},"end":{"line":21,"column":29}},"10":{"start":{"line":23,"column":4},"end":{"line":25,"column":5}},"11":{"start":{"line":24,"column":6},"end":{"line":24,"column":61}},"12":{"start":{"line":27,"column":20},"end":{"line":27,"column":68}},"13":{"start":{"line":27,"column":49},"end":{"line":27,"column":67}},"14":{"start":{"line":29,"column":4},"end":{"line":31,"column":5}},"15":{"start":{"line":30,"column":6},"end":{"line":30,"column":63}},"16":{"start":{"line":33,"column":4},"end":{"line":33,"column":16}},"17":{"start":{"line":7,"column":13},"end":{"line":7,"column":23}},"18":{"start":{"line":7,"column":13},"end":{"line":35,"column":null}}},"fnMap":{"0":{"name":"(anonymous_2)","decl":{"start":{"line":8,"column":2},"end":{"line":8,"column":31}},"loc":{"start":{"line":8,"column":51},"end":{"line":8,"column":55}}},"1":{"name":"(anonymous_3)","decl":{"start":{"line":10,"column":2},"end":{"line":10,"column":13}},"loc":{"start":{"line":10,"column":39},"end":{"line":34,"column":3}}},"2":{"name":"(anonymous_4)","decl":{"start":{"line":27,"column":39},"end":{"line":27,"column":40}},"loc":{"start":{"line":27,"column":49},"end":{"line":27,"column":67}}}},"branchMap":{"0":{"loc":{"start":{"line":16,"column":4},"end":{"line":18,"column":5}},"type":"if","locations":[{"start":{"line":16,"column":4},"end":{"line":18,"column":5}},{"start":{},"end":{}}]},"1":{"loc":{"start":{"line":16,"column":8},"end":{"line":16,"column":52}},"type":"binary-expr","locations":[{"start":{"line":16,"column":8},"end":{"line":16,"column":22}},{"start":{"line":16,"column":26},"end":{"line":16,"column":52}}]},"2":{"loc":{"start":{"line":23,"column":4},"end":{"line":25,"column":5}},"type":"if","locations":[{"start":{"line":23,"column":4},"end":{"line":25,"column":5}},{"start":{},"end":{}}]},"3":{"loc":{"start":{"line":29,"column":4},"end":{"line":31,"column":5}},"type":"if","locations":[{"start":{"line":29,"column":4},"end":{"line":31,"column":5}},{"start":{},"end":{}}]},"4":{"loc":{"start":{"line":8,"column":42},"end":{"line":8,"column":54}},"type":"cond-expr","locations":[{"start":{"line":8,"column":51},"end":{"line":8,"column":54}},{"start":{"line":8,"column":51},"end":{"line":8,"column":54}}]},"5":{"loc":{"start":{"line":8,"column":42},"end":{"line":8,"column":51}},"type":"binary-expr","locations"
[...]
lumn":51}},"33":{"start":{"line":101,"column":23},"end":{"line":101,"column":77}},"34":{"start":{"line":103,"column":4},"end":{"line":106,"column":6}},"35":{"start":{"line":113,"column":16},"end":{"line":113,"column":40}},"36":{"start":{"line":114,"column":4},"end":{"line":114,"column":30}},"37":{"start":{"line":10,"column":13},"end":{"line":10,"column":29}},"38":{"start":{"line":10,"column":13},"end":{"line":116,"column":null}}},"fnMap":{"0":{"name":"(anonymous_2)","decl":{"start":{"line":13,"column":2},"end":{"line":13,"column":31}},"loc":{"start":{"line":13,"column":50},"end":{"line":13,"column":54}}},"1":{"name":"(anonymous_3)","decl":{"start":{"line":18,"column":2},"end":{"line":18,"column":7}},"loc":{"start":{"line":18,"column":54},"end":{"line":84,"column":3}}},"2":{"name":"(anonymous_4)","decl":{"start":{"line":89,"column":2},"end":{"line":89,"column":7}},"loc":{"start":{"line":89,"column":43},"end":{"line":107,"column":3}}},"3":{"name":"(anonymous_5)","decl":{"start":{"line":112,"column":2},"end":{"line":112,"column":7}},"loc":{"start":{"line":112,"column":39},"end":{"line":115,"column":3}}}},"branchMap":{"0":{"loc":{"start":{"line":29,"column":6},"end":{"line":45,"column":7}},"type":"if","locations":[{"start":{"line":29,"column":6},"end":{"line":45,"column":7}},{"start":{},"end":{}}]},"1":{"loc":{"start":{"line":29,"column":10},"end":{"line":29,"column":53}},"type":"binary-expr","locations":[{"start":{"line":29,"column":10},"end":{"line":29,"column":17}},{"start":{"line":29,"column":21},"end":{"line":29,"column":53}}]},"2":{"loc":{"start":{"line":48,"column":26},"end":{"line":48,"column":46}},"type":"binary-expr","locations":[{"start":{"line":48,"column":26},"end":{"line":48,"column":39}},{"start":{"line":48,"column":43},"end":{"line":48,"column":46}}]},"3":{"loc":{"start":{"line":49,"column":30},"end":{"line":49,"column":72}},"type":"binary-expr","locations":[{"start":{"line":49,"column":30},"end":{"line":49,"column":47}},{"start":{"line":49,"column":51},"end":{"line":49,"column":72}}]},"4":{"loc":{"start":{"line":54,"column":6},"end":{"line":67,"column":7}},"type":"if","locations":[{"start":{"line":54,"column":6},"end":{"line":67,"column":7}},{"start":{},"end":{}}]},"5":{"loc":{"start":{"line":93,"column":4},"end":{"line":98,"column":5}},"type":"if","locations":[{"start":{"line":93,"column":4},"end":{"line":98,"column":5}},{"start":{},"end":{}}]},"6":{"loc":{"start":{"line":93,"column":8},"end":{"line":93,"column":51}},"type":"binary-expr","locations":[{"start":{"line":93,"column":8},"end":{"line":93,"column":15}},{"start":{"line":93,"column":19},"end":{"line":93,"column":51}}]},"7":{"loc":{"start":{"line":100,"column":30},"end":{"line":100,"column":50}},"type":"binary-expr","locations":[{"start":{"line":100,"column":30},"end":{"line":100,"column":43}},{"start":{"line":100,"column":47},"end":{"line":100,"column":50}}]},"8":{"loc":{"start":{"line":101,"column":34},"end":{"line":101,"column":76}},"type":"binary-expr","locations":[{"start":{"line":101,"column":34},"end":{"line":101,"column":51}},{"start":{"line":101,"column":55},"end":{"line":101,"column":76}}]},"9":{"loc":{"start":{"line":13,"column":38},"end":{"line":13,"column":53}},"type":"cond-expr","locations":[{"start":{"line":13,"column":50},"end":{"line":13,"column":53}},{"start":{"line":13,"column":50},"end":{"line":13,"column":53}}]},"10":{"loc":{"start":{"line":13,"column":38},"end":{"line":13,"column":50}},"type":"binary-expr","locations":[{"start":{"line":13,"column":38},"end":{"line":13,"column":53}},{"start":{"line":13,"column":38},"end":{"line":13,"column":50}}]}},"s":{"0":0,"1":0,"2":0,"3":0,"4":0,"5":0,"6":0,"7":0,"8":0,"9":0,"10":0,"11":0,"12":0,"13":0,"14":0,"15":0,"16":0,"17":0,"18":0,"19":0,"20":0,"21":0,"22":0,"23":0,"24":0,"25":0,"26":0,"27":0,"28":0,"29":0,"30":0,"31":0,"32":0,"33":0,"34":0,"35":0,"36":0,"37":0,"38":0},"f":{"0":0,"1":0,"2":0,"3":0},"b":{"0":[0,0],"1":[0,0],"2":[0,0],"3":[0,0],"4":[0,0],"5":[0,0],"6":[0,0],"7":[0,0],"8":[0,0],"9":[0,0],"10":[0,0]}}
,"D:\\CLAUDE\\licsence-key-shop\\apps\\backend\\src\\modules\\validation\\validation.controller.ts": {"path":"D:\\CLAUDE\\licsence-key-shop\\apps\\backend\\src\\modules\\validation\\validation.controller.ts","statementMap":{"0":{"start":{"line":1,"column":0},"end":{"line":1,"column":null}},"1":{"start":{"line":11,"column":0},"end":{"line":11,"column":84}},"2":{"start":{"line":12,"column":0},"end":{"line":12,"column":57}},"3":{"start":{"line":13,"column":0},"end":{"line":13,"column":66}},"4":{"start":{"line":14,"column":0},"end":{"line":14,"column":64}},"5":{"start":{"line":15,"column":0},"end":{"line":15,"column":99}},"6":{"start":{"line":16,"column":0},"end":{"line":16,"column":45}},"7":{"start":{"line":20,"column":7},"end":{"line":77,"column":null}},"8":{"start":{"line":22,"column":21},"end":{"line":22,"column":40}},"9":{"start":{"line":23,"column":21},"end":{"line":23,"column":39}},"10":{"start":{"line":44,"column":19},"end":{"line":44,"column":29}},"11":{"start":{"line":47,"column":28},"end":{"line":49,"column":null}},"12":{"start":{"line":52,"column":4},"end":{"line":59,"column":5}},"13":{"start":{"line":53,"column":6},"end":{"line":58,"column":15}},"14":{"start":{"line":62,"column":19},"end":{"line":68,"column":null}},"15":{"start":{"line":72,"column":4},"end":{"line":72,"column":86}},"16":{"start":{"line":73,"column":4},"end":{"line":73,"column":83}},"17":{"start":{"line":75,"column":4},"end":{"line":75,"column":18}},"18":{"start":{"line":20,"column":13},"end":{"line":20,"column":33}},"19":{"start":{"line":40,"column":8},"end":{"line":76,"column":null}},"20":{"start":{"line":20,"column":13},"end":{"line":77,"column":null}}},"fnMap":{"0":{"name":"(anonymous_4)","decl":{"start":{"line":21,"column":2},"end":{"line":21,"column":null}},"loc":{"start":{"line":23,"column":55},"end":{"line":24,"column":6}}},"1":{"name":"(anonymous_5)","decl":{"start":{"line":40,"column":8},"end":{"line":40,"column":16}},"loc":{"start":{"line":42,"column":31},"end":{"line":76,"column":3}}}},"branchMap":{"0":{"loc":{"start":{"line":52,"column":4},"end":{"line":59,"column":5}},"type":"if","locations":[{"start":{"line":52,"column":4},"end":{"line":59,"column":5}},{"start":{},"end":{}}]},"1":{"loc":{"start":{"line":66,"column":19},"end":{"line":66,"column":58}},"type":"binary-expr","locations":[{"start":{"line":66,"column":19},"end":{"line":66,"column":25}},{"start":{"line":66,"column":29},"end":{"line":66,"column":58}}]},"2":{"loc":{"start":{"line":42,"column":17},"end":{"line":42,"column":null}},"type":"cond-expr","locations":[{"start":{"line":42,"column":31},"end":{"line":42,"column":null}},{"start":{"line":42,"column":31},"end":{"line":42,"column":null}}]},"3":{"loc":{"start":{"line":42,"column":17},"end":{"line":42,"column":31}},"type":"binary-expr","locations":[{"start":{"line":42,"column":17},"end":{"line":42,"column":null}},{"start":{"line":42,"column":17},"end":{"line":42,"column":31}}]},"4":{"loc":{"start":{"line":43,"column":5},"end":{"line":43,"column":null}},"type":"cond-expr","locations":[{"start":{"line":43,"column":12},"end":{"line":43,"column":null}},{"start":{"line":43,"column":12},"end":{"line":43,"column":null}}]},"5":{"loc":{"start":{"line":43,"column":5},"end":{"line":43,"column":12}},"type":"binary-expr","locations":[{"start":{"line":43,"column":5},"end":{"line":43,"column":null}},{"start":{"line":43,"column":5},"end":{"line":43,"column":12}}]},"6":{"loc":{"start":{"line":22,"column":40},"end":{"line":22,"column":null}},"type":"cond-expr","locations":[{"start":{"line":22,"column":57},"end":{"line":22,"column":null}},{"start":{"line":22,"column":57},"end":{"line":22,"column":null}}]},"7":{"loc":{"start":{"line":22,"column":40},"end":{"line":22,"column":57}},"type":"binary-expr","locations":[{"start":{"line":22,"column":40},"end":{"line":22,"column":null}},{"start":{"line":22,"column":40},"end":{"line":22,"column":57}}]},"8":{"loc":{"start":{"line":22,"column":57},"end":{"line":23,"column":null}},"type":"cond-expr","locations":[{"start":{"line":23,"column":55},"end":{"line":23,"column":null}},{"start":{"line":23,"column":55},"end":{"line":23,"column":null}}]},"9":{"loc":{"start":{"line":22,"column":57},"end":{"line":23,"column":55}},"type":"binary-expr","locations":[{"start":{"line":22,"column":57},"end":{"line":23,"column":null}},{"start":{"line":23,"column":39},"end":{"line":23,"column":55}}]}},"s":{"0":0,"1":0,"2":0,"3":0,"4":0,"5":0,"6":0,"7":0,"8":0,"9":0,"10":0,"11":0,"12":0,"13":0,"14":0,"15":0,"16":0,"17":0,"18":0,"19":0,"20":0},"f":{"0":0,"1":0},"b":{"0":[0,0],"1":[0,0],"2":[0,0],"3":[0,0],"4":[0,0],"5":[0,0],"6":[0,0],"7":[0,0],"8":[0,0],"9":[0,0]}}
,"D:\\CLAUDE\\licsence-key-shop\\apps\\backend\\src\\modules\\validation\\validation.module.ts": {"path":"D:\\CLAUDE\\licsence-key-shop\\apps\\backend\\src\\modules\\validation\\validation.module.ts","statementMap":{"0":{"start":{"line":1,"column":0},"end":{"line":1,"column":40}},"1":{"start":{"line":2,"column":0},"end":{"line":2,"column":63}},"2":{"start":{"line":3,"column":0},"end":{"line":3,"column":57}},"3":{"start":{"line":4,"column":0},"end":{"line":4,"column":56}},"4":{"start":{"line":5,"column":0},"end":{"line":5,"column":61}},"5":{"start":{"line":6,"column":0},"end":{"line":6,"column":60}},"6":{"start":{"line":7,"column":0},"end":{"line":7,"column":72}},"7":{"start":{"line":8,"column":0},"end":{"line":8,"column":52}},"8":{"start":{"line":16,"column":7},"end":{"line":16,"column":null}},"9":{"start":{"line":16,"column":13},"end":{"line":16,"column":29}},"10":{"start":{"line":16,"column":13},"end":{"line":16,"column":null}}},"fnMap":{},"branchMap":{},"s":{"0":0,"1":0,"2":0,"3":0,"4":0,"5":0,"6":0,"7":0,"8":0,"9":0,"10":0},"f":{},"b":{}}
,"D:\\CLAUDE\\licsence-key-shop\\apps\\backend\\src\\modules\\validation\\validation.service.ts": {"path":"D:\\CLAUDE\\licsence-key-shop\\apps\\backend\\src\\modules\\validation\\validation.service.ts","statementMap":{"0":{"start":{"line":1,"column":0},"end":{"line":1,"column":52}},"1":{"start":{"line":2,"column":0},"end":{"line":2,"column":74}},"2":{"start":{"line":3,"column":0},"end":{"line":3,"column":59}},"3":{"start":{"line":4,"column":0},"end":{"line":4,"column":54}},"4":{"start":{"line":8,"column":30},"end":{"line":121,"column":null}},"5":{"start":{"line":9,"column":28},"end":{"line":9,"column":62}},"6":{"start":{"line":12,"column":21},"end":{"line":12,"column":41}},"7":{"start":{"line":13,"column":21},"end":{"line":13,"column":29}},"8":{"start":{"line":14,"column":21},"end":{"line":14,"column":28}},"9":{"start":{"line":26,"column":21},"end":{"line":26,"column":46}},"10":{"start":{"line":27,"column":19},"end":{"line":27,"column":79}},"11":{"start":{"line":29,"column":4},"end":{"line":32,"column":5}},"12":{"start":{"line":30,"column":6},"end":{"line":30,"column":58}},"13":{"start":{"line":31,"column":6},"end":{"line":31,"column":20}},"14":{"start":{"line":35,"column":19},"end":{"line":35,"column":81}},"15":{"start":{"line":38,"column":23},"end":{"line":41,"column":6}},"16":{"start":{"line":44,"column":4},"end":{"line":56,"column":5}},"17":{"start":{"line":45,"column":6},"end":{"line":55,"column":9}},"18":{"start":{"line":59,"column":4},"end":{"line":59,"column":53}},"19":{"start":{"line":61,"column":4},"end":{"line":61,"column":18}},"20":{"start":{"line":68,"column":4},"end":{"line":74,"column":5}},"21":{"start":{"line":69,"column":23},"end":{"line":69,"column":48}},"22":{"start":{"line":70,"column":6},"end":{"line":70,"column":45}},"23":{"start":{"line":73,"column":6},"end":{"line":73,"column":92}},"24":{"start":{"line":81,"column":80},"end":{"line":81,"column":92}},"25":{"start":{"line":83,"column":4},"end":{"line":88,"column":5}},"26":{"start":{"line":84,"column":6},"end":{"line":87,"column":8}},"27":{"start":{"line":90,"column":48},"end":{"line":111,"column":6}},"28":{"start":{"line":113,"column":4},"end":{"line":119,"column":6}},"29":{"start":{"line":8,"column":13},"end":{"line":8,"column":30}},"30":{"start":{"line":8,"column":13},"end":{"line":121,"column":null}}},"fnMap":{"0":{"name":"(anonymous_2)","decl":{"start":{"line":11,"column":2},"end":{"line":11,"column":null}},"loc":{"start":{"line":14,"column":40},"end":{"line":15,"column":6}}},"1":{"name":"(anonymous_3)","decl":{"start":{"line":20,"column":2},"end":{"line":20,"column":7}},"loc":{"start":{"line":23,"column":33},"end":{"line":62,"column":3}}},"2":{"name":"(anonymous_4)","decl":{"start":{"line":67,"column":2},"end":{"line":67,"column":7}},"loc":{"start":{"line":67,"column":41},"end":{"line":75,"column":3}}},"3":{"name":"(anonymous_5)","decl":{"start":{"line":80,"column":2},"end":{"line":80,"column":7}},"loc":{"start":{"line":80,"column":81},"end":{"line":120,"column":3}}}},"branchMap":{"0":{"loc":{"start":{"line":29,"column":4},"end":{"line":32,"column":5}},"type":"if","locations":[{"start":{"line":29,"column":4},"end":{"line":32,"column":5}},{"start":{},"end":{}}]},"1":{"loc":{"start":{"line":44,"column":4},"end":{"line":56,"column":5}},"type":"if","locations":[{"start":{"line":44,"column":4},"end":{"line":56,"column":5}},{"start":{},"end":{}}]},"2":{"loc":{"start":{"line":50,"column":28},"end":{"line":50,"column":58}},"type":"binary-expr","locations":[{"start":{"line":50,"column":28},"end":{"line":50,"column":41}},{"start":{"line":50,"column":45},"end":{"line":50,"column":58}}]},"3":{"loc":{"start":{"line":83,"column":4},"end":{"line":88,"column":5}},"type":"if","locations":[{"start":{"line":83,"column":4},"end":{"line":88,"column":5}},{"start":{},"end":{}}]},"4":{"loc":{"start":{"line":117,"column":19},"end":{"line":117,"column":61}},"type":"cond-expr","locations":[{"start":{"line":117,"column":31},"end":{"line":117,"column":57}},{"start":{"line":117,"column":60},"end":{"line":117,"column":61}}]},"5":{"loc":{"start":{"line":12,"column":41},"end":{"line":12,"column":null}},"type":"cond-expr","locations":[{"start":{"line":12,"column":59},"end":{"line":12,"column":null}},{"start":{"line":12,"column":59},"end":{"line":12,"column":null}}]},"6":{"loc":{"start":{"line":12,"column":41},"end":{"line":12,"column":59}},"type":"binary-expr","locations":[{"start":{"line":12,"column":41},"end":{"line":12,"column":null}},{"start":{"line":12,"column":41},"end":{"line":12,"column":59}}]},"7":{"loc":{"start":{"line":12,"column":59},"end":{"line":13,"column":null}},"type":"cond-expr","locations":[{"start":{"line":13,"column":42},"end":{"line":13,"column":null}},{"start":{"line":13,"column":42},"end":{"line":13,"column":null}}]},"8":{"loc":{"start":{"line":12,"column":59},"end":{"line":13,"column":42}},"type":"binary-expr","locations":[{"start":{"line":12,"column":59},"end":{"line":13,"column":null}},{"start":{"line":13,"column":29},"end":{"line":13,"column":42}}]},"9":{"loc":{"start":{"line":13,"column":42},"end":{"line":14,"column":null}},"type":"cond-expr","locations":[{"start":{"line":14,"column":40},"end":{"line":14,"column":null}},{"start":{"line":14,"column":40},"end":{"line":14,"column":null}}]},"10":{"loc":{"start":{"line":13,"column":42},"end":{"line":14,"column":40}},"type":"binary-expr","locations":[{"start":{"line":13,"column":42},"end":{"line":14,"column":null}},{"start":{"line":14,"column":28},"end":{"line":14,"column":40}}]}},"s":{"0":1,"1":1,"2":1,"3":1,"4":1,"5":17,"6":17,"7":17,"8":17,"9":8,"10":8,"11":8,"12":2,"13":2,"14":6,"15":6,"16":6,"17":5,"18":6,"19":6,"20":2,"21":2,"22":2,"23":1,"24":7,"25":7,"26":1,"27":7,"28":7,"29":1,"30":1},"f":{"0":17,"1":8,"2":2,"3":7},"b":{"0":[2,6],"1":[5,1],"2":[5,4],"3":[1,6],"4":[6,1],"5":[1,0],"6":[1,1],"7":[1,0],"8":[1,1],"9":[1,0],"10":[1,1]}}
,"D:\\CLAUDE\\licsence-key-shop\\apps\\backend\\src\\modules\\validation\\dto\\validate-key.dto.ts": {"path":"D:\\CLAUDE\\licsence-key-shop\\apps\\backend\\src\\modules\\validation\\dto\\validate-key.dto.ts","statementMap":{"0":{"start":{"line":1,"column":0},"end":{"line":1,"column":77}},"1":{"start":{"line":2,"column":0},"end":{"line":2,"column":46}},"2":{"start":{"line":4,"column":0},"end":{"line":4,"column":13}},"3":{"start":{"line":8,"column":2},"end":{"line":8,"column":null}},"4":{"start":{"line":13,"column":2},"end":{"line":13,"column":null}},"5":{"start":{"line":22,"column":2},"end":{"line":22,"column":null}},"6":{"start":{"line":25,"column":0},"end":{"line":25,"column":13}},"7":{"start":{"line":27,"column":2},"end":{"line":27,"column":null}},"8":{"start":{"line":30,"column":2},"end":{"line":30,"column":null}},"9":{"start":{"line":33,"column":2},"end":{"line":33,"column":null}},"10":{"start":{"line":36,"column":2},"end":{"line":36,"column":null}},"11":{"start":{"line":39,"column":2},"end":{"line":39,"column":null}},"12":{"start":{"line":42,"column":2},"end":{"line":42,"column":null}},"13":{"start":{"line":45,"column":2},"end":{"line":45,"column":null}},"14":{"start":{"line":48,"column":2},"end":{"line":48,"column":null}},"15":{"start":{"line":51,"column":2},"end":{"line":51,"column":null}},"16":{"start":{"line":54,"column":2},"end":{"line":54,"column":null}},"17":{"start":{"line":57,"column":0},"end":{"line":57,"column":13}},"18":{"start":{"line":59,"column":2},"end":{"line":59,"column":null}},"19":{"start":{"line":62,"column":2},"end":{"line":62,"column":null}},"20":{"start":{"line":65,"column":2},"end":{"line":65,"column":null}},"21":{"start":{"line":68,"column":2},"end":{"line":68,"column":null}}},"fnMap":{},"branchMap":{"0":{"loc":{"start":{"line":22,"column":13},"end":{"line":22,"column":33}},"type":"cond-expr","locations":[{"start":{"line":22,"column":19},"end":{"line":22,"column":33}},{"start":{"line":22,"column":19},"end":{"line":22,"column":33}}]},"1":{"loc":{"start":{"line":22,"column":13},"end":{"line":22,"column":19}},"type":"binary-expr","locations":[{"start":{"line":22,"column":13},"end":{"line":22,"column":33}},{"start":{"line":22,"column":13},"end":{"line":22,"column":19}}]},"2":{"loc":{"start":{"line":48,"column":14},"end":{"line":48,"column":19}},"type":"cond-expr","locations":[{"start":{"line":48,"column":18},"end":{"line":48,"column":19}},{"start":{"line":48,"column":18},"end":{"line":48,"column":19}}]},"3":{"loc":{"start":{"line":48,"column":14},"end":{"line":48,"column":18}},"type":"binary-expr","locations":[{"start":{"line":48,"column":14},"end":{"line":48,"column":19}},{"start":{"line":48,"column":14},"end":{"line":48,"column":18}}]},"4":{"loc":{"start":{"line":51,"column":15},"end":{"line":51,"column":20}},"type":"cond-expr","locations":[{"start":{"line":51,"column":19},"end":{"line":51,"column":20}},{"start":{"line":51,"column":19},"end":{"line":51,"column":20}}]},"5":{"loc":{"start":{"line":51,"column":15},"end":{"line":51,"column":19}},"type":"binary-expr","locations":[{"start":{"line":51,"column":15},"end":{"line":51,"column":20}},{"start":{"line":51,"column":15},"end":{"line":51,"column":19}}]},"6":{"loc":{"start":{"line":54,"column":13},"end":{"line":54,"column":33}},"type":"cond-expr","locations":[{"start":{"line":54,"column":19},"end":{"line":54,"column":33}},{"start":{"line":54,"column":19},"end":{"line":54,"column":33}}]},"7":{"loc":{"start":{"line":54,"column":13},"end":{"line":54,"column":19}},"type":"binary-expr","locations":[{"start":{"line":54,"column":13},"end":{"line":54,"column":33}},{"start":{"line":54,"column":13},"end":{"line":54,"column":19}}]},"8":{"loc":{"start":{"line":65,"column":11},"end":{"line":65,"column":16}},"type":"cond-expr","locations":[{"start":{"line":65,"column":15},"end":{"line":65,"column":16}},{"start":{"line":65,"column":15},"end":{"line":65,"column":16}}]},"9":{"loc":{"start":{"line":65,"column":11},"end":{"line":65,"column":15}},"type":"binary-expr","locations":[{"start":{"line":65,"column":11},"end":{"line":65,"column":16}},{"start":{"line":65,"column":11},"end":{"line":65,"column":15}}]}},"s":{"0":0,"1":0,"2":0,"3":0,"4":0,"5":0,"6":0,"7":0,"8":0,"9":0,"10":0,"11":0,"12":0,"13":0,"14":0,"15":0,"16":0,"17":0,"18":0,"19":0,"20":0,"21":0},"f":{},"b":{"0":[0,0],"1":[0,0],"2":[0,0],"3":[0,0],"4":[0,0],"5":[0,0],"6":[0,0],"7":[0,0],"8":[0,0],"9":[0,0]}}
}
