TN:
SF:src\app.controller.ts
FN:6,(anonymous_2)
FN:9,(anonymous_3)
FNF:2
FNH:2
FNDA:1,(anonymous_2)
FNDA:1,(anonymous_3)
DA:1,1
DA:2,1
DA:5,1
DA:6,1
DA:9,1
DA:10,1
LF:6
LH:6
BRDA:6,0,0,1
BRDA:6,0,1,0
BRDA:6,1,0,1
BRDA:6,1,1,1
BRF:4
BRH:3
end_of_record
TN:
SF:src\app.module.ts
FNF:0
FNH:0
DA:1,0
DA:2,0
DA:3,0
DA:4,0
DA:5,0
DA:6,0
DA:7,0
DA:8,0
DA:9,0
DA:10,0
DA:11,0
DA:12,0
DA:13,0
DA:14,0
DA:15,0
DA:16,0
DA:17,0
DA:57,0
LF:18
LH:0
BRF:0
BRH:0
end_of_record
TN:
SF:src\app.service.ts
FN:5,(anonymous_1)
FNF:1
FNH:1
FNDA:1,(anonymous_1)
DA:1,1
DA:4,1
DA:6,1
LF:3
LH:3
BRF:0
BRH:0
end_of_record
TN:
SF:src\main.ts
FN:8,bootstrap
FNF:1
FNH:0
FNDA:0,bootstrap
DA:1,0
DA:2,0
DA:3,0
DA:4,0
DA:5,0
DA:6,0
DA:9,0
DA:11,0
DA:16,0
DA:19,0
DA:34,0
DA:35,0
DA:43,0
DA:55,0
DA:74,0
DA:75,0
DA:77,0
DA:78,0
DA:80,0
DA:81,0
DA:82,0
DA:83,0
DA:86,0
LF:23
LH:0
BRDA:34,0,0,0
BRDA:34,0,1,0
BRDA:77,1,0,0
BRDA:77,1,1,0
BRF:4
BRH:0
end_of_record
TN:
SF:src\common\constants.ts
FNF:0
FNH:0
DA:5,0
DA:6,0
DA:7,0
DA:10,0
DA:11,0
DA:14,0
DA:22,0
DA:23,0
LF:8
LH:0
BRF:0
BRH:0
end_of_record
TN:
SF:src\common\config\config.module.ts
FNF:0
FNH:0
DA:5,0
DA:6,0
DA:7,0
DA:23,0
LF:4
LH:0
BRF:0
BRH:0
end_of_record
TN:
SF:src\common\config\env-validation.schema.ts
FNF:0
FNH:0
DA:6,0
DA:8,0
DA:11,0
DA:15,0
DA:19,0
DA:23,0
DA:27,0
DA:30,0
DA:34,0
DA:38,0
DA:41,0
DA:45,0
DA:49,0
DA:53,0
DA:57,0
DA:60,0
DA:63,0
DA:68,0
DA:72,0
DA:76,0
DA:79,0
LF:21
LH:0
BRF:0
BRH:0
end_of_record
TN:
SF:src\common\decorators\api-key.decorator.ts
FN:3,(anonymous_0)
FNF:1
FNH:0
FNDA:0,(anonymous_0)
DA:1,0
DA:3,0
DA:4,0
DA:5,0
LF:4
LH:0
BRF:0
BRH:0
end_of_record
TN:
SF:src\common\decorators\roles.decorator.ts
FN:8,(anonymous_0)
FNF:1
FNH:0
FNDA:0,(anonymous_0)
DA:1,0
DA:7,0
DA:8,0
LF:3
LH:0
BRF:0
BRH:0
end_of_record
TN:
SF:src\common\filters\security-exception.filter.ts
FN:15,(anonymous_1)
FNF:1
FNH:0
FNDA:0,(anonymous_1)
DA:1,0
DA:12,0
DA:13,0
DA:16,0
DA:17,0
DA:18,0
DA:20,0
DA:21,0
DA:24,0
DA:29,0
DA:30,0
DA:40,0
LF:12
LH:0
BRDA:24,0,0,0
BRDA:24,0,1,0
BRDA:29,1,0,0
BRDA:29,1,1,0
BRDA:29,2,0,0
BRDA:29,2,1,0
BRF:6
BRH:0
end_of_record
TN:
SF:src\common\guards\admin.guard.ts
FN:10,(anonymous_2)
FN:12,(anonymous_3)
FNF:2
FNH:0
FNDA:0,(anonymous_2)
FNDA:0,(anonymous_3)
DA:1,0
DA:2,0
DA:9,0
DA:10,0
DA:13,0
DA:14,0
DA:16,0
DA:17,0
DA:20,0
DA:21,0
DA:24,0
LF:11
LH:0
BRDA:16,0,0,0
BRDA:16,0,1,0
BRDA:20,1,0,0
BRDA:20,1,1,0
BRDA:10,2,0,0
BRDA:10,2,1,0
BRDA:10,3,0,0
BRDA:10,3,1,0
BRF:8
BRH:0
end_of_record
TN:
SF:src\common\guards\api-key.guard.ts
FN:9,(anonymous_2)
FN:11,(anonymous_3)
FNF:2
FNH:0
FNDA:0,(anonymous_2)
FNDA:0,(anonymous_3)
DA:1,0
DA:2,0
DA:3,0
DA:6,0
DA:7,0
DA:9,0
DA:12,0
DA:13,0
DA:15,0
DA:16,0
DA:20,0
DA:21,0
DA:22,0
DA:25,0
DA:26,0
DA:28,0
DA:30,0
DA:31,0
DA:32,0
DA:36,0
DA:38,0
LF:21
LH:0
BRDA:15,0,0,0
BRDA:15,0,1,0
BRDA:21,1,0,0
BRDA:21,1,1,0
BRDA:21,2,0,0
BRDA:21,2,1,0
BRDA:30,3,0,0
BRDA:30,3,1,0
BRDA:9,4,0,0
BRDA:9,4,1,0
BRDA:9,5,0,0
BRDA:9,5,1,0
BRF:12
BRH:0
end_of_record
TN:
SF:src\common\guards\clerk-auth.guard.ts
FN:13,(anonymous_2)
FN:15,(anonymous_3)
FNF:2
FNH:0
FNDA:0,(anonymous_2)
FNDA:0,(anonymous_3)
DA:1,0
DA:2,0
DA:3,0
DA:10,0
DA:11,0
DA:13,0
DA:16,0
DA:17,0
DA:19,0
DA:20,0
DA:21,0
DA:25,0
DA:27,0
DA:28,0
DA:29,0
DA:32,0
DA:34,0
DA:38,0
DA:39,0
DA:40,0
DA:44,0
DA:47,0
DA:48,0
DA:50,0
DA:52,0
DA:53,0
LF:26
LH:0
BRDA:19,0,0,0
BRDA:19,0,1,0
BRDA:27,1,0,0
BRDA:27,1,1,0
BRDA:38,2,0,0
BRDA:38,2,1,0
BRDA:13,3,0,0
BRDA:13,3,1,0
BRDA:13,4,0,0
BRDA:13,4,1,0
BRF:10
BRH:0
end_of_record
TN:
SF:src\common\guards\ip-block.guard.ts
FN:15,(anonymous_2)
FN:20,(anonymous_3)
FNF:2
FNH:0
FNDA:0,(anonymous_2)
FNDA:0,(anonymous_3)
DA:1,0
DA:8,0
DA:9,0
DA:12,0
DA:13,0
DA:16,0
DA:17,0
DA:21,0
DA:22,0
DA:24,0
DA:26,0
DA:27,0
DA:28,0
DA:32,0
DA:33,0
DA:34,0
DA:38,0
DA:39,0
DA:40,0
DA:44,0
DA:45,0
DA:46,0
DA:49,0
DA:51,0
DA:52,0
DA:55,0
DA:57,0
LF:27
LH:0
BRDA:27,0,0,0
BRDA:27,0,1,0
BRDA:33,1,0,0
BRDA:33,1,1,0
BRDA:39,2,0,0
BRDA:39,2,1,0
BRDA:45,3,0,0
BRDA:45,3,1,0
BRDA:51,4,0,0
BRDA:51,4,1,0
BRDA:16,5,0,0
BRDA:16,5,1,0
BRDA:16,6,0,0
BRDA:16,6,1,0
BRDA:16,7,0,0
BRDA:16,7,1,0
BRDA:16,8,0,0
BRDA:16,8,1,0
BRF:18
BRH:0
end_of_record
TN:
SF:src\common\guards\rate-limit.guard.ts
FN:15,(anonymous_2)
FN:17,(anonymous_3)
FN:118,(anonymous_4)
FN:130,(anonymous_5)
FNF:4
FNH:0
FNDA:0,(anonymous_2)
FNDA:0,(anonymous_3)
FNDA:0,(anonymous_4)
FNDA:0,(anonymous_5)
DA:1,0
DA:9,0
DA:12,0
DA:13,0
DA:15,0
DA:18,0
DA:19,0
DA:22,0
DA:28,0
DA:29,0
DA:31,0
DA:33,0
DA:34,0
DA:35,0
DA:36,0
DA:49,0
DA:50,0
DA:52,0
DA:54,0
DA:55,0
DA:68,0
DA:69,0
DA:71,0
DA:72,0
DA:86,0
DA:87,0
DA:89,0
DA:90,0
DA:103,0
DA:105,0
DA:106,0
DA:109,0
DA:111,0
DA:122,0
DA:123,0
DA:124,0
DA:131,0
DA:133,0
DA:134,0
DA:137,0
DA:138,0
DA:141,0
DA:142,0
DA:145,0
LF:44
LH:0
BRDA:22,0,0,0
BRDA:22,0,1,0
BRDA:22,0,2,0
BRDA:22,0,3,0
BRDA:22,0,4,0
BRDA:34,1,0,0
BRDA:34,1,1,0
BRDA:54,2,0,0
BRDA:54,2,1,0
BRDA:68,3,0,0
BRDA:68,3,1,0
BRDA:71,4,0,0
BRDA:71,4,1,0
BRDA:86,5,0,0
BRDA:86,5,1,0
BRDA:89,6,0,0
BRDA:89,6,1,0
BRDA:105,7,0,0
BRDA:105,7,1,0
BRDA:131,8,0,0
BRDA:131,8,1,0
BRDA:133,9,0,0
BRDA:133,9,1,0
BRDA:133,10,0,0
BRDA:133,10,1,0
BRDA:137,11,0,0
BRDA:137,11,1,0
BRDA:137,12,0,0
BRDA:137,12,1,0
BRDA:137,12,2,0
BRDA:141,13,0,0
BRDA:141,13,1,0
BRDA:15,14,0,0
BRDA:15,14,1,0
BRDA:15,15,0,0
BRDA:15,15,1,0
BRF:36
BRH:0
end_of_record
TN:
SF:src\common\guards\roles.guard.ts
FN:11,(anonymous_2)
FN:13,(anonymous_3)
FNF:2
FNH:0
FNDA:0,(anonymous_2)
FNDA:0,(anonymous_3)
DA:1,0
DA:2,0
DA:3,0
DA:10,0
DA:11,0
DA:15,0
DA:21,0
DA:22,0
DA:26,0
DA:27,0
DA:29,0
DA:30,0
DA:34,0
DA:36,0
DA:37,0
DA:42,0
LF:16
LH:0
BRDA:21,0,0,0
BRDA:21,0,1,0
BRDA:21,1,0,0
BRDA:21,1,1,0
BRDA:29,2,0,0
BRDA:29,2,1,0
BRDA:36,3,0,0
BRDA:36,3,1,0
BRDA:11,4,0,0
BRDA:11,4,1,0
BRDA:11,5,0,0
BRDA:11,5,1,0
BRF:12
BRH:0
end_of_record
TN:
SF:src\common\interceptors\security-logging.interceptor.ts
FN:15,(anonymous_1)
FN:36,(anonymous_2)
FN:49,(anonymous_3)
FNF:3
FNH:0
FNDA:0,(anonymous_1)
FNDA:0,(anonymous_2)
FNDA:0,(anonymous_3)
DA:1,0
DA:9,0
DA:12,0
DA:13,0
DA:16,0
DA:17,0
DA:19,0
DA:20,0
DA:21,0
DA:23,0
DA:25,0
DA:34,0
DA:37,0
DA:38,0
DA:40,0
DA:50,0
DA:51,0
DA:53,0
LF:18
LH:0
BRDA:51,0,0,0
BRDA:51,0,1,0
BRF:2
BRH:0
end_of_record
TN:
SF:src\common\utils\key-encoder.ts
FN:15,(anonymous_0)
FN:35,(anonymous_1)
FN:50,(anonymous_2)
FNF:3
FNH:0
FNDA:0,(anonymous_0)
FNDA:0,(anonymous_1)
FNDA:0,(anonymous_2)
DA:1,2
DA:2,2
DA:9,2
DA:17,0
DA:19,0
DA:20,0
DA:24,0
DA:27,0
DA:36,0
DA:37,0
DA:41,0
DA:42,0
DA:51,0
LF:13
LH:3
BRDA:19,0,0,0
BRDA:19,0,1,0
BRDA:36,1,0,0
BRDA:36,1,1,0
BRF:4
BRH:0
end_of_record
TN:
SF:src\common\utils\key-formatter.ts
FN:14,(anonymous_0)
FN:33,(anonymous_1)
FN:52,(anonymous_2)
FNF:3
FNH:0
FNDA:0,(anonymous_0)
FNDA:0,(anonymous_1)
FNDA:0,(anonymous_2)
DA:1,2
DA:8,2
DA:15,0
DA:16,0
DA:19,0
DA:20,0
DA:34,0
DA:36,0
DA:37,0
DA:40,0
DA:41,0
DA:44,0
DA:53,0
DA:54,0
DA:55,0
DA:57,0
LF:16
LH:2
BRDA:15,0,0,0
BRDA:15,0,1,0
BRDA:36,1,0,0
BRDA:36,1,1,0
BRDA:40,2,0,0
BRDA:40,2,1,0
BRF:6
BRH:0
end_of_record
TN:
SF:src\modules\api-keys\api-keys.controller.ts
FN:20,(anonymous_4)
FN:25,(anonymous_5)
FN:33,(anonymous_6)
FN:41,(anonymous_7)
FN:49,(anonymous_8)
FNF:5
FNH:0
FNDA:0,(anonymous_4)
FNDA:0,(anonymous_5)
FNDA:0,(anonymous_6)
FNDA:0,(anonymous_7)
FNDA:0,(anonymous_8)
DA:1,0
DA:11,0
DA:12,0
DA:13,0
DA:19,0
DA:20,0
DA:25,0
DA:26,0
DA:27,0
DA:33,0
DA:34,0
DA:35,0
DA:41,0
DA:42,0
DA:43,0
DA:49,0
DA:50,0
DA:51,0
LF:18
LH:0
BRDA:26,0,0,0
BRDA:26,0,1,0
BRDA:34,1,0,0
BRDA:34,1,1,0
BRDA:42,2,0,0
BRDA:42,2,1,0
BRDA:50,3,0,0
BRDA:50,3,1,0
BRDA:20,4,0,0
BRDA:20,4,1,0
BRDA:20,5,0,0
BRDA:20,5,1,0
BRF:12
BRH:0
end_of_record
TN:
SF:src\modules\api-keys\api-keys.module.ts
FNF:0
FNH:0
DA:1,0
DA:2,0
DA:3,0
DA:4,0
DA:12,0
LF:5
LH:0
BRF:0
BRH:0
end_of_record
TN:
SF:src\modules\api-keys\api-keys.service.ts
FN:9,(anonymous_2)
FN:14,(anonymous_3)
FN:51,(anonymous_4)
FN:81,(anonymous_5)
FN:106,(anonymous_6)
FN:126,(anonymous_7)
FNF:6
FNH:3
FNDA:5,(anonymous_2)
FNDA:2,(anonymous_3)
FNDA:2,(anonymous_4)
FNDA:0,(anonymous_5)
FNDA:0,(anonymous_6)
FNDA:0,(anonymous_7)
DA:1,1
DA:2,1
DA:3,1
DA:6,1
DA:7,5
DA:9,5
DA:16,2
DA:17,2
DA:20,2
DA:24,2
DA:25,1
DA:29,1
DA:38,1
DA:39,1
DA:52,2
DA:57,2
DA:58,1
DA:61,1
DA:62,0
DA:65,1
DA:66,0
DA:70,1
DA:75,1
DA:82,0
DA:86,0
DA:87,0
DA:90,0
DA:91,0
DA:94,0
DA:99,0
DA:100,0
DA:107,0
DA:127,0
DA:131,0
DA:132,0
DA:135,0
DA:139,0
DA:143,0
DA:145,0
LF:39
LH:21
BRDA:24,0,0,1
BRDA:24,0,1,1
BRDA:34,1,0,1
BRDA:34,1,1,1
BRDA:57,2,0,1
BRDA:57,2,1,1
BRDA:61,3,0,0
BRDA:61,3,1,1
BRDA:61,4,0,1
BRDA:61,4,1,1
BRDA:61,4,2,0
BRDA:65,5,0,0
BRDA:65,5,1,1
BRDA:65,6,0,1
BRDA:65,6,1,0
BRDA:86,7,0,0
BRDA:86,7,1,0
BRDA:90,8,0,0
BRDA:90,8,1,0
BRDA:131,9,0,0
BRDA:131,9,1,0
BRDA:9,10,0,1
BRDA:9,10,1,0
BRDA:9,11,0,1
BRDA:9,11,1,1
BRF:25
BRH:14
end_of_record
TN:
SF:src\modules\auth\auth.module.ts
FNF:0
FNH:0
DA:1,0
DA:2,0
DA:3,0
DA:4,0
DA:5,0
DA:17,0
LF:6
LH:0
BRF:0
BRH:0
end_of_record
TN:
SF:src\modules\auth\clerk-auth.guard.ts
FN:18,(anonymous_2)
FN:20,(anonymous_3)
FNF:2
FNH:0
FNDA:0,(anonymous_2)
FNDA:0,(anonymous_3)
DA:1,0
DA:8,0
DA:15,0
DA:16,0
DA:18,0
DA:21,0
DA:23,0
DA:25,0
DA:27,0
DA:28,0
DA:32,0
DA:34,0
DA:35,0
DA:39,0
DA:41,0
DA:42,0
DA:46,0
DA:48,0
DA:49,0
DA:53,0
DA:55,0
DA:57,0
DA:58,0
LF:23
LH:0
BRDA:27,0,0,0
BRDA:27,0,1,0
BRDA:34,1,0,0
BRDA:34,1,1,0
BRDA:41,2,0,0
BRDA:41,2,1,0
BRDA:48,3,0,0
BRDA:48,3,1,0
BRDA:18,4,0,0
BRDA:18,4,1,0
BRDA:18,5,0,0
BRDA:18,5,1,0
BRF:12
BRH:0
end_of_record
TN:
SF:src\modules\auth\clerk.controller.ts
FN:13,(anonymous_4)
FN:17,(anonymous_5)
FNF:2
FNH:0
FNDA:0,(anonymous_4)
FNDA:0,(anonymous_5)
DA:1,0
DA:2,0
DA:10,0
DA:11,0
DA:13,0
DA:17,0
DA:18,0
DA:19,0
DA:21,0
DA:23,0
DA:24,0
DA:27,0
DA:28,0
DA:31,0
DA:32,0
DA:34,0
DA:37,0
DA:40,0
DA:42,0
DA:43,0
LF:20
LH:0
BRDA:21,0,0,0
BRDA:21,0,1,0
BRDA:21,0,2,0
BRDA:21,0,3,0
BRDA:31,1,0,0
BRDA:31,1,1,0
BRDA:13,2,0,0
BRDA:13,2,1,0
BRDA:13,3,0,0
BRDA:13,3,1,0
BRF:10
BRH:0
end_of_record
TN:
SF:src\modules\auth\clerk.service.ts
FN:18,(anonymous_3)
FN:34,(anonymous_4)
FN:57,(anonymous_5)
FN:67,(anonymous_6)
FN:103,(anonymous_7)
FN:127,(anonymous_8)
FN:146,(anonymous_9)
FN:156,(anonymous_10)
FNF:8
FNH:0
FNDA:0,(anonymous_3)
FNDA:0,(anonymous_4)
FNDA:0,(anonymous_5)
FNDA:0,(anonymous_6)
FNDA:0,(anonymous_7)
FNDA:0,(anonymous_8)
FNDA:0,(anonymous_9)
FNDA:0,(anonymous_10)
DA:1,0
DA:2,0
DA:3,0
DA:4,0
DA:5,0
DA:12,0
DA:13,0
DA:19,0
DA:20,0
DA:22,0
DA:23,0
DA:24,0
DA:35,0
DA:36,0
DA:37,0
DA:40,0
DA:44,0
DA:46,0
DA:47,0
DA:60,0
DA:68,0
DA:69,0
DA:72,0
DA:76,0
DA:77,0
DA:78,0
DA:82,0
DA:91,0
DA:92,0
DA:94,0
DA:95,0
DA:104,0
DA:105,0
DA:107,0
DA:115,0
DA:116,0
DA:118,0
DA:119,0
DA:128,0
DA:129,0
DA:135,0
DA:136,0
DA:138,0
DA:139,0
DA:147,0
DA:157,0
DA:159,0
DA:161,0
DA:162,0
DA:164,0
DA:166,0
DA:167,0
DA:171,0
LF:53
LH:0
BRDA:22,0,0,0
BRDA:22,0,1,0
BRDA:23,1,0,0
BRDA:23,1,1,0
BRDA:36,2,0,0
BRDA:36,2,1,0
BRDA:76,3,0,0
BRDA:76,3,1,0
BRDA:85,4,0,0
BRDA:85,4,1,0
BRDA:86,5,0,0
BRDA:86,5,1,0
BRDA:86,6,0,0
BRDA:86,6,1,0
BRDA:86,7,0,0
BRDA:86,7,1,0
BRDA:111,8,0,0
BRDA:111,8,1,0
BRDA:111,9,0,0
BRDA:111,9,1,0
BRDA:111,10,0,0
BRDA:111,10,1,0
BRDA:159,11,0,0
BRDA:159,11,1,0
BRDA:19,12,0,0
BRDA:19,12,1,0
BRDA:19,13,0,0
BRDA:19,13,1,0
BRDA:19,14,0,0
BRDA:19,14,1,0
BRDA:19,15,0,0
BRDA:19,15,1,0
BRF:32
BRH:0
end_of_record
TN:
SF:src\modules\auth\roles.decorator.ts
FN:5,(anonymous_0)
FNF:1
FNH:0
FNDA:0,(anonymous_0)
DA:1,0
DA:4,0
DA:5,0
LF:3
LH:0
BRF:0
BRH:0
end_of_record
TN:
SF:src\modules\auth\roles.guard.ts
FN:8,(anonymous_2)
FN:10,(anonymous_3)
FN:27,(anonymous_4)
FNF:3
FNH:0
FNDA:0,(anonymous_2)
FNDA:0,(anonymous_3)
FNDA:0,(anonymous_4)
DA:1,0
DA:2,0
DA:4,0
DA:7,0
DA:8,0
DA:11,0
DA:16,0
DA:17,0
DA:20,0
DA:21,0
DA:23,0
DA:24,0
DA:27,0
DA:29,0
DA:30,0
DA:33,0
LF:16
LH:0
BRDA:16,0,0,0
BRDA:16,0,1,0
BRDA:16,1,0,0
BRDA:16,1,1,0
BRDA:23,2,0,0
BRDA:23,2,1,0
BRDA:29,3,0,0
BRDA:29,3,1,0
BRDA:8,4,0,0
BRDA:8,4,1,0
BRDA:8,5,0,0
BRDA:8,5,1,0
BRF:12
BRH:0
end_of_record
TN:
SF:src\modules\database\database.module.ts
FNF:0
FNH:0
DA:6,0
DA:7,0
DA:14,0
LF:3
LH:0
BRF:0
BRH:0
end_of_record
TN:
SF:src\modules\database\prisma.service.ts
FN:13,(anonymous_2)
FN:24,(anonymous_3)
FN:31,(anonymous_4)
FN:36,(anonymous_5)
FN:46,(anonymous_6)
FN:54,(anonymous_7)
FNF:6
FNH:0
FNDA:0,(anonymous_2)
FNDA:0,(anonymous_3)
FNDA:0,(anonymous_4)
FNDA:0,(anonymous_5)
FNDA:0,(anonymous_6)
FNDA:0,(anonymous_7)
DA:6,4
DA:7,4
DA:10,4
DA:11,0
DA:14,0
DA:23,0
DA:24,0
DA:25,0
DA:26,0
DA:31,0
DA:32,0
DA:37,0
DA:38,0
DA:39,0
DA:41,0
DA:42,0
DA:47,0
DA:48,0
DA:55,0
DA:56,0
DA:60,0
DA:61,0
DA:62,0
DA:63,0
DA:64,0
DA:65,0
DA:66,0
DA:67,0
LF:28
LH:3
BRDA:23,0,0,0
BRDA:23,0,1,0
BRDA:55,1,0,0
BRDA:55,1,1,0
BRF:4
BRH:0
end_of_record
TN:
SF:src\modules\health\health.controller.ts
FN:12,(anonymous_2)
FN:18,(anonymous_3)
FN:35,(anonymous_4)
FN:40,(anonymous_5)
FN:44,(anonymous_6)
FNF:5
FNH:0
FNDA:0,(anonymous_2)
FNDA:0,(anonymous_3)
FNDA:0,(anonymous_4)
FNDA:0,(anonymous_5)
FNDA:0,(anonymous_6)
DA:6,0
DA:7,0
DA:8,0
DA:11,0
DA:13,0
DA:14,0
DA:18,0
DA:19,0
DA:20,0
DA:22,0
DA:24,0
DA:35,0
DA:36,0
DA:40,0
DA:41,0
DA:45,0
DA:47,0
DA:48,0
DA:52,0
LF:19
LH:0
BRDA:22,0,0,0
BRDA:22,0,1,0
BRDA:22,1,0,0
BRDA:22,1,1,0
BRDA:54,2,0,0
BRDA:54,2,1,0
BRDA:13,3,0,0
BRDA:13,3,1,0
BRDA:13,4,0,0
BRDA:13,4,1,0
BRDA:13,5,0,0
BRDA:13,5,1,0
BRDA:13,6,0,0
BRDA:13,6,1,0
BRF:14
BRH:0
end_of_record
TN:
SF:src\modules\health\health.module.ts
FNF:0
FNH:0
DA:5,0
DA:6,0
DA:7,0
DA:8,0
DA:14,0
LF:5
LH:0
BRF:0
BRH:0
end_of_record
TN:
SF:src\modules\invoices\invoices.controller.ts
FN:22,(anonymous_4)
FN:29,(anonymous_5)
FN:50,(anonymous_6)
FNF:3
FNH:0
FNDA:0,(anonymous_4)
FNDA:0,(anonymous_5)
FNDA:0,(anonymous_6)
DA:1,0
DA:10,0
DA:11,0
DA:19,0
DA:20,0
DA:22,0
DA:29,0
DA:30,0
DA:31,0
DA:32,0
DA:37,0
DA:38,0
DA:50,0
DA:55,0
DA:56,0
DA:57,0
DA:60,0
DA:61,0
DA:67,0
DA:72,0
DA:73,0
LF:21
LH:0
BRDA:52,0,0,0
BRDA:53,1,0,0
BRDA:56,2,0,0
BRDA:56,2,1,0
BRDA:22,3,0,0
BRDA:22,3,1,0
BRDA:22,4,0,0
BRDA:22,4,1,0
BRF:8
BRH:0
end_of_record
TN:
SF:src\modules\invoices\invoices.module.ts
FNF:0
FNH:0
DA:1,0
DA:2,0
DA:3,0
DA:4,0
DA:16,0
LF:5
LH:0
BRF:0
BRH:0
end_of_record
TN:
SF:src\modules\invoices\invoices.service.ts
FN:12,(anonymous_2)
FN:17,(anonymous_3)
FN:81,(anonymous_4)
FN:122,(anonymous_5)
FN:135,(anonymous_6)
FN:155,(anonymous_7)
FNF:6
FNH:0
FNDA:0,(anonymous_2)
FNDA:0,(anonymous_3)
FNDA:0,(anonymous_4)
FNDA:0,(anonymous_5)
FNDA:0,(anonymous_6)
FNDA:0,(anonymous_7)
DA:1,0
DA:2,0
DA:9,0
DA:10,0
DA:12,0
DA:18,0
DA:33,0
DA:34,0
DA:38,0
DA:41,0
DA:63,0
DA:73,0
DA:75,0
DA:82,0
DA:99,0
DA:100,0
DA:103,0
DA:105,0
DA:122,0
DA:136,0
DA:138,0
DA:155,0
DA:165,0
LF:23
LH:0
BRDA:33,0,0,0
BRDA:33,0,1,0
BRDA:46,1,0,0
BRDA:46,1,1,0
BRDA:55,2,0,0
BRDA:55,2,1,0
BRDA:99,3,0,0
BRDA:99,3,1,0
BRDA:103,4,0,0
BRDA:103,4,1,0
BRDA:110,5,0,0
BRDA:110,5,1,0
BRDA:119,6,0,0
BRDA:119,6,1,0
BRDA:135,7,0,0
BRDA:135,8,0,0
BRDA:156,9,0,0
BRDA:156,9,1,0
BRDA:12,10,0,0
BRDA:12,10,1,0
BRDA:12,11,0,0
BRDA:12,11,1,0
BRF:22
BRH:0
end_of_record
TN:
SF:src\modules\license-keys\crypto.service.ts
FN:17,(anonymous_11)
FN:31,(anonymous_12)
FN:51,(anonymous_13)
FN:69,(anonymous_14)
FN:81,(anonymous_15)
FN:97,(anonymous_16)
FN:109,(anonymous_17)
FN:134,(anonymous_18)
FN:152,(anonymous_19)
FN:170,(anonymous_20)
FN:182,(anonymous_21)
FN:212,constantTimeStringCompare
FNF:12
FNH:12
FNDA:31,(anonymous_11)
FNDA:56,(anonymous_12)
FNDA:49,(anonymous_13)
FNDA:82,(anonymous_14)
FNDA:38,(anonymous_15)
FNDA:5,(anonymous_16)
FNDA:6,(anonymous_17)
FNDA:31,(anonymous_18)
FNDA:30,(anonymous_19)
FNDA:30,(anonymous_20)
FNDA:29,(anonymous_21)
FNDA:38,constantTimeStringCompare
DA:1,3
DA:2,3
DA:3,3
DA:4,3
DA:11,3
DA:12,31
DA:19,31
DA:20,30
DA:21,30
DA:23,29
DA:32,56
DA:33,56
DA:34,56
DA:35,56
DA:37,56
DA:38,56
DA:40,0
DA:41,0
DA:52,49
DA:53,49
DA:54,49
DA:55,49
DA:57,49
DA:59,0
DA:60,0
DA:70,82
DA:71,82
DA:72,82
DA:82,38
DA:83,38
DA:84,38
DA:86,0
DA:87,0
DA:98,5
DA:99,5
DA:100,5
DA:110,6
DA:111,6
DA:113,6
DA:114,2
DA:118,4
DA:119,4
DA:120,2
DA:124,2
DA:126,0
DA:127,0
DA:135,31
DA:136,31
DA:137,30
DA:140,1
DA:141,1
DA:142,1
DA:144,1
DA:145,1
DA:153,30
DA:154,30
DA:155,30
DA:158,0
DA:159,0
DA:160,0
DA:162,0
DA:163,0
DA:171,30
DA:172,30
DA:173,1
DA:174,1
DA:176,29
DA:183,29
DA:185,29
DA:186,29
DA:188,29
DA:189,0
DA:193,29
DA:194,29
DA:195,0
DA:198,29
DA:200,0
DA:201,0
DA:213,38
DA:214,2
DA:217,36
DA:218,36
DA:219,1584
DA:222,36
LF:84
LH:67
BRDA:113,0,0,2
BRDA:113,0,1,4
BRDA:113,1,0,6
BRDA:113,1,1,6
BRDA:119,2,0,2
BRDA:119,2,1,2
BRDA:136,3,0,30
BRDA:136,3,1,1
BRDA:140,4,0,1
BRDA:140,4,1,1
BRDA:154,5,0,30
BRDA:154,5,1,0
BRDA:158,6,0,0
BRDA:158,6,1,0
BRDA:172,7,0,1
BRDA:172,7,1,29
BRDA:188,8,0,0
BRDA:188,8,1,29
BRDA:194,9,0,0
BRDA:194,9,1,29
BRDA:213,10,0,2
BRDA:213,10,1,36
BRF:22
BRH:17
end_of_record
TN:
SF:src\modules\license-keys\key-generator.service.ts
FN:14,(anonymous_2)
FN:21,(anonymous_3)
FN:46,(anonymous_4)
FN:79,(anonymous_5)
FN:128,(anonymous_6)
FNF:5
FNH:0
FNDA:0,(anonymous_2)
FNDA:0,(anonymous_3)
FNDA:0,(anonymous_4)
FNDA:0,(anonymous_5)
FNDA:0,(anonymous_6)
DA:1,2
DA:2,2
DA:3,2
DA:4,2
DA:11,2
DA:12,0
DA:14,0
DA:22,0
DA:24,0
DA:27,0
DA:30,0
DA:32,0
DA:33,0
DA:35,0
DA:36,0
DA:47,0
DA:48,0
DA:51,0
DA:52,0
DA:54,0
DA:55,0
DA:58,0
DA:59,0
DA:60,0
DA:61,0
DA:64,0
DA:65,0
DA:68,0
DA:69,0
DA:84,0
DA:85,0
DA:88,0
DA:89,0
DA:92,0
DA:93,0
DA:95,0
DA:96,0
DA:97,0
DA:98,0
DA:100,0
DA:101,0
DA:104,0
DA:105,0
DA:106,0
DA:107,0
DA:110,0
DA:111,0
DA:114,0
DA:115,0
DA:117,0
DA:120,0
DA:129,0
LF:52
LH:5
BRDA:47,0,0,0
BRDA:47,0,1,0
BRDA:47,1,0,0
BRDA:47,1,1,0
BRDA:58,2,0,0
BRDA:58,2,1,0
BRDA:82,3,0,0
BRDA:84,4,0,0
BRDA:84,4,1,0
BRDA:84,5,0,0
BRDA:84,5,1,0
BRDA:88,6,0,0
BRDA:88,6,1,0
BRDA:88,7,0,0
BRDA:88,7,1,0
BRDA:104,8,0,0
BRDA:104,8,1,0
BRDA:14,9,0,2
BRDA:14,9,1,0
BRDA:14,10,0,2
BRDA:14,10,1,2
BRF:21
BRH:3
end_of_record
TN:
SF:src\modules\license-keys\license-keys.controller.ts
FN:31,(anonymous_4)
FN:38,(anonymous_5)
FN:54,(anonymous_6)
FN:73,(anonymous_7)
FN:86,(anonymous_8)
FN:106,(anonymous_9)
FN:115,(anonymous_10)
FN:124,(anonymous_11)
FN:133,(anonymous_12)
FNF:9
FNH:0
FNDA:0,(anonymous_4)
FNDA:0,(anonymous_5)
FNDA:0,(anonymous_6)
FNDA:0,(anonymous_7)
FNDA:0,(anonymous_8)
FNDA:0,(anonymous_9)
FNDA:0,(anonymous_10)
FNDA:0,(anonymous_11)
FNDA:0,(anonymous_12)
DA:1,0
DA:12,0
DA:13,0
DA:19,0
DA:20,0
DA:21,0
DA:22,0
DA:23,0
DA:30,0
DA:31,0
DA:38,0
DA:39,0
DA:40,0
DA:54,0
DA:55,0
DA:63,0
DA:73,0
DA:74,0
DA:86,0
DA:87,0
DA:92,0
DA:106,0
DA:107,0
DA:115,0
DA:116,0
DA:124,0
DA:125,0
DA:133,0
DA:134,0
LF:29
LH:0
BRDA:38,0,0,0
BRDA:38,0,1,0
BRDA:38,1,0,0
BRDA:38,1,1,0
BRDA:38,2,0,0
BRDA:38,2,1,0
BRDA:38,3,0,0
BRDA:38,3,1,0
BRDA:54,4,0,0
BRDA:54,4,1,0
BRDA:54,5,0,0
BRDA:54,5,1,0
BRDA:73,6,0,0
BRDA:73,6,1,0
BRDA:73,7,0,0
BRDA:73,7,1,0
BRDA:73,8,0,0
BRDA:73,8,1,0
BRDA:73,9,0,0
BRDA:73,9,1,0
BRDA:86,10,0,0
BRDA:86,10,1,0
BRDA:86,11,0,0
BRDA:86,11,1,0
BRDA:86,12,0,0
BRDA:86,12,1,0
BRDA:86,13,0,0
BRDA:86,13,1,0
BRDA:124,14,0,0
BRDA:124,14,1,0
BRDA:124,15,0,0
BRDA:124,15,1,0
BRDA:124,16,0,0
BRDA:124,16,1,0
BRDA:124,17,0,0
BRDA:124,17,1,0
BRDA:31,18,0,0
BRDA:31,18,1,0
BRDA:31,19,0,0
BRDA:31,19,1,0
BRF:40
BRH:0
end_of_record
TN:
SF:src\modules\license-keys\license-keys.module.ts
FNF:0
FNH:0
DA:1,0
DA:2,0
DA:3,0
DA:4,0
DA:5,0
DA:6,0
DA:7,0
DA:29,0
LF:8
LH:0
BRF:0
BRH:0
end_of_record
TN:
SF:src\modules\license-keys\license-keys.service.ts
FN:17,(anonymous_2)
FN:26,(anonymous_3)
FN:65,(anonymous_4)
FN:87,(anonymous_5)
FN:105,(anonymous_6)
FN:228,(anonymous_7)
FN:257,(anonymous_8)
FN:276,(anonymous_9)
FN:295,(anonymous_10)
FN:323,(anonymous_11)
FN:346,(anonymous_12)
FN:371,(anonymous_13)
FN:384,(anonymous_14)
FNF:13
FNH:11
FNDA:26,(anonymous_2)
FNDA:5,(anonymous_3)
FNDA:2,(anonymous_4)
FNDA:10,(anonymous_5)
FNDA:7,(anonymous_6)
FNDA:4,(anonymous_7)
FNDA:2,(anonymous_8)
FNDA:0,(anonymous_9)
FNDA:3,(anonymous_10)
FNDA:2,(anonymous_11)
FNDA:2,(anonymous_12)
FNDA:0,(anonymous_13)
FNDA:4,(anonymous_14)
DA:1,2
DA:2,2
DA:3,2
DA:4,2
DA:5,2
DA:6,2
DA:14,2
DA:15,26
DA:18,26
DA:19,26
DA:20,26
DA:28,5
DA:32,5
DA:33,2
DA:37,3
DA:40,3
DA:41,3
DA:44,3
DA:58,3
DA:59,3
DA:70,2
DA:74,2
DA:75,1
DA:78,1
DA:79,1
DA:80,1
DA:83,1
DA:86,1
DA:87,10
DA:98,1
DA:99,1
DA:107,7
DA:108,1
DA:118,6
DA:125,6
DA:126,1
DA:136,5
DA:137,5
DA:138,1
DA:139,1
DA:149,4
DA:150,1
DA:159,3
DA:160,0
DA:171,3
DA:173,1
DA:178,1
DA:189,2
DA:190,2
DA:191,1
DA:202,1
DA:212,1
DA:229,4
DA:233,4
DA:234,1
DA:237,3
DA:238,2
DA:241,1
DA:250,1
DA:251,1
DA:258,2
DA:266,2
DA:267,1
DA:270,1
DA:277,0
DA:285,0
DA:286,0
DA:289,0
DA:303,3
DA:305,3
DA:306,3
DA:307,3
DA:309,3
DA:323,3
DA:334,3
DA:347,2
DA:349,2
DA:358,2
DA:372,0
DA:385,4
DA:389,4
DA:390,1
DA:393,3
DA:394,2
DA:397,1
DA:405,1
LF:86
LH:80
BRDA:32,0,0,2
BRDA:32,0,1,3
BRDA:40,1,0,3
BRDA:40,1,1,2
BRDA:41,2,0,2
BRDA:41,2,1,1
BRDA:50,3,0,3
BRDA:50,3,1,2
BRDA:74,4,0,1
BRDA:74,4,1,1
BRDA:78,5,0,1
BRDA:78,5,1,1
BRDA:79,6,0,1
BRDA:79,6,1,1
BRDA:80,7,0,1
BRDA:80,7,1,0
BRDA:107,8,0,1
BRDA:107,8,1,6
BRDA:125,9,0,1
BRDA:125,9,1,5
BRDA:137,10,0,1
BRDA:137,10,1,4
BRDA:149,11,0,1
BRDA:149,11,1,3
BRDA:154,12,0,1
BRDA:154,12,1,0
BRDA:159,13,0,0
BRDA:159,13,1,3
BRDA:171,14,0,1
BRDA:171,14,1,2
BRDA:171,15,0,3
BRDA:171,15,1,2
BRDA:183,16,0,1
BRDA:183,16,1,0
BRDA:190,17,0,1
BRDA:190,17,1,1
BRDA:233,18,0,1
BRDA:233,18,1,3
BRDA:237,19,0,2
BRDA:237,19,1,1
BRDA:266,20,0,1
BRDA:266,20,1,1
BRDA:285,21,0,0
BRDA:285,21,1,0
BRDA:303,22,0,2
BRDA:303,23,0,2
BRDA:303,24,0,2
BRDA:303,25,0,2
BRDA:306,26,0,1
BRDA:306,26,1,2
BRDA:307,27,0,1
BRDA:307,27,1,2
BRDA:330,28,0,2
BRDA:330,28,1,2
BRDA:347,29,0,1
BRDA:347,29,1,1
BRDA:389,30,0,1
BRDA:389,30,1,3
BRDA:393,31,0,2
BRDA:393,31,1,1
BRDA:18,32,0,2
BRDA:18,32,1,0
BRDA:18,33,0,2
BRDA:18,33,1,2
BRDA:18,34,0,2
BRDA:18,34,1,0
BRDA:18,35,0,2
BRDA:18,35,1,2
BRDA:19,36,0,2
BRDA:19,36,1,0
BRDA:19,37,0,2
BRDA:19,37,1,2
BRF:72
BRH:63
end_of_record
TN:
SF:src\modules\license-keys\dto\generate-key.dto.ts
FN:3,(anonymous_2)
FNF:1
FNH:0
FNDA:0,(anonymous_2)
DA:1,0
DA:3,0
DA:4,0
DA:5,0
DA:6,0
DA:7,0
DA:13,0
DA:16,0
DA:22,0
DA:25,0
DA:30,0
DA:36,0
DA:42,0
DA:48,0
DA:58,0
LF:15
LH:0
BRDA:3,0,0,0
BRDA:3,0,1,0
BRF:2
BRH:0
end_of_record
TN:
SF:src\modules\license-keys\dto\query-key.dto.ts
FN:18,(anonymous_2)
FN:24,(anonymous_3)
FNF:2
FNH:0
FNDA:0,(anonymous_2)
FNDA:0,(anonymous_3)
DA:1,0
DA:2,0
DA:3,0
DA:8,0
DA:11,0
DA:15,0
DA:18,0
DA:21,0
DA:24,0
DA:27,0
DA:31,0
DA:35,0
DA:41,0
LF:13
LH:0
BRDA:15,0,0,0
BRDA:15,0,1,0
BRDA:15,1,0,0
BRDA:15,1,1,0
BRF:4
BRH:0
end_of_record
TN:
SF:src\modules\license-keys\dto\revoke-key.dto.ts
FN:3,(anonymous_2)
FNF:1
FNH:0
FNDA:0,(anonymous_2)
DA:1,0
DA:3,0
DA:4,0
DA:5,0
DA:6,0
DA:7,0
DA:8,0
DA:9,0
DA:10,0
DA:16,0
DA:19,0
DA:22,0
DA:26,0
DA:32,0
LF:14
LH:0
BRDA:3,0,0,0
BRDA:3,0,1,0
BRF:2
BRH:0
end_of_record
TN:
SF:src\modules\license-keys\dto\validate-key.dto.ts
FNF:0
FNH:0
DA:1,0
DA:6,0
DA:9,0
DA:13,0
DA:17,0
DA:21,0
DA:25,0
DA:31,0
DA:48,0
LF:9
LH:0
BRDA:25,0,0,0
BRDA:25,0,1,0
BRDA:25,1,0,0
BRDA:25,1,1,0
BRF:4
BRH:0
end_of_record
TN:
SF:src\modules\metrics\metrics.controller.ts
FN:8,(anonymous_2)
FN:13,(anonymous_3)
FNF:2
FNH:0
FNDA:0,(anonymous_2)
FNDA:0,(anonymous_3)
DA:1,0
DA:2,0
DA:3,0
DA:7,0
DA:8,0
DA:13,0
DA:14,0
DA:15,0
LF:8
LH:0
BRDA:8,0,0,0
BRDA:8,0,1,0
BRDA:8,1,0,0
BRDA:8,1,1,0
BRF:4
BRH:0
end_of_record
TN:
SF:src\modules\metrics\metrics.module.ts
FNF:0
FNH:0
DA:1,0
DA:2,0
DA:3,0
DA:10,0
LF:4
LH:0
BRF:0
BRH:0
end_of_record
TN:
SF:src\modules\metrics\metrics.service.ts
FN:16,(anonymous_2)
FN:84,(anonymous_3)
FN:104,(anonymous_4)
FN:123,(anonymous_5)
FN:143,(anonymous_6)
FN:153,(anonymous_7)
FN:160,(anonymous_8)
FNF:7
FNH:0
FNDA:0,(anonymous_2)
FNDA:0,(anonymous_3)
FNDA:0,(anonymous_4)
FNDA:0,(anonymous_5)
FNDA:0,(anonymous_6)
FNDA:0,(anonymous_7)
FNDA:0,(anonymous_8)
DA:1,0
DA:2,0
DA:5,0
DA:6,0
DA:17,0
DA:20,0
DA:23,0
DA:30,0
DA:39,0
DA:46,0
DA:55,0
DA:62,0
DA:71,0
DA:78,0
DA:85,0
DA:91,0
DA:105,0
DA:110,0
DA:111,0
DA:124,0
DA:129,0
DA:130,0
DA:144,0
DA:154,0
DA:161,0
LF:25
LH:0
BRDA:107,0,0,0
BRDA:107,0,1,0
BRDA:110,1,0,0
BRDA:110,1,1,0
BRDA:129,2,0,0
BRDA:129,2,1,0
BRF:6
BRH:0
end_of_record
TN:
SF:src\modules\payments\payments.controller.ts
FN:26,(anonymous_4)
FN:33,(anonymous_5)
FN:64,(anonymous_6)
FN:96,(anonymous_7)
FN:117,(anonymous_8)
FNF:5
FNH:0
FNDA:0,(anonymous_4)
FNDA:0,(anonymous_5)
FNDA:0,(anonymous_6)
FNDA:0,(anonymous_7)
FNDA:0,(anonymous_8)
DA:1,0
DA:11,0
DA:12,0
DA:13,0
DA:14,0
DA:15,0
DA:23,0
DA:24,0
DA:26,0
DA:33,0
DA:34,0
DA:35,0
DA:36,0
DA:39,0
DA:40,0
DA:46,0
DA:51,0
DA:52,0
DA:64,0
DA:65,0
DA:66,0
DA:67,0
DA:70,0
DA:71,0
DA:78,0
DA:83,0
DA:84,0
DA:96,0
DA:97,0
DA:98,0
DA:99,0
DA:104,0
DA:105,0
DA:117,0
DA:118,0
DA:119,0
DA:120,0
DA:126,0
DA:127,0
DA:133,0
DA:138,0
DA:139,0
LF:42
LH:0
BRDA:35,0,0,0
BRDA:35,0,1,0
BRDA:42,1,0,0
BRDA:42,1,1,0
BRDA:66,2,0,0
BRDA:66,2,1,0
BRDA:119,3,0,0
BRDA:119,3,1,0
BRDA:33,4,0,0
BRDA:33,4,1,0
BRDA:33,5,0,0
BRDA:33,5,1,0
BRDA:64,6,0,0
BRDA:64,6,1,0
BRDA:64,7,0,0
BRDA:64,7,1,0
BRDA:117,8,0,0
BRDA:117,8,1,0
BRDA:117,9,0,0
BRDA:117,9,1,0
BRDA:26,10,0,0
BRDA:26,10,1,0
BRDA:26,11,0,0
BRDA:26,11,1,0
BRF:24
BRH:0
end_of_record
TN:
SF:src\modules\payments\payments.module.ts
FNF:0
FNH:0
DA:1,0
DA:2,0
DA:3,0
DA:4,0
DA:5,0
DA:6,0
DA:7,0
DA:8,0
DA:20,0
LF:9
LH:0
BRF:0
BRH:0
end_of_record
TN:
SF:src\modules\payments\payments.service.ts
FN:16,(anonymous_2)
FN:25,(anonymous_3)
FN:100,(anonymous_4)
FN:126,(anonymous_5)
FN:199,(anonymous_6)
FN:306,(anonymous_7)
FN:372,(anonymous_8)
FN:440,(anonymous_9)
FNF:8
FNH:8
FNDA:23,(anonymous_2)
FNDA:8,(anonymous_3)
FNDA:2,(anonymous_4)
FNDA:6,(anonymous_5)
FNDA:3,(anonymous_6)
FNDA:2,(anonymous_7)
FNDA:2,(anonymous_8)
FNDA:2,(anonymous_9)
DA:1,1
DA:2,1
DA:3,1
DA:4,1
DA:5,1
DA:13,1
DA:14,23
DA:17,23
DA:18,23
DA:19,23
DA:32,8
DA:36,8
DA:37,2
DA:40,6
DA:41,2
DA:45,4
DA:48,4
DA:49,4
DA:50,4
DA:53,4
DA:62,4
DA:63,2
DA:64,1
DA:67,1
DA:79,2
DA:91,3
DA:101,2
DA:104,2
DA:114,2
DA:127,6
DA:135,6
DA:136,1
DA:139,5
DA:140,1
DA:143,4
DA:144,1
DA:147,3
DA:148,0
DA:152,3
DA:159,3
DA:160,3
DA:173,3
DA:174,2
DA:183,2
DA:187,3
DA:192,3
DA:193,3
DA:205,3
DA:207,3
DA:208,0
DA:209,0
DA:213,3
DA:219,3
DA:220,1
DA:221,1
DA:225,2
DA:229,2
DA:230,0
DA:231,0
DA:235,2
DA:236,2
DA:237,1
DA:244,1
DA:245,0
DA:247,0
DA:251,1
DA:262,1
DA:266,2
DA:267,2
DA:286,2
DA:296,2
DA:300,2
DA:311,2
DA:313,2
DA:314,0
DA:318,2
DA:328,2
DA:329,1
DA:330,1
DA:334,1
DA:335,1
DA:336,1
DA:340,1
DA:345,1
DA:349,1
DA:355,1
DA:356,1
DA:366,1
DA:373,2
DA:375,2
DA:376,0
DA:380,2
DA:389,2
DA:390,0
DA:391,0
DA:395,2
DA:396,2
DA:405,2
DA:409,2
DA:413,2
DA:414,1
DA:415,1
DA:429,2
DA:434,2
DA:441,2
DA:444,2
DA:453,2
DA:454,1
DA:455,1
DA:459,1
DA:460,1
DA:469,1
DA:472,1
LF:113
LH:102
BRDA:36,0,0,2
BRDA:36,0,1,6
BRDA:40,1,0,2
BRDA:40,1,1,4
BRDA:62,2,0,2
BRDA:62,2,1,2
BRDA:63,3,0,1
BRDA:63,3,1,1
BRDA:118,4,0,2
BRDA:118,4,1,1
BRDA:119,5,0,2
BRDA:119,5,1,1
BRDA:135,6,0,1
BRDA:135,6,1,5
BRDA:139,7,0,1
BRDA:139,7,1,4
BRDA:143,8,0,1
BRDA:143,8,1,3
BRDA:147,9,0,0
BRDA:147,9,1,3
BRDA:159,10,0,3
BRDA:159,10,1,2
BRDA:166,11,0,3
BRDA:166,11,1,2
BRDA:173,12,0,2
BRDA:173,12,1,1
BRDA:207,13,0,0
BRDA:207,13,1,3
BRDA:207,14,0,3
BRDA:207,14,1,3
BRDA:219,15,0,1
BRDA:219,15,1,2
BRDA:229,16,0,0
BRDA:229,16,1,2
BRDA:236,17,0,1
BRDA:236,17,1,1
BRDA:244,18,0,0
BRDA:244,18,1,1
BRDA:256,19,0,1
BRDA:256,19,1,0
BRDA:266,20,0,2
BRDA:266,20,1,0
BRDA:275,21,0,2
BRDA:275,21,1,0
BRDA:277,22,0,1
BRDA:277,22,1,1
BRDA:291,23,0,2
BRDA:291,23,1,0
BRDA:313,24,0,0
BRDA:313,24,1,2
BRDA:328,25,0,1
BRDA:328,25,1,1
BRDA:334,26,0,1
BRDA:334,26,1,0
BRDA:334,27,0,1
BRDA:334,27,1,1
BRDA:335,28,0,1
BRDA:335,28,1,0
BRDA:355,29,0,1
BRDA:355,29,1,0
BRDA:361,30,0,1
BRDA:361,30,1,0
BRDA:375,31,0,0
BRDA:375,31,1,2
BRDA:389,32,0,0
BRDA:389,32,1,2
BRDA:395,33,0,2
BRDA:395,33,1,0
BRDA:413,34,0,1
BRDA:413,34,1,1
BRDA:414,35,0,1
BRDA:414,35,1,0
BRDA:419,36,0,1
BRDA:419,36,1,0
BRDA:420,37,0,1
BRDA:420,37,1,0
BRDA:453,38,0,1
BRDA:453,38,1,1
BRDA:459,39,0,1
BRDA:459,39,1,0
BRDA:17,40,0,1
BRDA:17,40,1,0
BRDA:17,41,0,1
BRDA:17,41,1,1
BRDA:17,42,0,1
BRDA:17,42,1,0
BRDA:17,43,0,1
BRDA:17,43,1,1
BRDA:18,44,0,1
BRDA:18,44,1,0
BRDA:18,45,0,1
BRDA:18,45,1,1
BRF:92
BRH:69
end_of_record
TN:
SF:src\modules\payments\stripe.service.ts
FN:16,(anonymous_3)
FN:34,(anonymous_4)
FN:83,(anonymous_5)
FN:105,(anonymous_6)
FN:156,(anonymous_7)
FN:169,(anonymous_8)
FN:194,(anonymous_9)
FN:208,(anonymous_10)
FN:231,(anonymous_11)
FNF:9
FNH:0
FNDA:0,(anonymous_3)
FNDA:0,(anonymous_4)
FNDA:0,(anonymous_5)
FNDA:0,(anonymous_6)
FNDA:0,(anonymous_7)
FNDA:0,(anonymous_8)
FNDA:0,(anonymous_9)
FNDA:0,(anonymous_10)
FNDA:0,(anonymous_11)
DA:1,1
DA:2,1
DA:3,1
DA:10,1
DA:11,0
DA:16,0
DA:17,0
DA:18,0
DA:19,0
DA:22,0
DA:27,0
DA:28,0
DA:44,0
DA:45,0
DA:72,0
DA:73,0
DA:75,0
DA:76,0
DA:94,0
DA:98,0
DA:104,0
DA:106,0
DA:110,0
DA:111,0
DA:114,0
DA:127,0
DA:145,0
DA:146,0
DA:148,0
DA:149,0
DA:157,0
DA:158,0
DA:159,0
DA:161,0
DA:162,0
DA:174,0
DA:175,0
DA:183,0
DA:184,0
DA:186,0
DA:187,0
DA:195,0
DA:196,0
DA:197,0
DA:198,0
DA:200,0
DA:201,0
DA:209,0
DA:210,0
DA:211,0
DA:214,0
DA:220,0
DA:221,0
DA:223,0
DA:224,0
DA:232,0
LF:56
LH:4
BRDA:18,0,0,0
BRDA:18,0,1,0
BRDA:66,1,0,0
BRDA:66,1,1,0
BRDA:106,2,0,0
BRDA:106,2,1,0
BRDA:110,3,0,0
BRDA:110,3,1,0
BRDA:139,4,0,0
BRDA:139,4,1,0
BRDA:177,5,0,0
BRDA:177,5,1,0
BRDA:180,6,0,0
BRDA:180,6,1,0
BRDA:210,7,0,0
BRDA:210,7,1,0
BRDA:16,8,0,1
BRDA:16,8,1,0
BRDA:16,9,0,1
BRDA:16,9,1,1
BRF:20
BRH:3
end_of_record
TN:
SF:src\modules\payments\webhooks.controller.ts
FN:14,(anonymous_4)
FN:24,(anonymous_5)
FNF:2
FNH:0
FNDA:0,(anonymous_4)
FNDA:0,(anonymous_5)
DA:1,0
DA:2,0
DA:3,0
DA:4,0
DA:11,0
DA:12,0
DA:15,0
DA:16,0
DA:24,0
DA:28,0
DA:30,0
DA:35,0
DA:38,0
DA:40,0
DA:41,0
DA:44,0
DA:45,0
DA:48,0
DA:52,0
DA:55,0
DA:56,0
DA:59,0
DA:60,0
DA:63,0
DA:66,0
DA:68,0
DA:70,0
LF:27
LH:0
BRDA:38,0,0,0
BRDA:38,0,1,0
BRDA:38,0,2,0
BRDA:38,0,3,0
BRDA:38,0,4,0
BRDA:38,0,5,0
BRDA:25,1,0,0
BRDA:25,1,1,0
BRDA:25,2,0,0
BRDA:25,2,1,0
BRDA:15,3,0,0
BRDA:15,3,1,0
BRDA:15,4,0,0
BRDA:15,4,1,0
BRDA:15,5,0,0
BRDA:15,5,1,0
BRDA:15,6,0,0
BRDA:15,6,1,0
BRF:18
BRH:0
end_of_record
TN:
SF:src\modules\payments\dto\create-checkout.dto.ts
FNF:0
FNH:0
DA:1,0
DA:8,0
DA:11,0
DA:15,0
DA:19,0
DA:23,0
DA:27,0
DA:31,0
LF:8
LH:0
BRF:0
BRH:0
end_of_record
TN:
SF:src\modules\payments\dto\create-refund.dto.ts
FNF:0
FNH:0
DA:1,0
DA:6,0
DA:9,0
DA:13,0
DA:17,0
LF:5
LH:0
BRF:0
BRH:0
end_of_record
TN:
SF:src\modules\payments\dto\create-subscription.dto.ts
FNF:0
FNH:0
DA:1,0
DA:8,0
DA:11,0
DA:15,0
DA:19,0
DA:23,0
DA:27,0
DA:31,0
LF:8
LH:0
BRF:0
BRH:0
end_of_record
TN:
SF:src\modules\payments\dto\webhook.dto.ts
FNF:0
FNH:0
DA:1,0
DA:6,0
DA:9,0
DA:13,0
LF:4
LH:0
BRF:0
BRH:0
end_of_record
TN:
SF:src\modules\redis\redis.module.ts
FNF:0
FNH:0
DA:5,0
DA:6,0
DA:13,0
LF:3
LH:0
BRF:0
BRH:0
end_of_record
TN:
SF:src\modules\redis\redis.service.ts
FN:13,(anonymous_3)
FN:21,(anonymous_4)
FN:28,(anonymous_5)
FN:32,(anonymous_6)
FN:36,(anonymous_7)
FN:41,(anonymous_8)
FN:51,(anonymous_9)
FN:59,(anonymous_10)
FN:71,(anonymous_11)
FN:84,(anonymous_12)
FN:91,(anonymous_13)
FN:101,(anonymous_14)
FN:109,(anonymous_15)
FN:120,(anonymous_16)
FNF:14
FNH:0
FNDA:0,(anonymous_3)
FNDA:0,(anonymous_4)
FNDA:0,(anonymous_5)
FNDA:0,(anonymous_6)
FNDA:0,(anonymous_7)
FNDA:0,(anonymous_8)
FNDA:0,(anonymous_9)
FNDA:0,(anonymous_10)
FNDA:0,(anonymous_11)
FNDA:0,(anonymous_12)
FNDA:0,(anonymous_13)
FNDA:0,(anonymous_14)
FNDA:0,(anonymous_15)
FNDA:0,(anonymous_16)
DA:6,1
DA:7,1
DA:10,1
DA:11,0
DA:14,0
DA:22,0
DA:23,0
DA:28,0
DA:29,0
DA:32,0
DA:33,0
DA:36,0
DA:37,0
DA:42,0
DA:43,0
DA:44,0
DA:46,0
DA:47,0
DA:52,0
DA:53,0
DA:60,0
DA:61,0
DA:62,0
DA:64,0
DA:72,0
DA:73,0
DA:74,0
DA:75,0
DA:77,0
DA:85,0
DA:92,0
DA:93,0
DA:94,0
DA:102,0
DA:103,0
DA:110,0
DA:111,0
DA:112,0
DA:114,0
DA:121,0
DA:122,0
DA:123,0
DA:124,0
DA:125,0
DA:130,0
LF:45
LH:3
BRDA:15,0,0,0
BRDA:15,0,1,0
BRDA:16,1,0,0
BRDA:16,1,1,0
BRDA:17,2,0,0
BRDA:17,2,1,0
BRDA:61,3,0,0
BRDA:61,3,1,0
BRDA:73,4,0,0
BRDA:73,4,1,0
BRDA:93,5,0,0
BRDA:93,5,1,0
BRDA:111,6,0,0
BRDA:111,6,1,0
BRDA:111,7,0,0
BRDA:111,7,1,0
BRF:16
BRH:0
end_of_record
TN:
SF:src\modules\security\audit-log.service.ts
FN:14,(anonymous_2)
FN:21,(anonymous_3)
FN:36,(anonymous_4)
FN:53,(anonymous_5)
FN:69,(anonymous_6)
FN:92,(anonymous_7)
FN:109,(anonymous_8)
FN:125,(anonymous_9)
FN:142,(anonymous_10)
FN:162,(anonymous_11)
FN:193,(anonymous_12)
FN:216,(anonymous_13)
FN:224,(anonymous_14)
FN:225,(anonymous_15)
FN:234,(anonymous_16)
FN:256,(anonymous_17)
FN:257,(anonymous_18)
FN:265,(anonymous_19)
FNF:18
FNH:0
FNDA:0,(anonymous_2)
FNDA:0,(anonymous_3)
FNDA:0,(anonymous_4)
FNDA:0,(anonymous_5)
FNDA:0,(anonymous_6)
FNDA:0,(anonymous_7)
FNDA:0,(anonymous_8)
FNDA:0,(anonymous_9)
FNDA:0,(anonymous_10)
FNDA:0,(anonymous_11)
FNDA:0,(anonymous_12)
FNDA:0,(anonymous_13)
FNDA:0,(anonymous_14)
FNDA:0,(anonymous_15)
FNDA:0,(anonymous_16)
FNDA:0,(anonymous_17)
FNDA:0,(anonymous_18)
FNDA:0,(anonymous_19)
DA:1,0
DA:2,0
DA:3,0
DA:7,0
DA:8,0
DA:9,0
DA:10,0
DA:11,0
DA:12,0
DA:14,0
DA:15,0
DA:22,0
DA:23,0
DA:25,0
DA:26,0
DA:29,0
DA:37,0
DA:54,0
DA:75,0
DA:93,0
DA:110,0
DA:126,0
DA:147,0
DA:171,0
DA:173,0
DA:174,0
DA:175,0
DA:176,0
DA:177,0
DA:178,0
DA:179,0
DA:180,0
DA:183,0
DA:194,0
DA:203,0
DA:210,0
DA:211,0
DA:212,0
DA:216,0
DA:217,0
DA:218,0
DA:220,0
DA:223,0
DA:224,0
DA:225,0
DA:228,0
DA:235,0
DA:237,0
DA:239,0
DA:240,0
DA:245,0
DA:247,0
DA:249,0
DA:257,0
DA:258,0
DA:266,0
DA:267,0
DA:270,0
LF:58
LH:0
BRDA:25,0,0,0
BRDA:25,0,1,0
BRDA:77,1,0,0
BRDA:77,1,1,0
BRDA:152,2,0,0
BRDA:152,2,1,0
BRDA:173,3,0,0
BRDA:173,3,1,0
BRDA:174,4,0,0
BRDA:174,4,1,0
BRDA:175,5,0,0
BRDA:175,5,1,0
BRDA:176,6,0,0
BRDA:176,6,1,0
BRDA:177,7,0,0
BRDA:177,7,1,0
BRDA:177,8,0,0
BRDA:177,8,1,0
BRDA:179,9,0,0
BRDA:179,9,1,0
BRDA:180,10,0,0
BRDA:180,10,1,0
BRDA:186,11,0,0
BRDA:186,11,1,0
BRDA:211,12,0,0
BRDA:211,12,1,0
BRDA:212,13,0,0
BRDA:212,13,1,0
BRDA:217,14,0,0
BRDA:217,14,1,0
BRDA:218,15,0,0
BRDA:218,15,1,0
BRDA:235,16,0,0
BRDA:235,16,1,0
BRDA:266,17,0,0
BRDA:266,17,1,0
BRDA:14,18,0,0
BRDA:14,18,1,0
BRDA:14,19,0,0
BRDA:14,19,1,0
BRF:40
BRH:0
end_of_record
TN:
SF:src\modules\security\fraud-detection.service.ts
FN:57,(anonymous_2)
FN:65,(anonymous_3)
FN:109,(anonymous_4)
FN:136,(anonymous_5)
FN:157,(anonymous_6)
FN:177,(anonymous_7)
FN:205,(anonymous_8)
FN:226,(anonymous_9)
FN:247,(anonymous_10)
FN:257,(anonymous_11)
FN:263,(anonymous_12)
FN:287,(anonymous_13)
FNF:12
FNH:0
FNDA:0,(anonymous_2)
FNDA:0,(anonymous_3)
FNDA:0,(anonymous_4)
FNDA:0,(anonymous_5)
FNDA:0,(anonymous_6)
FNDA:0,(anonymous_7)
FNDA:0,(anonymous_8)
FNDA:0,(anonymous_9)
FNDA:0,(anonymous_10)
FNDA:0,(anonymous_11)
FNDA:0,(anonymous_12)
FNDA:0,(anonymous_13)
DA:1,0
DA:2,0
DA:3,0
DA:22,0
DA:23,0
DA:24,0
DA:58,0
DA:59,0
DA:66,0
DA:67,0
DA:69,0
DA:70,0
DA:71,0
DA:73,0
DA:74,0
DA:75,0
DA:78,0
DA:83,0
DA:84,0
DA:86,0
DA:94,0
DA:95,0
DA:103,0
DA:110,0
DA:111,0
DA:114,0
DA:125,0
DA:126,0
DA:127,0
DA:130,0
DA:137,0
DA:138,0
DA:141,0
DA:151,0
DA:158,0
DA:159,0
DA:162,0
DA:171,0
DA:178,0
DA:179,0
DA:182,0
DA:193,0
DA:194,0
DA:199,0
DA:206,0
DA:207,0
DA:211,0
DA:220,0
DA:227,0
DA:228,0
DA:231,0
DA:235,0
DA:236,0
DA:241,0
DA:248,0
DA:257,0
DA:264,0
DA:276,0
DA:288,0
DA:290,0
DA:291,0
DA:294,0
DA:295,0
DA:298,0
LF:64
LH:0
BRDA:73,0,0,0
BRDA:73,0,1,0
BRDA:94,1,0,0
BRDA:94,1,1,0
BRDA:96,2,0,0
BRDA:96,2,1,0
BRDA:110,3,0,0
BRDA:110,3,1,0
BRDA:110,4,0,0
BRDA:110,4,1,0
BRDA:125,5,0,0
BRDA:125,5,1,0
BRDA:137,6,0,0
BRDA:137,6,1,0
BRDA:158,7,0,0
BRDA:158,7,1,0
BRDA:178,8,0,0
BRDA:178,8,1,0
BRDA:193,9,0,0
BRDA:193,9,1,0
BRDA:206,10,0,0
BRDA:206,10,1,0
BRDA:227,11,0,0
BRDA:227,11,1,0
BRDA:235,12,0,0
BRDA:235,12,1,0
BRDA:235,13,0,0
BRDA:235,13,1,0
BRDA:288,14,0,0
BRDA:288,14,1,0
BRDA:290,15,0,0
BRDA:290,15,1,0
BRDA:290,16,0,0
BRDA:290,16,1,0
BRDA:294,17,0,0
BRDA:294,17,1,0
BRDA:294,18,0,0
BRDA:294,18,1,0
BRDA:58,19,0,0
BRDA:58,19,1,0
BRDA:58,20,0,0
BRDA:58,20,1,0
BRDA:58,21,0,0
BRDA:58,21,1,0
BRDA:58,22,0,0
BRDA:58,22,1,0
BRF:46
BRH:0
end_of_record
TN:
SF:src\modules\security\ip-reputation.service.ts
FN:14,(anonymous_2)
FN:26,(anonymous_3)
FN:57,(anonymous_4)
FN:72,(anonymous_5)
FN:85,(anonymous_6)
FN:94,(anonymous_7)
FN:103,(anonymous_8)
FN:112,(anonymous_9)
FN:121,(anonymous_10)
FN:137,(anonymous_11)
FN:145,(anonymous_12)
FN:188,(anonymous_13)
FN:204,(anonymous_14)
FN:217,(anonymous_15)
FNF:14
FNH:0
FNDA:0,(anonymous_2)
FNDA:0,(anonymous_3)
FNDA:0,(anonymous_4)
FNDA:0,(anonymous_5)
FNDA:0,(anonymous_6)
FNDA:0,(anonymous_7)
FNDA:0,(anonymous_8)
FNDA:0,(anonymous_9)
FNDA:0,(anonymous_10)
FNDA:0,(anonymous_11)
FNDA:0,(anonymous_12)
FNDA:0,(anonymous_13)
FNDA:0,(anonymous_14)
FNDA:0,(anonymous_15)
DA:1,0
DA:2,0
DA:3,0
DA:4,0
DA:8,0
DA:9,0
DA:10,0
DA:15,0
DA:16,0
DA:17,0
DA:19,0
DA:20,0
DA:27,0
DA:29,0
DA:30,0
DA:31,0
DA:32,0
DA:36,0
DA:37,0
DA:41,0
DA:44,0
DA:46,0
DA:48,0
DA:50,0
DA:58,0
DA:61,0
DA:62,0
DA:63,0
DA:66,0
DA:73,0
DA:74,0
DA:76,0
DA:78,0
DA:79,0
DA:86,0
DA:87,0
DA:88,0
DA:95,0
DA:96,0
DA:97,0
DA:104,0
DA:105,0
DA:106,0
DA:113,0
DA:114,0
DA:115,0
DA:122,0
DA:123,0
DA:125,0
DA:127,0
DA:128,0
DA:130,0
DA:138,0
DA:139,0
DA:146,0
DA:147,0
DA:151,0
DA:157,0
DA:158,0
DA:160,0
DA:161,0
DA:164,0
DA:166,0
DA:167,0
DA:168,0
DA:169,0
DA:171,0
DA:180,0
DA:181,0
DA:190,0
DA:191,0
DA:194,0
DA:196,0
DA:205,0
DA:219,0
LF:75
LH:0
BRDA:19,0,0,0
BRDA:19,0,1,0
BRDA:30,1,0,0
BRDA:30,1,1,0
BRDA:36,2,0,0
BRDA:36,2,1,0
BRDA:36,3,0,0
BRDA:36,3,1,0
BRDA:61,4,0,0
BRDA:61,4,1,0
BRDA:74,5,0,0
BRDA:74,5,1,0
BRDA:125,6,0,0
BRDA:125,6,1,0
BRDA:160,7,0,0
BRDA:160,7,1,0
BRDA:166,8,0,0
BRDA:166,8,1,0
BRDA:167,9,0,0
BRDA:167,9,1,0
BRDA:169,10,0,0
BRDA:169,10,1,0
BRDA:177,11,0,0
BRDA:177,11,1,0
BRDA:220,12,0,0
BRDA:220,12,1,0
BRDA:220,12,2,0
BRDA:220,12,3,0
BRDA:220,12,4,0
BRDA:220,12,5,0
BRDA:15,13,0,0
BRDA:15,13,1,0
BRDA:15,14,0,0
BRDA:15,14,1,0
BRDA:15,15,0,0
BRDA:15,15,1,0
BRDA:15,16,0,0
BRDA:15,16,1,0
BRDA:16,17,0,0
BRDA:16,17,1,0
BRDA:16,18,0,0
BRDA:16,18,1,0
BRF:42
BRH:0
end_of_record
TN:
SF:src\modules\security\rate-limit.service.ts
FN:24,(anonymous_2)
FN:32,(anonymous_3)
FN:116,(anonymous_4)
FN:129,(anonymous_5)
FN:142,(anonymous_6)
FN:155,(anonymous_7)
FN:165,(anonymous_8)
FN:185,(anonymous_9)
FN:194,(anonymous_10)
FN:203,(anonymous_11)
FN:211,(anonymous_12)
FN:226,(anonymous_13)
FN:242,(anonymous_14)
FNF:13
FNH:0
FNDA:0,(anonymous_2)
FNDA:0,(anonymous_3)
FNDA:0,(anonymous_4)
FNDA:0,(anonymous_5)
FNDA:0,(anonymous_6)
FNDA:0,(anonymous_7)
FNDA:0,(anonymous_8)
FNDA:0,(anonymous_9)
FNDA:0,(anonymous_10)
FNDA:0,(anonymous_11)
FNDA:0,(anonymous_12)
FNDA:0,(anonymous_13)
FNDA:0,(anonymous_14)
DA:1,0
DA:2,0
DA:3,0
DA:12,0
DA:13,0
DA:16,0
DA:25,0
DA:26,0
DA:37,0
DA:38,0
DA:39,0
DA:41,0
DA:42,0
DA:44,0
DA:48,0
DA:50,0
DA:51,0
DA:53,0
DA:54,0
DA:56,0
DA:65,0
DA:66,0
DA:67,0
DA:68,0
DA:70,0
DA:72,0
DA:73,0
DA:75,0
DA:84,0
DA:92,0
DA:93,0
DA:100,0
DA:102,0
DA:104,0
DA:120,0
DA:121,0
DA:123,0
DA:133,0
DA:134,0
DA:136,0
DA:143,0
DA:147,0
DA:149,0
DA:156,0
DA:157,0
DA:159,0
DA:166,0
DA:167,0
DA:169,0
DA:170,0
DA:176,0
DA:186,0
DA:187,0
DA:188,0
DA:195,0
DA:196,0
DA:197,0
DA:204,0
DA:205,0
DA:217,0
DA:227,0
DA:229,0
DA:230,0
DA:233,0
DA:243,0
DA:247,0
LF:66
LH:0
BRDA:48,0,0,0
BRDA:48,0,1,0
BRDA:70,1,0,0
BRDA:70,1,1,0
BRDA:92,2,0,0
BRDA:92,2,1,0
BRDA:118,3,0,0
BRDA:120,4,0,0
BRDA:120,4,1,0
BRDA:131,5,0,0
BRDA:133,6,0,0
BRDA:133,6,1,0
BRDA:144,7,0,0
BRDA:144,7,1,0
BRDA:169,8,0,0
BRDA:169,8,1,0
BRDA:194,9,0,0
BRDA:229,10,0,0
BRDA:229,10,1,0
BRDA:229,11,0,0
BRDA:229,11,1,0
BRDA:234,12,0,0
BRDA:234,12,1,0
BRDA:235,13,0,0
BRDA:235,13,1,0
BRDA:25,14,0,0
BRDA:25,14,1,0
BRDA:25,15,0,0
BRDA:25,15,1,0
BRDA:25,16,0,0
BRDA:25,16,1,0
BRDA:25,17,0,0
BRDA:25,17,1,0
BRF:33
BRH:0
end_of_record
TN:
SF:src\modules\security\security.controller.ts
FN:28,(anonymous_4)
FN:38,(anonymous_5)
FN:63,(anonymous_6)
FN:78,(anonymous_7)
FN:86,(anonymous_8)
FN:96,(anonymous_9)
FN:104,(anonymous_10)
FN:112,(anonymous_11)
FN:119,(anonymous_12)
FNF:9
FNH:0
FNDA:0,(anonymous_4)
FNDA:0,(anonymous_5)
FNDA:0,(anonymous_6)
FNDA:0,(anonymous_7)
FNDA:0,(anonymous_8)
FNDA:0,(anonymous_9)
FNDA:0,(anonymous_10)
FNDA:0,(anonymous_11)
FNDA:0,(anonymous_12)
DA:1,0
DA:13,0
DA:14,0
DA:15,0
DA:16,0
DA:17,0
DA:18,0
DA:19,0
DA:20,0
DA:21,0
DA:27,0
DA:29,0
DA:30,0
DA:31,0
DA:32,0
DA:38,0
DA:47,0
DA:49,0
DA:50,0
DA:51,0
DA:52,0
DA:53,0
DA:54,0
DA:55,0
DA:57,0
DA:63,0
DA:67,0
DA:72,0
DA:78,0
DA:79,0
DA:86,0
DA:89,0
DA:96,0
DA:97,0
DA:104,0
DA:105,0
DA:112,0
DA:113,0
DA:119,0
DA:120,0
LF:40
LH:0
BRDA:49,0,0,0
BRDA:49,0,1,0
BRDA:50,1,0,0
BRDA:50,1,1,0
BRDA:51,2,0,0
BRDA:51,2,1,0
BRDA:52,3,0,0
BRDA:52,3,1,0
BRDA:53,4,0,0
BRDA:53,4,1,0
BRDA:54,5,0,0
BRDA:54,5,1,0
BRDA:55,6,0,0
BRDA:55,6,1,0
BRDA:68,7,0,0
BRDA:68,7,1,0
BRDA:69,8,0,0
BRDA:69,8,1,0
BRDA:29,9,0,0
BRDA:29,9,1,0
BRDA:29,10,0,0
BRDA:29,10,1,0
BRDA:29,11,0,0
BRDA:29,11,1,0
BRDA:29,12,0,0
BRDA:29,12,1,0
BRDA:30,13,0,0
BRDA:30,13,1,0
BRDA:30,14,0,0
BRDA:30,14,1,0
BRDA:31,15,0,0
BRDA:31,15,1,0
BRDA:31,16,0,0
BRDA:31,16,1,0
BRF:34
BRH:0
end_of_record
TN:
SF:src\modules\security\security.module.ts
FNF:0
FNH:0
DA:1,0
DA:2,0
DA:3,0
DA:4,0
DA:5,0
DA:6,0
DA:7,0
DA:8,0
DA:26,0
LF:9
LH:0
BRF:0
BRH:0
end_of_record
TN:
SF:src\modules\users\users.controller.ts
FN:34,(anonymous_4)
FN:40,(anonymous_5)
FN:49,(anonymous_6)
FN:59,(anonymous_7)
FN:77,(anonymous_8)
FN:88,(anonymous_9)
FN:96,(anonymous_10)
FN:111,(anonymous_11)
FN:126,(anonymous_12)
FN:134,(anonymous_13)
FNF:10
FNH:0
FNDA:0,(anonymous_4)
FNDA:0,(anonymous_5)
FNDA:0,(anonymous_6)
FNDA:0,(anonymous_7)
FNDA:0,(anonymous_8)
FNDA:0,(anonymous_9)
FNDA:0,(anonymous_10)
FNDA:0,(anonymous_11)
FNDA:0,(anonymous_12)
FNDA:0,(anonymous_13)
DA:1,0
DA:13,0
DA:14,0
DA:15,0
DA:16,0
DA:33,0
DA:34,0
DA:40,0
DA:41,0
DA:49,0
DA:50,0
DA:59,0
DA:64,0
DA:65,0
DA:67,0
DA:77,0
DA:81,0
DA:88,0
DA:89,0
DA:96,0
DA:101,0
DA:102,0
DA:104,0
DA:111,0
DA:116,0
DA:117,0
DA:119,0
DA:126,0
DA:127,0
DA:134,0
DA:135,0
LF:31
LH:0
BRDA:64,0,0,0
BRDA:64,0,1,0
BRDA:65,1,0,0
BRDA:65,1,1,0
BRDA:101,2,0,0
BRDA:101,2,1,0
BRDA:102,3,0,0
BRDA:102,3,1,0
BRDA:116,4,0,0
BRDA:116,4,1,0
BRDA:117,5,0,0
BRDA:117,5,1,0
BRDA:34,6,0,0
BRDA:34,6,1,0
BRDA:34,7,0,0
BRDA:34,7,1,0
BRF:16
BRH:0
end_of_record
TN:
SF:src\modules\users\users.module.ts
FNF:0
FNH:0
DA:1,0
DA:2,0
DA:3,0
DA:4,0
DA:16,0
LF:5
LH:0
BRF:0
BRH:0
end_of_record
TN:
SF:src\modules\users\users.service.ts
FN:12,(anonymous_2)
FN:17,(anonymous_3)
FN:40,(anonymous_4)
FN:67,(anonymous_5)
FN:76,(anonymous_6)
FN:109,(anonymous_7)
FN:133,(anonymous_8)
FN:160,(anonymous_9)
FN:162,(anonymous_10)
FN:163,(anonymous_11)
FN:169,(anonymous_12)
FN:176,(anonymous_13)
FN:205,(anonymous_14)
FN:243,(anonymous_15)
FN:267,(anonymous_16)
FNF:15
FNH:0
FNDA:0,(anonymous_2)
FNDA:0,(anonymous_3)
FNDA:0,(anonymous_4)
FNDA:0,(anonymous_5)
FNDA:0,(anonymous_6)
FNDA:0,(anonymous_7)
FNDA:0,(anonymous_8)
FNDA:0,(anonymous_9)
FNDA:0,(anonymous_10)
FNDA:0,(anonymous_11)
FNDA:0,(anonymous_12)
FNDA:0,(anonymous_13)
FNDA:0,(anonymous_14)
FNDA:0,(anonymous_15)
FNDA:0,(anonymous_16)
DA:1,0
DA:2,0
DA:9,0
DA:10,0
DA:12,0
DA:18,0
DA:30,0
DA:31,0
DA:34,0
DA:41,0
DA:42,0
DA:56,0
DA:57,0
DA:59,0
DA:60,0
DA:68,0
DA:77,0
DA:79,0
DA:95,0
DA:110,0
DA:111,0
DA:122,0
DA:123,0
DA:125,0
DA:126,0
DA:134,0
DA:160,0
DA:161,0
DA:162,0
DA:163,0
DA:165,0
DA:169,0
DA:177,0
DA:179,0
DA:193,0
DA:206,0
DA:208,0
DA:231,0
DA:244,0
DA:257,0
DA:258,0
DA:261,0
DA:268,0
DA:283,0
DA:284,0
DA:287,0
LF:46
LH:0
BRDA:30,0,0,0
BRDA:30,0,1,0
BRDA:76,1,0,0
BRDA:76,2,0,0
BRDA:176,3,0,0
BRDA:176,4,0,0
BRDA:205,5,0,0
BRDA:205,6,0,0
BRDA:257,7,0,0
BRDA:257,7,1,0
BRDA:283,8,0,0
BRDA:283,8,1,0
BRDA:12,9,0,0
BRDA:12,9,1,0
BRDA:12,10,0,0
BRDA:12,10,1,0
BRF:16
BRH:0
end_of_record
TN:
SF:src\modules\validation\rate-limit.service.ts
FN:13,(anonymous_2)
FN:18,(anonymous_3)
FN:89,(anonymous_4)
FN:112,(anonymous_5)
FNF:4
FNH:0
FNDA:0,(anonymous_2)
FNDA:0,(anonymous_3)
FNDA:0,(anonymous_4)
FNDA:0,(anonymous_5)
DA:1,0
DA:2,0
DA:10,0
DA:11,0
DA:13,0
DA:19,0
DA:20,0
DA:21,0
DA:23,0
DA:24,0
DA:29,0
DA:31,0
DA:32,0
DA:34,0
DA:38,0
DA:40,0
DA:48,0
DA:49,0
DA:50,0
DA:51,0
DA:52,0
DA:54,0
DA:56,0
DA:57,0
DA:62,0
DA:70,0
DA:76,0
DA:78,0
DA:90,0
DA:91,0
DA:93,0
DA:94,0
DA:100,0
DA:101,0
DA:103,0
DA:113,0
DA:114,0
LF:37
LH:0
BRDA:29,0,0,0
BRDA:29,0,1,0
BRDA:29,1,0,0
BRDA:29,1,1,0
BRDA:48,2,0,0
BRDA:48,2,1,0
BRDA:49,3,0,0
BRDA:49,3,1,0
BRDA:54,4,0,0
BRDA:54,4,1,0
BRDA:93,5,0,0
BRDA:93,5,1,0
BRDA:93,6,0,0
BRDA:93,6,1,0
BRDA:100,7,0,0
BRDA:100,7,1,0
BRDA:101,8,0,0
BRDA:101,8,1,0
BRDA:13,9,0,0
BRDA:13,9,1,0
BRDA:13,10,0,0
BRDA:13,10,1,0
BRF:22
BRH:0
end_of_record
TN:
SF:src\modules\validation\validation.controller.ts
FN:21,(anonymous_4)
FN:40,(anonymous_5)
FNF:2
FNH:0
FNDA:0,(anonymous_4)
FNDA:0,(anonymous_5)
DA:1,0
DA:11,0
DA:12,0
DA:13,0
DA:14,0
DA:15,0
DA:16,0
DA:20,0
DA:22,0
DA:23,0
DA:40,0
DA:44,0
DA:47,0
DA:52,0
DA:53,0
DA:62,0
DA:72,0
DA:73,0
DA:75,0
LF:19
LH:0
BRDA:52,0,0,0
BRDA:52,0,1,0
BRDA:66,1,0,0
BRDA:66,1,1,0
BRDA:42,2,0,0
BRDA:42,2,1,0
BRDA:42,3,0,0
BRDA:42,3,1,0
BRDA:43,4,0,0
BRDA:43,4,1,0
BRDA:43,5,0,0
BRDA:43,5,1,0
BRDA:22,6,0,0
BRDA:22,6,1,0
BRDA:22,7,0,0
BRDA:22,7,1,0
BRDA:22,8,0,0
BRDA:22,8,1,0
BRDA:22,9,0,0
BRDA:22,9,1,0
BRF:20
BRH:0
end_of_record
TN:
SF:src\modules\validation\validation.module.ts
FNF:0
FNH:0
DA:1,0
DA:2,0
DA:3,0
DA:4,0
DA:5,0
DA:6,0
DA:7,0
DA:8,0
DA:16,0
LF:9
LH:0
BRF:0
BRH:0
end_of_record
TN:
SF:src\modules\validation\validation.service.ts
FN:11,(anonymous_2)
FN:20,(anonymous_3)
FN:67,(anonymous_4)
FN:80,(anonymous_5)
FNF:4
FNH:4
FNDA:17,(anonymous_2)
FNDA:8,(anonymous_3)
FNDA:2,(anonymous_4)
FNDA:7,(anonymous_5)
DA:1,1
DA:2,1
DA:3,1
DA:4,1
DA:8,1
DA:9,17
DA:12,17
DA:13,17
DA:14,17
DA:26,8
DA:27,8
DA:29,8
DA:30,2
DA:31,2
DA:35,6
DA:38,6
DA:44,6
DA:45,5
DA:59,6
DA:61,6
DA:68,2
DA:69,2
DA:70,2
DA:73,1
DA:81,7
DA:83,7
DA:84,1
DA:90,7
DA:113,7
LF:29
LH:29
BRDA:29,0,0,2
BRDA:29,0,1,6
BRDA:44,1,0,5
BRDA:44,1,1,1
BRDA:50,2,0,5
BRDA:50,2,1,4
BRDA:83,3,0,1
BRDA:83,3,1,6
BRDA:117,4,0,6
BRDA:117,4,1,1
BRDA:12,5,0,1
BRDA:12,5,1,0
BRDA:12,6,0,1
BRDA:12,6,1,1
BRDA:12,7,0,1
BRDA:12,7,1,0
BRDA:12,8,0,1
BRDA:12,8,1,1
BRDA:13,9,0,1
BRDA:13,9,1,0
BRDA:13,10,0,1
BRDA:13,10,1,1
BRF:22
BRH:19
end_of_record
TN:
SF:src\modules\validation\dto\validate-key.dto.ts
FNF:0
FNH:0
DA:1,0
DA:2,0
DA:4,0
DA:8,0
DA:13,0
DA:22,0
DA:25,0
DA:27,0
DA:30,0
DA:33,0
DA:36,0
DA:39,0
DA:42,0
DA:45,0
DA:48,0
DA:51,0
DA:54,0
DA:57,0
DA:59,0
DA:62,0
DA:65,0
DA:68,0
LF:22
LH:0
BRDA:22,0,0,0
BRDA:22,0,1,0
BRDA:22,1,0,0
BRDA:22,1,1,0
BRDA:48,2,0,0
BRDA:48,2,1,0
BRDA:48,3,0,0
BRDA:48,3,1,0
BRDA:51,4,0,0
BRDA:51,4,1,0
BRDA:51,5,0,0
BRDA:51,5,1,0
BRDA:54,6,0,0
BRDA:54,6,1,0
BRDA:54,7,0,0
BRDA:54,7,1,0
BRDA:65,8,0,0
BRDA:65,8,1,0
BRDA:65,9,0,0
BRDA:65,9,1,0
BRF:20
BRH:0
end_of_record
